============================================================
Time  2017/12/11 10:16:05 647 
============================================================
[2017/12/11 10:16:05 647] tts        676  SYS_MSG_REGCB param0 =  msp_status_cb  param1 =  func(b8013220) 
[2017/12/11 10:16:05 648] config     42   use general cloud  
[2017/12/11 10:16:05 652] tts_cloud  1414 SYS_MSG_REGCB_CLOUD param0 =   msp_status_cb  param1 =  func(b8013220) 
[2017/12/11 10:16:05 652] tts        647  TTS_MSG_SSB  
[2017/12/11 10:16:05 652] tts        375  params =  engine_type = local,voice_name=xiaoyan, text_encoding = UTF8, tts_res_path = fo|res/tts/xiaoyan.jet;fo|res/tts/common.jet, sample_rate = 16000, speed = 50, volume = 50, pitch = 50, rdn = 2  
[2017/12/11 10:16:05 652] tts        412  ssb|use local  
[2017/12/11 10:16:05 652] tts        349  local_session_begin  
[2017/12/11 10:16:05 656] tts        654  TTS_MSG_SYN  0  
[2017/12/11 10:16:05 656] tts        451  synth|use local  
[2017/12/11 10:16:05 657] tts        657  TTS_MSG_GETAUDIO  0  
[2017/12/11 10:16:05 657] tts        485  get audio|use local  
[2017/12/11 10:16:05 657] tts        527  0  nil  1  
[2017/12/11 10:16:05 657] tts        657  TTS_MSG_GETAUDIO  0  
[2017/12/11 10:16:05 657] tts        485  get audio|use local  
[2017/12/11 10:16:05 657] tts        527  0  nil  1  
[2017/12/11 10:16:05 657] tts        657  TTS_MSG_GETAUDIO  0  
[2017/12/11 10:16:05 657] tts        485  get audio|use local  
[2017/12/11 10:16:05 657] tts        527  0  nil  1  
[2017/12/11 10:16:05 658] tts        657  TTS_MSG_GETAUDIO  0  
[2017/12/11 10:16:05 658] tts        485  get audio|use local  
[2017/12/11 10:16:05 658] tts        527  0  nil  1  
[2017/12/11 10:16:05 658] tts        657  TTS_MSG_GETAUDIO  0  
[2017/12/11 10:16:05 658] tts        485  get audio|use local  
[2017/12/11 10:16:05 658] tts        527  0  nil  1  
[2017/12/11 10:16:05 658] tts        657  TTS_MSG_GETAUDIO  0  
[2017/12/11 10:16:05 658] tts        485  get audio|use local  
[2017/12/11 10:16:05 658] tts        527  0  nil  1  
[2017/12/11 10:16:05 659] tts        657  TTS_MSG_GETAUDIO  0  
[2017/12/11 10:16:05 659] tts        485  get audio|use local  
[2017/12/11 10:16:05 659] tts        527  0  nil  1  
[2017/12/11 10:16:05 659] tts        657  TTS_MSG_GETAUDIO  0  
[2017/12/11 10:16:05 659] tts        485  get audio|use local  
[2017/12/11 10:16:05 659] tts        527  0  nil  1  
[2017/12/11 10:16:05 659] tts        657  TTS_MSG_GETAUDIO  0  
[2017/12/11 10:16:05 659] tts        485  get audio|use local  
[2017/12/11 10:16:05 659] tts        527  0  nil  1  
[2017/12/11 10:16:05 660] tts        657  TTS_MSG_GETAUDIO  0  
[2017/12/11 10:16:05 660] tts        485  get audio|use local  
[2017/12/11 10:16:05 660] tts        527  0  nil  1  
[2017/12/11 10:16:05 660] tts        657  TTS_MSG_GETAUDIO  0  
[2017/12/11 10:16:05 660] tts        485  get audio|use local  
[2017/12/11 10:16:05 660] tts        527  0  nil  1  
[2017/12/11 10:16:05 660] tts        657  TTS_MSG_GETAUDIO  0  
[2017/12/11 10:16:05 660] tts        485  get audio|use local  
[2017/12/11 10:16:05 660] tts        527  0  nil  1  
[2017/12/11 10:16:05 661] tts        657  TTS_MSG_GETAUDIO  0  
[2017/12/11 10:16:05 661] tts        485  get audio|use local  
[2017/12/11 10:16:05 661] tts        527  0  nil  1  
[2017/12/11 10:16:05 661] tts        657  TTS_MSG_GETAUDIO  0  
[2017/12/11 10:16:05 661] tts        485  get audio|use local  
[2017/12/11 10:16:05 661] tts        527  0  nil  1  
[2017/12/11 10:16:05 663] tts        657  TTS_MSG_GETAUDIO  0  
[2017/12/11 10:16:05 663] tts        485  get audio|use local  
[2017/12/11 10:16:05 663] tts        527  0  nil  1  
[2017/12/11 10:16:05 663] tts        657  TTS_MSG_GETAUDIO  0  
[2017/12/11 10:16:05 664] tts        485  get audio|use local  
[2017/12/11 10:16:05 664] tts        527  0  nil  1  
[2017/12/11 10:16:05 664] tts        657  TTS_MSG_GETAUDIO  0  
[2017/12/11 10:16:05 664] tts        485  get audio|use local  
[2017/12/11 10:16:05 664] tts        527  0  nil  1  
[2017/12/11 10:16:05 665] tts        657  TTS_MSG_GETAUDIO  0  
[2017/12/11 10:16:05 665] tts        485  get audio|use local  
[2017/12/11 10:16:05 665] tts        527  0  nil  1  
[2017/12/11 10:16:05 665] tts        657  TTS_MSG_GETAUDIO  0  
[2017/12/11 10:16:05 665] tts        485  get audio|use local  
[2017/12/11 10:16:05 665] tts        527  0  nil  1  
[2017/12/11 10:16:05 666] tts        657  TTS_MSG_GETAUDIO  0  
[2017/12/11 10:16:05 666] tts        485  get audio|use local  
[2017/12/11 10:16:05 666] tts        527  0  nil  1  
[2017/12/11 10:16:05 666] tts        657  TTS_MSG_GETAUDIO  0  
[2017/12/11 10:16:05 666] tts        485  get audio|use local  
[2017/12/11 10:16:05 666] tts        527  0  nil  1  
[2017/12/11 10:16:05 667] tts        657  TTS_MSG_GETAUDIO  0  
[2017/12/11 10:16:05 667] tts        485  get audio|use local  
[2017/12/11 10:16:05 667] tts        527  0  nil  1  
[2017/12/11 10:16:05 667] tts        657  TTS_MSG_GETAUDIO  0  
[2017/12/11 10:16:05 667] tts        485  get audio|use local  
[2017/12/11 10:16:05 667] tts        527  0  nil  1  
[2017/12/11 10:16:05 668] tts        657  TTS_MSG_GETAUDIO  0  
[2017/12/11 10:16:05 668] tts        485  get audio|use local  
[2017/12/11 10:16:05 668] tts        527  0  nil  1  
[2017/12/11 10:16:05 668] tts        657  TTS_MSG_GETAUDIO  0  
[2017/12/11 10:16:05 668] tts        485  get audio|use local  
[2017/12/11 10:16:05 668] tts        527  0  nil  1  
[2017/12/11 10:16:05 669] tts        657  TTS_MSG_GETAUDIO  0  
[2017/12/11 10:16:05 669] tts        485  get audio|use local  
[2017/12/11 10:16:05 669] tts        527  0  nil  1  
[2017/12/11 10:16:05 670] tts        657  TTS_MSG_GETAUDIO  0  
[2017/12/11 10:16:05 670] tts        485  get audio|use local  
[2017/12/11 10:16:05 670] tts        527  0  nil  1  
[2017/12/11 10:16:05 670] tts        657  TTS_MSG_GETAUDIO  0  
[2017/12/11 10:16:05 670] tts        485  get audio|use local  
[2017/12/11 10:16:05 670] tts        527  0  nil  1  
[2017/12/11 10:16:05 671] tts        657  TTS_MSG_GETAUDIO  0  
[2017/12/11 10:16:05 671] tts        485  get audio|use local  
[2017/12/11 10:16:05 671] tts        527  0  nil  1  
[2017/12/11 10:16:05 671] tts        657  TTS_MSG_GETAUDIO  0  
[2017/12/11 10:16:05 671] tts        485  get audio|use local  
[2017/12/11 10:16:05 671] tts        527  0  nil  1  
[2017/12/11 10:16:05 671] tts        657  TTS_MSG_GETAUDIO  0  
[2017/12/11 10:16:05 671] tts        485  get audio|use local  
[2017/12/11 10:16:05 671] tts        527  0  nil  1  
[2017/12/11 10:16:05 672] tts        657  TTS_MSG_GETAUDIO  0  
[2017/12/11 10:16:05 672] tts        485  get audio|use local  
[2017/12/11 10:16:05 672] tts        527  0  nil  1  
[2017/12/11 10:16:05 674] tts        657  TTS_MSG_GETAUDIO  0  
[2017/12/11 10:16:05 674] tts        485  get audio|use local  
[2017/12/11 10:16:05 677] tts        527  0  nil  1  
[2017/12/11 10:16:05 678] tts        657  TTS_MSG_GETAUDIO  0  
[2017/12/11 10:16:05 678] tts        485  get audio|use local  
[2017/12/11 10:16:05 678] tts        527  0  nil  1  
[2017/12/11 10:16:05 678] tts        657  TTS_MSG_GETAUDIO  0  
[2017/12/11 10:16:05 678] tts        485  get audio|use local  
[2017/12/11 10:16:05 678] tts        527  0  nil  1  
[2017/12/11 10:16:05 678] tts        657  TTS_MSG_GETAUDIO  0  
[2017/12/11 10:16:05 678] tts        485  get audio|use local  
[2017/12/11 10:16:05 678] tts        527  0  nil  1  
[2017/12/11 10:16:05 678] tts        657  TTS_MSG_GETAUDIO  0  
[2017/12/11 10:16:05 678] tts        485  get audio|use local  
[2017/12/11 10:16:05 678] tts        527  0  nil  1  
[2017/12/11 10:16:05 679] tts        657  TTS_MSG_GETAUDIO  0  
[2017/12/11 10:16:05 679] tts        485  get audio|use local  
[2017/12/11 10:16:05 679] tts        527  0  nil  1  
[2017/12/11 10:16:05 679] tts        657  TTS_MSG_GETAUDIO  0  
[2017/12/11 10:16:05 679] tts        485  get audio|use local  
[2017/12/11 10:16:05 679] tts        527  0  nil  1  
[2017/12/11 10:16:05 679] tts        657  TTS_MSG_GETAUDIO  0  
[2017/12/11 10:16:05 679] tts        485  get audio|use local  
[2017/12/11 10:16:05 679] tts        527  0  nil  1  
[2017/12/11 10:16:05 679] tts        657  TTS_MSG_GETAUDIO  0  
[2017/12/11 10:16:05 679] tts        485  get audio|use local  
[2017/12/11 10:16:05 679] tts        527  0  nil  1  
[2017/12/11 10:16:05 680] tts        657  TTS_MSG_GETAUDIO  0  
[2017/12/11 10:16:05 680] tts        485  get audio|use local  
[2017/12/11 10:16:05 680] tts        527  0  nil  1  
[2017/12/11 10:16:05 680] tts        657  TTS_MSG_GETAUDIO  0  
[2017/12/11 10:16:05 680] tts        485  get audio|use local  
[2017/12/11 10:16:05 680] tts        527  0  nil  1  
[2017/12/11 10:16:05 680] tts        657  TTS_MSG_GETAUDIO  0  
[2017/12/11 10:16:05 680] tts        485  get audio|use local  
[2017/12/11 10:16:05 680] tts        527  0  nil  1  
[2017/12/11 10:16:05 680] tts        299  TTS_LOCAL_CB_BEGIN  
[2017/12/11 10:16:05 681] tts        657  TTS_MSG_GETAUDIO  0  
[2017/12/11 10:16:05 681] tts        485  get audio|use local  
[2017/12/11 10:16:05 684] tts        527  0  nil  1  
[2017/12/11 10:16:05 685] tts        657  TTS_MSG_GETAUDIO  0  
[2017/12/11 10:16:05 685] tts        485  get audio|use local  
[2017/12/11 10:16:05 685] tts        527  0  nil  1  
[2017/12/11 10:16:05 686] tts        657  TTS_MSG_GETAUDIO  0  
[2017/12/11 10:16:05 686] tts        485  get audio|use local  
[2017/12/11 10:16:05 686] tts        498  local audiolen:  212  ,ced:  33  
[2017/12/11 10:16:05 686] tts        527  0  udata(b806f118) 1  
[2017/12/11 10:16:05 687] tts        657  TTS_MSG_GETAUDIO  0  
[2017/12/11 10:16:05 687] tts        485  get audio|use local  
[2017/12/11 10:16:05 687] tts        498  local audiolen:  3270  ,ced:  33  
[2017/12/11 10:16:05 687] tts        527  0  udata(b806cca8) 1  
[2017/12/11 10:16:05 688] tts        657  TTS_MSG_GETAUDIO  0  
[2017/12/11 10:16:05 688] tts        485  get audio|use local  
[2017/12/11 10:16:05 688] tts        527  0  nil  1  
[2017/12/11 10:16:05 690] tts        657  TTS_MSG_GETAUDIO  0  
[2017/12/11 10:16:05 690] tts        485  get audio|use local  
[2017/12/11 10:16:05 690] tts        498  local audiolen:  5902  ,ced:  33  
[2017/12/11 10:16:05 690] tts        527  0  udata(b806ca68) 1  
[2017/12/11 10:16:05 691] tts        657  TTS_MSG_GETAUDIO  0  
[2017/12/11 10:16:05 691] tts        485  get audio|use local  
[2017/12/11 10:16:05 691] tts        498  local audiolen:  7238  ,ced:  33  
[2017/12/11 10:16:05 691] tts        527  0  udata(b806f0a8) 1  
[2017/12/11 10:16:05 691] tts        657  TTS_MSG_GETAUDIO  0  
[2017/12/11 10:16:05 691] tts        485  get audio|use local  
[2017/12/11 10:16:05 691] tts        498  local audiolen:  5438  ,ced:  33  
[2017/12/11 10:16:05 691] tts        527  0  udata(b806cb78) 1  
[2017/12/11 10:16:05 691] tts        657  TTS_MSG_GETAUDIO  0  
[2017/12/11 10:16:05 691] tts        485  get audio|use local  
[2017/12/11 10:16:05 691] tts        498  local audiolen:  7546  ,ced:  33  
[2017/12/11 10:16:05 691] tts        527  0  udata(b806cbf8) 1  
[2017/12/11 10:16:05 692] tts        657  TTS_MSG_GETAUDIO  0  
[2017/12/11 10:16:05 692] tts        485  get audio|use local  
[2017/12/11 10:16:05 692] tts        527  0  nil  1  
[2017/12/11 10:16:05 692] tts        657  TTS_MSG_GETAUDIO  0  
[2017/12/11 10:16:05 692] tts        485  get audio|use local  
[2017/12/11 10:16:05 692] tts        527  0  nil  1  
[2017/12/11 10:16:05 693] tts        657  TTS_MSG_GETAUDIO  0  
[2017/12/11 10:16:05 693] tts        485  get audio|use local  
[2017/12/11 10:16:05 693] tts        527  0  nil  1  
[2017/12/11 10:16:05 693] tts        657  TTS_MSG_GETAUDIO  0  
[2017/12/11 10:16:05 693] tts        485  get audio|use local  
[2017/12/11 10:16:05 693] tts        498  local audiolen:  8038  ,ced:  33  
[2017/12/11 10:16:05 694] tts        527  0  udata(b806da38) 1  
[2017/12/11 10:16:05 696] tts        657  TTS_MSG_GETAUDIO  0  
[2017/12/11 10:16:05 696] tts        485  get audio|use local  
[2017/12/11 10:16:05 696] tts        498  local audiolen:  7166  ,ced:  33  
[2017/12/11 10:16:05 697] tts        527  0  udata(b8085db8) 1  
[2017/12/11 10:16:05 698] tts        657  TTS_MSG_GETAUDIO  0  
[2017/12/11 10:16:05 698] tts        485  get audio|use local  
[2017/12/11 10:16:05 699] tts        498  local audiolen:  4198  ,ced:  33  
[2017/12/11 10:16:05 699] tts        527  0  udata(b806fae8) 1  
[2017/12/11 10:16:05 700] tts        657  TTS_MSG_GETAUDIO  0  
[2017/12/11 10:16:05 700] tts        485  get audio|use local  
[2017/12/11 10:16:05 700] tts        498  local audiolen:  6590  ,ced:  33  
[2017/12/11 10:16:05 700] tts        527  0  udata(b8085788) 1  
[2017/12/11 10:16:05 702] tts        657  TTS_MSG_GETAUDIO  0  
[2017/12/11 10:16:05 702] tts        485  get audio|use local  
[2017/12/11 10:16:05 702] tts        498  local audiolen:  4482  ,ced:  33  
[2017/12/11 10:16:05 702] tts        527  0  udata(b8085ad8) 1  
[2017/12/11 10:16:05 703] tts        657  TTS_MSG_GETAUDIO  0  
[2017/12/11 10:16:05 703] tts        485  get audio|use local  
[2017/12/11 10:16:05 703] tts        498  local audiolen:  9880  ,ced:  33  
[2017/12/11 10:16:05 703] tts        527  0  udata(b806dd88) 1  
[2017/12/11 10:16:05 704] tts        657  TTS_MSG_GETAUDIO  0  
[2017/12/11 10:16:05 704] tts        485  get audio|use local  
[2017/12/11 10:16:05 704] tts        498  local audiolen:  512  ,ced:  33  
[2017/12/11 10:16:05 704] tts        527  0  udata(b806e2e8) 1  
[2017/12/11 10:16:05 706] tts        657  TTS_MSG_GETAUDIO  0  
[2017/12/11 10:16:05 706] tts        485  get audio|use local  
[2017/12/11 10:16:05 706] tts        498  local audiolen:  512  ,ced:  33  
[2017/12/11 10:16:05 706] tts        527  0  udata(b80841a8) 1  
[2017/12/11 10:16:05 707] tts        657  TTS_MSG_GETAUDIO  0  
[2017/12/11 10:16:05 707] tts        485  get audio|use local  
[2017/12/11 10:16:05 707] tts        498  local audiolen:  512  ,ced:  33  
[2017/12/11 10:16:05 707] tts        527  0  udata(b806e0d8) 1  
[2017/12/11 10:16:05 707] tts        657  TTS_MSG_GETAUDIO  0  
[2017/12/11 10:16:05 707] tts        485  get audio|use local  
[2017/12/11 10:16:05 707] tts        498  local audiolen:  512  ,ced:  33  
[2017/12/11 10:16:05 707] tts        527  0  udata(b806e128) 1  
[2017/12/11 10:16:05 708] tts        657  TTS_MSG_GETAUDIO  0  
[2017/12/11 10:16:05 708] tts        485  get audio|use local  
[2017/12/11 10:16:05 708] tts        498  local audiolen:  512  ,ced:  33  
[2017/12/11 10:16:05 708] tts        527  0  udata(b806e178) 1  
[2017/12/11 10:16:05 708] tts        657  TTS_MSG_GETAUDIO  0  
[2017/12/11 10:16:05 708] tts        485  get audio|use local  
[2017/12/11 10:16:05 708] tts        498  local audiolen:  512  ,ced:  33  
[2017/12/11 10:16:05 708] tts        527  0  udata(b806e268) 1  
[2017/12/11 10:16:05 709] tts        657  TTS_MSG_GETAUDIO  0  
[2017/12/11 10:16:05 709] tts        485  get audio|use local  
[2017/12/11 10:16:05 709] tts        498  local audiolen:  512  ,ced:  33  
[2017/12/11 10:16:05 709] tts        527  0  udata(b80842b8) 1  
[2017/12/11 10:16:05 709] tts        657  TTS_MSG_GETAUDIO  0  
[2017/12/11 10:16:05 709] tts        485  get audio|use local  
[2017/12/11 10:16:05 709] tts        498  local audiolen:  512  ,ced:  33  
[2017/12/11 10:16:05 709] tts        527  0  udata(b8084308) 1  
[2017/12/11 10:16:05 710] tts        657  TTS_MSG_GETAUDIO  0  
[2017/12/11 10:16:05 710] tts        485  get audio|use local  
[2017/12/11 10:16:05 710] tts        498  local audiolen:  512  ,ced:  33  
[2017/12/11 10:16:05 710] tts        527  0  udata(b8084358) 1  
[2017/12/11 10:16:05 710] tts        657  TTS_MSG_GETAUDIO  0  
[2017/12/11 10:16:05 710] tts        485  get audio|use local  
[2017/12/11 10:16:05 710] tts        498  local audiolen:  512  ,ced:  33  
[2017/12/11 10:16:05 710] tts        527  0  udata(b80843a8) 1  
[2017/12/11 10:16:05 710] tts        657  TTS_MSG_GETAUDIO  0  
[2017/12/11 10:16:05 710] tts        485  get audio|use local  
[2017/12/11 10:16:05 710] tts        498  local audiolen:  512  ,ced:  33  
[2017/12/11 10:16:05 711] tts        527  0  udata(b80843f8) 1  
[2017/12/11 10:16:05 711] tts        657  TTS_MSG_GETAUDIO  0  
[2017/12/11 10:16:05 711] tts        485  get audio|use local  
[2017/12/11 10:16:05 711] tts        498  local audiolen:  512  ,ced:  33  
[2017/12/11 10:16:05 711] tts        527  0  udata(b8084568) 1  
[2017/12/11 10:16:05 712] tts        657  TTS_MSG_GETAUDIO  0  
[2017/12/11 10:16:05 712] tts        485  get audio|use local  
[2017/12/11 10:16:05 712] tts        498  local audiolen:  512  ,ced:  33  
[2017/12/11 10:16:05 712] tts        527  0  udata(b80845b8) 1  
[2017/12/11 10:16:05 712] tts        657  TTS_MSG_GETAUDIO  0  
[2017/12/11 10:16:05 712] tts        485  get audio|use local  
[2017/12/11 10:16:05 713] tts        498  local audiolen:  512  ,ced:  33  
[2017/12/11 10:16:05 713] tts        527  0  udata(b8084608) 1  
[2017/12/11 10:16:05 713] tts        657  TTS_MSG_GETAUDIO  0  
[2017/12/11 10:16:05 713] tts        485  get audio|use local  
[2017/12/11 10:16:05 713] tts        498  local audiolen:  512  ,ced:  33  
[2017/12/11 10:16:05 713] tts        527  0  udata(b8084258) 1  
[2017/12/11 10:16:05 713] tts        657  TTS_MSG_GETAUDIO  0  
[2017/12/11 10:16:05 713] tts        485  get audio|use local  
[2017/12/11 10:16:05 714] tts        498  local audiolen:  512  ,ced:  33  
[2017/12/11 10:16:05 714] tts        527  0  udata(b8084658) 1  
[2017/12/11 10:16:05 715] tts        657  TTS_MSG_GETAUDIO  0  
[2017/12/11 10:16:05 715] tts        485  get audio|use local  
[2017/12/11 10:16:05 715] tts        498  local audiolen:  512  ,ced:  33  
[2017/12/11 10:16:05 715] tts        527  0  udata(b80846a8) 1  
[2017/12/11 10:16:05 715] tts        657  TTS_MSG_GETAUDIO  0  
[2017/12/11 10:16:05 715] tts        485  get audio|use local  
[2017/12/11 10:16:05 715] tts        498  local audiolen:  512  ,ced:  33  
[2017/12/11 10:16:05 715] tts        527  0  udata(b80846f8) 1  
[2017/12/11 10:16:05 715] tts        657  TTS_MSG_GETAUDIO  0  
[2017/12/11 10:16:05 716] tts        485  get audio|use local  
[2017/12/11 10:16:05 716] tts        498  local audiolen:  160  ,ced:  33  
[2017/12/11 10:16:05 716] tts        527  0  udata(b806ee68) 1  
[2017/12/11 10:16:05 718] tts        657  TTS_MSG_GETAUDIO  0  
[2017/12/11 10:16:05 718] tts        485  get audio|use local  
[2017/12/11 10:16:05 718] tts        498  local audiolen:  212  ,ced:  78  
[2017/12/11 10:16:05 718] tts        527  0  udata(b806ef58) 1  
[2017/12/11 10:16:05 719] tts        657  TTS_MSG_GETAUDIO  0  
[2017/12/11 10:16:05 719] tts        485  get audio|use local  
[2017/12/11 10:16:05 719] tts        498  local audiolen:  5092  ,ced:  78  
[2017/12/11 10:16:05 719] tts        527  0  udata(b8084e78) 1  
[2017/12/11 10:16:05 721] tts        657  TTS_MSG_GETAUDIO  0  
[2017/12/11 10:16:05 721] tts        485  get audio|use local  
[2017/12/11 10:16:05 721] tts        498  local audiolen:  4978  ,ced:  78  
[2017/12/11 10:16:05 721] tts        527  0  udata(b80836f8) 1  
[2017/12/11 10:16:05 722] tts        657  TTS_MSG_GETAUDIO  0  
[2017/12/11 10:16:05 722] tts        485  get audio|use local  
[2017/12/11 10:16:05 722] tts        498  local audiolen:  6844  ,ced:  78  
[2017/12/11 10:16:05 723] tts        527  0  udata(b8083a48) 1  
[2017/12/11 10:16:05 726] tts        657  TTS_MSG_GETAUDIO  0  
[2017/12/11 10:16:05 726] tts        485  get audio|use local  
[2017/12/11 10:16:05 726] tts        498  local audiolen:  14708  ,ced:  78  
[2017/12/11 10:16:05 726] tts        527  0  udata(b806e938) 1  
[2017/12/11 10:16:05 727] tts        657  TTS_MSG_GETAUDIO  0  
[2017/12/11 10:16:05 727] tts        485  get audio|use local  
[2017/12/11 10:16:05 727] tts        498  local audiolen:  4606  ,ced:  78  
[2017/12/11 10:16:05 728] tts        527  0  udata(b806e988) 1  
[2017/12/11 10:16:05 729] tts        657  TTS_MSG_GETAUDIO  0  
[2017/12/11 10:16:05 729] tts        485  get audio|use local  
[2017/12/11 10:16:05 729] tts        498  local audiolen:  6044  ,ced:  78  
[2017/12/11 10:16:05 729] tts        527  0  udata(b8023208) 1  
[2017/12/11 10:16:05 729] tts        657  TTS_MSG_GETAUDIO  0  
[2017/12/11 10:16:05 729] tts        485  get audio|use local  
[2017/12/11 10:16:05 729] tts        498  local audiolen:  7822  ,ced:  78  
[2017/12/11 10:16:05 730] tts        527  0  udata(b8023258) 1  
[2017/12/11 10:16:05 731] tts        657  TTS_MSG_GETAUDIO  0  
[2017/12/11 10:16:05 731] tts        485  get audio|use local  
[2017/12/11 10:16:05 731] tts        498  local audiolen:  7130  ,ced:  78  
[2017/12/11 10:16:05 731] tts        527  0  udata(b80234a8) 1  
[2017/12/11 10:16:05 732] tts        657  TTS_MSG_GETAUDIO  0  
[2017/12/11 10:16:05 732] tts        485  get audio|use local  
[2017/12/11 10:16:05 732] tts        498  local audiolen:  6696  ,ced:  78  
[2017/12/11 10:16:05 732] tts        527  0  udata(b80235f8) 1  
[2017/12/11 10:16:05 733] tts        657  TTS_MSG_GETAUDIO  0  
[2017/12/11 10:16:05 733] tts        485  get audio|use local  
[2017/12/11 10:16:05 733] tts        498  local audiolen:  8828  ,ced:  78  
[2017/12/11 10:16:05 733] tts        527  0  udata(b8023648) 1  
[2017/12/11 10:16:05 733] tts        657  TTS_MSG_GETAUDIO  0  
[2017/12/11 10:16:05 734] tts        485  get audio|use local  
[2017/12/11 10:16:05 734] tts        498  local audiolen:  5306  ,ced:  78  
[2017/12/11 10:16:05 734] tts        527  0  udata(b80237a8) 1  
[2017/12/11 10:16:05 734] tts        657  TTS_MSG_GETAUDIO  0  
[2017/12/11 10:16:05 734] tts        485  get audio|use local  
[2017/12/11 10:16:05 734] tts        498  local audiolen:  4052  ,ced:  78  
[2017/12/11 10:16:05 734] tts        527  0  udata(b8022de8) 1  
[2017/12/11 10:16:05 735] tts        657  TTS_MSG_GETAUDIO  0  
[2017/12/11 10:16:05 735] tts        485  get audio|use local  
[2017/12/11 10:16:05 735] tts        498  local audiolen:  5512  ,ced:  78  
[2017/12/11 10:16:05 735] tts        527  0  udata(b8022e38) 1  
[2017/12/11 10:16:05 735] tts        657  TTS_MSG_GETAUDIO  0  
[2017/12/11 10:16:05 735] tts        485  get audio|use local  
[2017/12/11 10:16:05 735] tts        498  local audiolen:  5298  ,ced:  78  
[2017/12/11 10:16:05 735] tts        527  0  udata(b8022e88) 1  
[2017/12/11 10:16:05 736] tts        657  TTS_MSG_GETAUDIO  0  
[2017/12/11 10:16:05 736] tts        485  get audio|use local  
[2017/12/11 10:16:05 737] tts        498  local audiolen:  10286  ,ced:  78  
[2017/12/11 10:16:05 737] tts        527  0  udata(b8021df8) 1  
[2017/12/11 10:16:05 737] tts        657  TTS_MSG_GETAUDIO  0  
[2017/12/11 10:16:05 737] tts        485  get audio|use local  
[2017/12/11 10:16:05 737] tts        498  local audiolen:  512  ,ced:  78  
[2017/12/11 10:16:05 738] tts        527  0  udata(b8022358) 1  
[2017/12/11 10:16:05 738] tts        657  TTS_MSG_GETAUDIO  0  
[2017/12/11 10:16:05 738] tts        485  get audio|use local  
[2017/12/11 10:16:05 738] tts        498  local audiolen:  512  ,ced:  78  
[2017/12/11 10:16:05 738] tts        527  0  udata(b8022408) 1  
[2017/12/11 10:16:05 738] tts        657  TTS_MSG_GETAUDIO  0  
[2017/12/11 10:16:05 738] tts        485  get audio|use local  
[2017/12/11 10:16:05 739] tts        498  local audiolen:  512  ,ced:  78  
[2017/12/11 10:16:05 739] tts        527  0  udata(b8022148) 1  
[2017/12/11 10:16:05 739] tts        657  TTS_MSG_GETAUDIO  0  
[2017/12/11 10:16:05 739] tts        485  get audio|use local  
[2017/12/11 10:16:05 739] tts        498  local audiolen:  512  ,ced:  78  
[2017/12/11 10:16:05 739] tts        527  0  udata(b8022198) 1  
[2017/12/11 10:16:05 739] tts        657  TTS_MSG_GETAUDIO  0  
[2017/12/11 10:16:05 739] tts        485  get audio|use local  
[2017/12/11 10:16:05 740] tts        498  local audiolen:  512  ,ced:  78  
[2017/12/11 10:16:05 740] tts        527  0  udata(b80221e8) 1  
[2017/12/11 10:16:05 740] tts        657  TTS_MSG_GETAUDIO  0  
[2017/12/11 10:16:05 740] tts        485  get audio|use local  
[2017/12/11 10:16:05 740] tts        498  local audiolen:  512  ,ced:  78  
[2017/12/11 10:16:05 740] tts        527  0  udata(b8022238) 1  
[2017/12/11 10:16:05 740] tts        657  TTS_MSG_GETAUDIO  0  
[2017/12/11 10:16:05 740] tts        485  get audio|use local  
[2017/12/11 10:16:05 741] tts        498  local audiolen:  512  ,ced:  78  
[2017/12/11 10:16:05 741] tts        527  0  udata(b8022288) 1  
[2017/12/11 10:16:05 741] tts        657  TTS_MSG_GETAUDIO  0  
[2017/12/11 10:16:05 741] tts        485  get audio|use local  
[2017/12/11 10:16:05 741] tts        498  local audiolen:  512  ,ced:  78  
[2017/12/11 10:16:05 741] tts        527  0  udata(b8022458) 1  
[2017/12/11 10:16:05 741] tts        657  TTS_MSG_GETAUDIO  0  
[2017/12/11 10:16:05 741] tts        485  get audio|use local  
[2017/12/11 10:16:05 742] tts        498  local audiolen:  512  ,ced:  78  
[2017/12/11 10:16:05 742] tts        527  0  udata(b80224a8) 1  
[2017/12/11 10:16:05 742] tts        657  TTS_MSG_GETAUDIO  0  
[2017/12/11 10:16:05 742] tts        485  get audio|use local  
[2017/12/11 10:16:05 742] tts        498  local audiolen:  512  ,ced:  78  
[2017/12/11 10:16:05 742] tts        527  0  udata(b8022558) 1  
[2017/12/11 10:16:05 742] tts        657  TTS_MSG_GETAUDIO  0  
[2017/12/11 10:16:05 742] tts        485  get audio|use local  
[2017/12/11 10:16:05 743] tts        498  local audiolen:  512  ,ced:  78  
[2017/12/11 10:16:05 743] tts        527  0  udata(b80225a8) 1  
[2017/12/11 10:16:05 743] tts        657  TTS_MSG_GETAUDIO  0  
[2017/12/11 10:16:05 743] tts        485  get audio|use local  
[2017/12/11 10:16:05 743] tts        498  local audiolen:  512  ,ced:  78  
[2017/12/11 10:16:05 743] tts        527  0  udata(b80225f8) 1  
[2017/12/11 10:16:05 744] tts        657  TTS_MSG_GETAUDIO  0  
[2017/12/11 10:16:05 744] tts        485  get audio|use local  
[2017/12/11 10:16:05 744] tts        498  local audiolen:  512  ,ced:  78  
[2017/12/11 10:16:05 744] tts        527  0  udata(b8022b28) 1  
[2017/12/11 10:16:05 744] tts        657  TTS_MSG_GETAUDIO  0  
[2017/12/11 10:16:05 744] tts        485  get audio|use local  
[2017/12/11 10:16:05 744] tts        498  local audiolen:  512  ,ced:  78  
[2017/12/11 10:16:05 744] tts        527  0  udata(b8022b78) 1  
[2017/12/11 10:16:05 745] tts        657  TTS_MSG_GETAUDIO  0  
[2017/12/11 10:16:05 745] tts        485  get audio|use local  
[2017/12/11 10:16:05 745] tts        498  local audiolen:  512  ,ced:  78  
[2017/12/11 10:16:05 745] tts        527  0  udata(b8022c68) 1  
[2017/12/11 10:16:05 745] tts        657  TTS_MSG_GETAUDIO  0  
[2017/12/11 10:16:05 745] tts        485  get audio|use local  
[2017/12/11 10:16:05 745] tts        498  local audiolen:  512  ,ced:  78  
[2017/12/11 10:16:05 745] tts        527  0  udata(b8024628) 1  
[2017/12/11 10:16:05 746] tts        657  TTS_MSG_GETAUDIO  0  
[2017/12/11 10:16:05 746] tts        485  get audio|use local  
[2017/12/11 10:16:05 746] tts        498  local audiolen:  512  ,ced:  78  
[2017/12/11 10:16:05 746] tts        527  0  udata(b8022768) 1  
[2017/12/11 10:16:05 746] tts        657  TTS_MSG_GETAUDIO  0  
[2017/12/11 10:16:05 746] tts        485  get audio|use local  
[2017/12/11 10:16:05 746] tts        498  local audiolen:  512  ,ced:  78  
[2017/12/11 10:16:05 746] tts        527  0  udata(b80227b8) 1  
[2017/12/11 10:16:05 746] tts        657  TTS_MSG_GETAUDIO  0  
[2017/12/11 10:16:05 746] tts        485  get audio|use local  
[2017/12/11 10:16:05 746] tts        498  local audiolen:  160  ,ced:  78  
[2017/12/11 10:16:05 746] tts        527  0  udata(b80228b8) 1  
[2017/12/11 10:16:05 747] tts        657  TTS_MSG_GETAUDIO  0  
[2017/12/11 10:16:05 747] tts        485  get audio|use local  
[2017/12/11 10:16:05 747] tts        498  local audiolen:  212  ,ced:  171  
[2017/12/11 10:16:05 747] tts        527  0  udata(b8024768) 1  
[2017/12/11 10:16:05 747] tts        657  TTS_MSG_GETAUDIO  0  
[2017/12/11 10:16:05 747] tts        485  get audio|use local  
[2017/12/11 10:16:05 747] tts        498  local audiolen:  5092  ,ced:  171  
[2017/12/11 10:16:05 747] tts        527  0  udata(b8022908) 1  
[2017/12/11 10:16:05 748] tts        657  TTS_MSG_GETAUDIO  0  
[2017/12/11 10:16:05 748] tts        485  get audio|use local  
[2017/12/11 10:16:05 748] tts        498  local audiolen:  6730  ,ced:  171  
[2017/12/11 10:16:05 749] tts        527  0  udata(b8022cb8) 1  
[2017/12/11 10:16:05 749] tts        657  TTS_MSG_GETAUDIO  0  
[2017/12/11 10:16:05 749] tts        485  get audio|use local  
[2017/12/11 10:16:05 749] tts        498  local audiolen:  8298  ,ced:  171  
[2017/12/11 10:16:05 749] tts        527  0  udata(b8022808) 1  
[2017/12/11 10:16:05 750] tts        657  TTS_MSG_GETAUDIO  0  
[2017/12/11 10:16:05 750] tts        485  get audio|use local  
[2017/12/11 10:16:05 750] tts        498  local audiolen:  7580  ,ced:  171  
[2017/12/11 10:16:05 750] tts        527  0  udata(b80246c8) 1  
[2017/12/11 10:16:05 750] tts        657  TTS_MSG_GETAUDIO  0  
[2017/12/11 10:16:05 750] tts        485  get audio|use local  
[2017/12/11 10:16:05 750] tts        498  local audiolen:  4480  ,ced:  171  
[2017/12/11 10:16:05 750] tts        527  0  udata(b8024718) 1  
[2017/12/11 10:16:05 751] tts        657  TTS_MSG_GETAUDIO  0  
[2017/12/11 10:16:05 751] tts        485  get audio|use local  
[2017/12/11 10:16:05 751] tts        498  local audiolen:  10868  ,ced:  171  
[2017/12/11 10:16:05 751] tts        527  0  udata(b8024b78) 1  
[2017/12/11 10:16:05 751] tts        657  TTS_MSG_GETAUDIO  0  
[2017/12/11 10:16:05 751] tts        485  get audio|use local  
[2017/12/11 10:16:05 751] tts        498  local audiolen:  5298  ,ced:  171  
[2017/12/11 10:16:05 751] tts        527  0  udata(b8026098) 1  
[2017/12/11 10:16:05 752] tts        657  TTS_MSG_GETAUDIO  0  
[2017/12/11 10:16:05 752] tts        485  get audio|use local  
[2017/12/11 10:16:05 752] tts        498  local audiolen:  7164  ,ced:  171  
[2017/12/11 10:16:05 752] tts        527  0  udata(b80260e8) 1  
[2017/12/11 10:16:05 752] tts        657  TTS_MSG_GETAUDIO  0  
[2017/12/11 10:16:05 752] tts        485  get audio|use local  
[2017/12/11 10:16:05 752] tts        498  local audiolen:  7180  ,ced:  171  
[2017/12/11 10:16:05 752] tts        527  0  udata(b8026248) 1  
[2017/12/11 10:16:05 753] tts        657  TTS_MSG_GETAUDIO  0  
[2017/12/11 10:16:05 753] tts        485  get audio|use local  
[2017/12/11 10:16:05 753] tts        498  local audiolen:  8208  ,ced:  171  
[2017/12/11 10:16:05 753] tts        527  0  udata(b8026398) 1  
[2017/12/11 10:16:05 753] tts        657  TTS_MSG_GETAUDIO  0  
[2017/12/11 10:16:05 754] tts        485  get audio|use local  
[2017/12/11 10:16:05 754] tts        498  local audiolen:  6244  ,ced:  171  
[2017/12/11 10:16:05 754] tts        527  0  udata(b80263e8) 1  
[2017/12/11 10:16:05 754] tts        657  TTS_MSG_GETAUDIO  0  
[2017/12/11 10:16:05 754] tts        485  get audio|use local  
[2017/12/11 10:16:05 754] tts        498  local audiolen:  6390  ,ced:  171  
[2017/12/11 10:16:05 754] tts        527  0  udata(b8026438) 1  
[2017/12/11 10:16:05 755] tts        657  TTS_MSG_GETAUDIO  0  
[2017/12/11 10:16:05 755] tts        485  get audio|use local  
[2017/12/11 10:16:05 755] tts        498  local audiolen:  13254  ,ced:  171  
[2017/12/11 10:16:05 755] tts        527  0  udata(b8026588) 1  
[2017/12/11 10:16:05 755] tts        657  TTS_MSG_GETAUDIO  0  
[2017/12/11 10:16:05 755] tts        485  get audio|use local  
[2017/12/11 10:16:05 755] tts        498  local audiolen:  6238  ,ced:  171  
[2017/12/11 10:16:05 755] tts        527  0  udata(b80265d8) 1  
[2017/12/11 10:16:05 756] tts        657  TTS_MSG_GETAUDIO  0  
[2017/12/11 10:16:05 756] tts        485  get audio|use local  
[2017/12/11 10:16:05 756] tts        498  local audiolen:  9286  ,ced:  171  
[2017/12/11 10:16:05 756] tts        527  0  udata(b8026628) 1  
[2017/12/11 10:16:05 757] tts        657  TTS_MSG_GETAUDIO  0  
[2017/12/11 10:16:05 757] tts        485  get audio|use local  
[2017/12/11 10:16:05 757] tts        498  local audiolen:  6246  ,ced:  171  
[2017/12/11 10:16:05 757] tts        527  0  udata(b8026988) 1  
[2017/12/11 10:16:05 757] tts        657  TTS_MSG_GETAUDIO  0  
[2017/12/11 10:16:05 758] tts        485  get audio|use local  
[2017/12/11 10:16:05 758] tts        498  local audiolen:  7484  ,ced:  171  
[2017/12/11 10:16:05 758] tts        527  0  udata(b80269d8) 1  
[2017/12/11 10:16:05 759] tts        657  TTS_MSG_GETAUDIO  0  
[2017/12/11 10:16:05 759] tts        485  get audio|use local  
[2017/12/11 10:16:05 759] tts        498  local audiolen:  7346  ,ced:  171  
[2017/12/11 10:16:05 759] tts        527  0  udata(b8026c28) 1  
[2017/12/11 10:16:05 759] tts        657  TTS_MSG_GETAUDIO  0  
[2017/12/11 10:16:05 759] tts        485  get audio|use local  
[2017/12/11 10:16:05 760] tts        498  local audiolen:  8340  ,ced:  171  
[2017/12/11 10:16:05 760] tts        527  0  udata(b8026d78) 1  
[2017/12/11 10:16:05 765] tts        657  TTS_MSG_GETAUDIO  0  
[2017/12/11 10:16:05 765] tts        485  get audio|use local  
[2017/12/11 10:16:05 765] tts        498  local audiolen:  7164  ,ced:  171  
[2017/12/11 10:16:05 765] tts        527  0  udata(b8026dc8) 1  
[2017/12/11 10:16:05 767] tts        657  TTS_MSG_GETAUDIO  0  
[2017/12/11 10:16:05 767] tts        485  get audio|use local  
[2017/12/11 10:16:05 767] tts        498  local audiolen:  10936  ,ced:  171  
[2017/12/11 10:16:05 767] tts        527  0  udata(b8024e18) 1  
[2017/12/11 10:16:05 768] tts        657  TTS_MSG_GETAUDIO  0  
[2017/12/11 10:16:05 768] tts        485  get audio|use local  
[2017/12/11 10:16:05 768] tts        498  local audiolen:  16682  ,ced:  171  
[2017/12/11 10:16:05 768] tts        527  0  udata(b8024e68) 1  
[2017/12/11 10:16:05 769] tts        657  TTS_MSG_GETAUDIO  0  
[2017/12/11 10:16:05 769] tts        485  get audio|use local  
[2017/12/11 10:16:05 769] tts        498  local audiolen:  2688  ,ced:  171  
[2017/12/11 10:16:05 769] tts        527  0  udata(b8024eb8) 1  
[2017/12/11 10:16:05 770] tts        657  TTS_MSG_GETAUDIO  0  
[2017/12/11 10:16:05 770] tts        485  get audio|use local  
[2017/12/11 10:16:05 770] tts        498  local audiolen:  6910  ,ced:  171  
[2017/12/11 10:16:05 770] tts        527  0  udata(b8025ca8) 1  
[2017/12/11 10:16:05 771] tts        657  TTS_MSG_GETAUDIO  0  
[2017/12/11 10:16:05 771] tts        485  get audio|use local  
[2017/12/11 10:16:05 771] tts        498  local audiolen:  6308  ,ced:  171  
[2017/12/11 10:16:05 771] tts        527  0  udata(b8025cf8) 1  
[2017/12/11 10:16:05 772] tts        657  TTS_MSG_GETAUDIO  0  
[2017/12/11 10:16:05 772] tts        485  get audio|use local  
[2017/12/11 10:16:05 772] tts        498  local audiolen:  10382  ,ced:  171  
[2017/12/11 10:16:05 772] tts        527  0  udata(b8025e58) 1  
[2017/12/11 10:16:05 774] tts        657  TTS_MSG_GETAUDIO  0  
[2017/12/11 10:16:05 774] tts        485  get audio|use local  
[2017/12/11 10:16:05 774] tts        498  local audiolen:  7126  ,ced:  171  
[2017/12/11 10:16:05 774] tts        527  0  udata(b8026048) 1  
[2017/12/11 10:16:05 774] tts        657  TTS_MSG_GETAUDIO  0  
[2017/12/11 10:16:05 774] tts        485  get audio|use local  
[2017/12/11 10:16:05 775] tts        498  local audiolen:  7222  ,ced:  171  
[2017/12/11 10:16:05 775] tts        527  0  udata(b8025078) 1  
[2017/12/11 10:16:05 776] tts        657  TTS_MSG_GETAUDIO  0  
[2017/12/11 10:16:05 776] tts        485  get audio|use local  
[2017/12/11 10:16:05 777] tts        498  local audiolen:  7220  ,ced:  171  
[2017/12/11 10:16:05 777] tts        527  0  udata(b80256d8) 1  
[2017/12/11 10:16:05 782] tts        657  TTS_MSG_GETAUDIO  0  
[2017/12/11 10:16:05 782] tts        485  get audio|use local  
[2017/12/11 10:16:05 782] tts        498  local audiolen:  512  ,ced:  171  
[2017/12/11 10:16:05 782] tts        527  0  udata(b8027208) 1  
[2017/12/11 10:16:05 783] tts        657  TTS_MSG_GETAUDIO  0  
[2017/12/11 10:16:05 783] tts        485  get audio|use local  
[2017/12/11 10:16:05 783] tts        498  local audiolen:  512  ,ced:  171  
[2017/12/11 10:16:05 783] tts        527  0  udata(b80272b8) 1  
[2017/12/11 10:16:05 783] tts        657  TTS_MSG_GETAUDIO  0  
[2017/12/11 10:16:05 783] tts        485  get audio|use local  
[2017/12/11 10:16:05 783] tts        498  local audiolen:  512  ,ced:  171  
[2017/12/11 10:16:05 783] tts        527  0  udata(b8027308) 1  
[2017/12/11 10:16:05 784] tts        657  TTS_MSG_GETAUDIO  0  
[2017/12/11 10:16:05 785] tts        485  get audio|use local  
[2017/12/11 10:16:05 785] tts        498  local audiolen:  512  ,ced:  171  
[2017/12/11 10:16:05 785] tts        527  0  udata(b80275f8) 1  
[2017/12/11 10:16:05 786] tts        657  TTS_MSG_GETAUDIO  0  
[2017/12/11 10:16:05 786] tts        485  get audio|use local  
[2017/12/11 10:16:05 786] tts        498  local audiolen:  512  ,ced:  171  
[2017/12/11 10:16:05 786] tts        527  0  udata(b8027a48) 1  
[2017/12/11 10:16:05 788] tts        657  TTS_MSG_GETAUDIO  0  
[2017/12/11 10:16:05 788] tts        485  get audio|use local  
[2017/12/11 10:16:05 788] tts        498  local audiolen:  512  ,ced:  171  
[2017/12/11 10:16:05 788] tts        527  0  udata(b8027e98) 1  
[2017/12/11 10:16:05 789] tts        657  TTS_MSG_GETAUDIO  0  
[2017/12/11 10:16:05 789] tts        485  get audio|use local  
[2017/12/11 10:16:05 789] tts        498  local audiolen:  512  ,ced:  171  
[2017/12/11 10:16:05 789] tts        527  0  udata(b8027f48) 1  
[2017/12/11 10:16:05 790] tts        657  TTS_MSG_GETAUDIO  0  
[2017/12/11 10:16:05 790] tts        485  get audio|use local  
[2017/12/11 10:16:05 790] tts        498  local audiolen:  512  ,ced:  171  
[2017/12/11 10:16:05 790] tts        527  0  udata(b8027f98) 1  
[2017/12/11 10:16:05 790] tts        657  TTS_MSG_GETAUDIO  0  
[2017/12/11 10:16:05 791] tts        485  get audio|use local  
[2017/12/11 10:16:05 791] tts        498  local audiolen:  512  ,ced:  171  
[2017/12/11 10:16:05 791] tts        527  0  udata(b8027fe8) 1  
[2017/12/11 10:16:05 791] tts        657  TTS_MSG_GETAUDIO  0  
[2017/12/11 10:16:05 791] tts        485  get audio|use local  
[2017/12/11 10:16:05 791] tts        498  local audiolen:  512  ,ced:  171  
[2017/12/11 10:16:05 791] tts        527  0  udata(b8021838) 1  
[2017/12/11 10:16:05 792] tts        657  TTS_MSG_GETAUDIO  0  
[2017/12/11 10:16:05 792] tts        485  get audio|use local  
[2017/12/11 10:16:05 792] tts        498  local audiolen:  512  ,ced:  171  
[2017/12/11 10:16:05 792] tts        527  0  udata(b8021888) 1  
[2017/12/11 10:16:05 792] tts        657  TTS_MSG_GETAUDIO  0  
[2017/12/11 10:16:05 793] tts        485  get audio|use local  
[2017/12/11 10:16:05 793] tts        498  local audiolen:  512  ,ced:  171  
[2017/12/11 10:16:05 793] tts        527  0  udata(b80218d8) 1  
[2017/12/11 10:16:05 793] tts        657  TTS_MSG_GETAUDIO  0  
[2017/12/11 10:16:05 793] tts        485  get audio|use local  
[2017/12/11 10:16:05 793] tts        498  local audiolen:  512  ,ced:  171  
[2017/12/11 10:16:05 793] tts        527  0  udata(b80219c8) 1  
[2017/12/11 10:16:05 794] tts        657  TTS_MSG_GETAUDIO  0  
[2017/12/11 10:16:05 794] tts        485  get audio|use local  
[2017/12/11 10:16:05 794] tts        498  local audiolen:  512  ,ced:  171  
[2017/12/11 10:16:05 794] tts        527  0  udata(b8021c18) 1  
[2017/12/11 10:16:05 795] tts        657  TTS_MSG_GETAUDIO  0  
[2017/12/11 10:16:05 795] tts        485  get audio|use local  
[2017/12/11 10:16:05 795] tts        498  local audiolen:  512  ,ced:  171  
[2017/12/11 10:16:05 795] tts        527  0  udata(b8021cc8) 1  
[2017/12/11 10:16:05 795] tts        657  TTS_MSG_GETAUDIO  0  
[2017/12/11 10:16:05 795] tts        485  get audio|use local  
[2017/12/11 10:16:05 795] tts        498  local audiolen:  512  ,ced:  171  
[2017/12/11 10:16:05 795] tts        527  0  udata(b8027098) 1  
[2017/12/11 10:16:05 796] tts        657  TTS_MSG_GETAUDIO  0  
[2017/12/11 10:16:05 796] tts        485  get audio|use local  
[2017/12/11 10:16:05 796] tts        498  local audiolen:  512  ,ced:  171  
[2017/12/11 10:16:05 796] tts        527  0  udata(b8027148) 1  
[2017/12/11 10:16:05 796] tts        657  TTS_MSG_GETAUDIO  0  
[2017/12/11 10:16:05 796] tts        485  get audio|use local  
[2017/12/11 10:16:05 796] tts        498  local audiolen:  512  ,ced:  171  
[2017/12/11 10:16:05 796] tts        527  0  udata(b8027198) 1  
[2017/12/11 10:16:05 797] tts        657  TTS_MSG_GETAUDIO  0  
[2017/12/11 10:16:05 797] tts        485  get audio|use local  
[2017/12/11 10:16:05 797] tts        498  local audiolen:  160  ,ced:  171  
[2017/12/11 10:16:05 797] tts        527  0  udata(b80280e8) 1  
[2017/12/11 10:16:05 797] tts        657  TTS_MSG_GETAUDIO  0  
[2017/12/11 10:16:05 797] tts        485  get audio|use local  
[2017/12/11 10:16:05 797] tts        498  local audiolen:  212  ,ced:  204  
[2017/12/11 10:16:05 797] tts        527  0  udata(b80284d8) 1  
[2017/12/11 10:16:05 798] tts        657  TTS_MSG_GETAUDIO  0  
[2017/12/11 10:16:05 798] tts        485  get audio|use local  
[2017/12/11 10:16:05 798] tts        498  local audiolen:  1542  ,ced:  204  
[2017/12/11 10:16:05 798] tts        527  0  udata(b8028038) 1  
[2017/12/11 10:16:05 798] tts        657  TTS_MSG_GETAUDIO  0  
[2017/12/11 10:16:05 798] tts        485  get audio|use local  
[2017/12/11 10:16:05 798] tts        498  local audiolen:  8852  ,ced:  204  
[2017/12/11 10:16:05 798] tts        527  0  udata(b8028088) 1  
[2017/12/11 10:16:05 798] tts        657  TTS_MSG_GETAUDIO  0  
[2017/12/11 10:16:05 798] tts        485  get audio|use local  
[2017/12/11 10:16:05 798] tts        498  local audiolen:  4060  ,ced:  204  
[2017/12/11 10:16:05 799] tts        527  0  udata(b80283e8) 1  
[2017/12/11 10:16:05 799] tts        657  TTS_MSG_GETAUDIO  0  
[2017/12/11 10:16:05 799] tts        485  get audio|use local  
[2017/12/11 10:16:05 799] tts        498  local audiolen:  10276  ,ced:  204  
[2017/12/11 10:16:05 799] tts        527  0  udata(b80285c8) 1  
[2017/12/11 10:16:05 799] tts        657  TTS_MSG_GETAUDIO  0  
[2017/12/11 10:16:05 799] tts        485  get audio|use local  
[2017/12/11 10:16:05 800] tts        498  local audiolen:  7202  ,ced:  204  
[2017/12/11 10:16:05 800] tts        527  0  udata(b8028618) 1  
[2017/12/11 10:16:05 800] tts        657  TTS_MSG_GETAUDIO  0  
[2017/12/11 10:16:05 800] tts        485  get audio|use local  
[2017/12/11 10:16:05 800] tts        498  local audiolen:  12580  ,ced:  204  
[2017/12/11 10:16:05 800] tts        527  0  udata(b8028668) 1  
[2017/12/11 10:16:05 801] tts        657  TTS_MSG_GETAUDIO  0  
[2017/12/11 10:16:05 801] tts        485  get audio|use local  
[2017/12/11 10:16:05 801] tts        498  local audiolen:  6238  ,ced:  204  
[2017/12/11 10:16:05 801] tts        527  0  udata(b80287c8) 1  
[2017/12/11 10:16:05 801] tts        657  TTS_MSG_GETAUDIO  0  
[2017/12/11 10:16:05 801] tts        485  get audio|use local  
[2017/12/11 10:16:05 801] tts        498  local audiolen:  7486  ,ced:  204  
[2017/12/11 10:16:05 801] tts        527  0  udata(b8028818) 1  
[2017/12/11 10:16:05 802] tts        657  TTS_MSG_GETAUDIO  0  
[2017/12/11 10:16:05 802] tts        485  get audio|use local  
[2017/12/11 10:16:05 802] tts        498  local audiolen:  7252  ,ced:  204  
[2017/12/11 10:16:05 802] tts        527  0  udata(b8028978) 1  
[2017/12/11 10:16:05 802] tts        657  TTS_MSG_GETAUDIO  0  
[2017/12/11 10:16:05 802] tts        485  get audio|use local  
[2017/12/11 10:16:05 802] tts        498  local audiolen:  6560  ,ced:  204  
[2017/12/11 10:16:05 802] tts        527  0  udata(b80289c8) 1  
[2017/12/11 10:16:05 804] tts        657  TTS_MSG_GETAUDIO  0  
[2017/12/11 10:16:05 804] tts        485  get audio|use local  
[2017/12/11 10:16:05 804] tts        498  local audiolen:  512  ,ced:  204  
[2017/12/11 10:16:05 805] tts        527  0  udata(b802ae78) 1  
[2017/12/11 10:16:05 805] tts        657  TTS_MSG_GETAUDIO  0  
[2017/12/11 10:16:05 805] tts        485  get audio|use local  
[2017/12/11 10:16:05 805] tts        498  local audiolen:  512  ,ced:  204  
[2017/12/11 10:16:05 805] tts        527  0  udata(b802aec8) 1  
[2017/12/11 10:16:05 806] tts        657  TTS_MSG_GETAUDIO  0  
[2017/12/11 10:16:05 806] tts        485  get audio|use local  
[2017/12/11 10:16:05 806] tts        498  local audiolen:  512  ,ced:  204  
[2017/12/11 10:16:05 806] tts        527  0  udata(b802b218) 1  
[2017/12/11 10:16:05 807] tts        657  TTS_MSG_GETAUDIO  0  
[2017/12/11 10:16:05 807] tts        485  get audio|use local  
[2017/12/11 10:16:05 807] tts        498  local audiolen:  512  ,ced:  204  
[2017/12/11 10:16:05 808] tts        527  0  udata(b802b568) 1  
[2017/12/11 10:16:05 808] tts        657  TTS_MSG_GETAUDIO  0  
[2017/12/11 10:16:05 809] tts        485  get audio|use local  
[2017/12/11 10:16:05 809] tts        498  local audiolen:  512  ,ced:  204  
[2017/12/11 10:16:05 809] tts        527  0  udata(b802b7b8) 1  
[2017/12/11 10:16:05 810] tts        657  TTS_MSG_GETAUDIO  0  
[2017/12/11 10:16:05 810] tts        485  get audio|use local  
[2017/12/11 10:16:05 810] tts        498  local audiolen:  512  ,ced:  204  
[2017/12/11 10:16:05 810] tts        527  0  udata(b802bc08) 1  
[2017/12/11 10:16:05 810] tts        657  TTS_MSG_GETAUDIO  0  
[2017/12/11 10:16:05 810] tts        485  get audio|use local  
[2017/12/11 10:16:05 811] tts        498  local audiolen:  512  ,ced:  204  
[2017/12/11 10:16:05 811] tts        527  0  udata(b802ac68) 1  
[2017/12/11 10:16:05 812] tts        657  TTS_MSG_GETAUDIO  0  
[2017/12/11 10:16:05 812] tts        485  get audio|use local  
[2017/12/11 10:16:05 812] tts        498  local audiolen:  512  ,ced:  204  
[2017/12/11 10:16:05 812] tts        527  0  udata(b802c1c8) 1  
[2017/12/11 10:16:05 813] tts        657  TTS_MSG_GETAUDIO  0  
[2017/12/11 10:16:05 814] tts        485  get audio|use local  
[2017/12/11 10:16:05 814] tts        498  local audiolen:  512  ,ced:  204  
[2017/12/11 10:16:05 814] tts        527  0  udata(b802c618) 1  
[2017/12/11 10:16:05 815] tts        657  TTS_MSG_GETAUDIO  0  
[2017/12/11 10:16:05 815] tts        485  get audio|use local  
[2017/12/11 10:16:05 815] tts        498  local audiolen:  512  ,ced:  204  
[2017/12/11 10:16:05 815] tts        527  0  udata(b802ca88) 1  
[2017/12/11 10:16:05 815] tts        657  TTS_MSG_GETAUDIO  0  
[2017/12/11 10:16:05 815] tts        485  get audio|use local  
[2017/12/11 10:16:05 815] tts        498  local audiolen:  512  ,ced:  204  
[2017/12/11 10:16:05 815] tts        527  0  udata(b802cb38) 1  
[2017/12/11 10:16:05 816] tts        657  TTS_MSG_GETAUDIO  0  
[2017/12/11 10:16:05 816] tts        485  get audio|use local  
[2017/12/11 10:16:05 816] tts        498  local audiolen:  512  ,ced:  204  
[2017/12/11 10:16:05 816] tts        527  0  udata(b802cc28) 1  
[2017/12/11 10:16:05 816] tts        657  TTS_MSG_GETAUDIO  0  
[2017/12/11 10:16:05 816] tts        485  get audio|use local  
[2017/12/11 10:16:05 816] tts        498  local audiolen:  512  ,ced:  204  
[2017/12/11 10:16:05 816] tts        527  0  udata(b802ccd8) 1  
[2017/12/11 10:16:05 817] tts        657  TTS_MSG_GETAUDIO  0  
[2017/12/11 10:16:05 817] tts        485  get audio|use local  
[2017/12/11 10:16:05 817] tts        498  local audiolen:  512  ,ced:  204  
[2017/12/11 10:16:05 817] tts        527  0  udata(b802cd28) 1  
[2017/12/11 10:16:05 817] tts        657  TTS_MSG_GETAUDIO  0  
[2017/12/11 10:16:05 817] tts        485  get audio|use local  
[2017/12/11 10:16:05 817] tts        498  local audiolen:  512  ,ced:  204  
[2017/12/11 10:16:05 817] tts        527  0  udata(b802bcb8) 1  
[2017/12/11 10:16:05 817] tts        657  TTS_MSG_GETAUDIO  0  
[2017/12/11 10:16:05 817] tts        485  get audio|use local  
[2017/12/11 10:16:05 818] tts        498  local audiolen:  512  ,ced:  204  
[2017/12/11 10:16:05 818] tts        527  0  udata(b802bd08) 1  
[2017/12/11 10:16:05 818] tts        657  TTS_MSG_GETAUDIO  0  
[2017/12/11 10:16:05 818] tts        485  get audio|use local  
[2017/12/11 10:16:05 818] tts        498  local audiolen:  512  ,ced:  204  
[2017/12/11 10:16:05 818] tts        527  0  udata(b802bdf8) 1  
[2017/12/11 10:16:05 818] tts        657  TTS_MSG_GETAUDIO  0  
[2017/12/11 10:16:05 818] tts        485  get audio|use local  
[2017/12/11 10:16:05 818] tts        498  local audiolen:  512  ,ced:  204  
[2017/12/11 10:16:05 818] tts        527  0  udata(b802d088) 1  
[2017/12/11 10:16:05 819] tts        657  TTS_MSG_GETAUDIO  0  
[2017/12/11 10:16:05 819] tts        485  get audio|use local  
[2017/12/11 10:16:05 819] tts        498  local audiolen:  160  ,ced:  204  
[2017/12/11 10:16:05 820] tts        527  0  udata(b802ce28) 1  
[2017/12/11 10:16:05 825] tts        657  TTS_MSG_GETAUDIO  0  
[2017/12/11 10:16:05 825] tts        485  get audio|use local  
[2017/12/11 10:16:05 825] tts        498  local audiolen:  212  ,ced:  255  
[2017/12/11 10:16:05 825] tts        527  0  udata(b802a8f8) 1  
[2017/12/11 10:16:05 825] tts        657  TTS_MSG_GETAUDIO  0  
[2017/12/11 10:16:05 825] tts        485  get audio|use local  
[2017/12/11 10:16:05 825] tts        498  local audiolen:  6052  ,ced:  255  
[2017/12/11 10:16:05 825] tts        527  0  udata(b802cf18) 1  
[2017/12/11 10:16:05 827] tts        657  TTS_MSG_GETAUDIO  0  
[2017/12/11 10:16:05 827] tts        485  get audio|use local  
[2017/12/11 10:16:05 827] tts        498  local audiolen:  7526  ,ced:  255  
[2017/12/11 10:16:05 828] tts        527  0  udata(b802f1a8) 1  
[2017/12/11 10:16:05 828] tts        657  TTS_MSG_GETAUDIO  0  
[2017/12/11 10:16:05 828] tts        485  get audio|use local  
[2017/12/11 10:16:05 828] tts        498  local audiolen:  4842  ,ced:  255  
[2017/12/11 10:16:05 828] tts        527  0  udata(b802f1f8) 1  
[2017/12/11 10:16:05 830] tts        657  TTS_MSG_GETAUDIO  0  
[2017/12/11 10:16:05 830] tts        485  get audio|use local  
[2017/12/11 10:16:05 830] tts        498  local audiolen:  14652  ,ced:  255  
[2017/12/11 10:16:05 830] tts        527  0  udata(b802f248) 1  
[2017/12/11 10:16:05 831] tts        657  TTS_MSG_GETAUDIO  0  
[2017/12/11 10:16:05 831] tts        485  get audio|use local  
[2017/12/11 10:16:05 831] tts        498  local audiolen:  2880  ,ced:  255  
[2017/12/11 10:16:05 832] tts        527  0  udata(b8048bb8) 1  
[2017/12/11 10:16:05 832] tts        657  TTS_MSG_GETAUDIO  0  
[2017/12/11 10:16:05 832] tts        485  get audio|use local  
[2017/12/11 10:16:05 832] tts        498  local audiolen:  7204  ,ced:  255  
[2017/12/11 10:16:05 832] tts        527  0  udata(b802ed18) 1  
[2017/12/11 10:16:05 833] tts        657  TTS_MSG_GETAUDIO  0  
[2017/12/11 10:16:05 833] tts        485  get audio|use local  
[2017/12/11 10:16:05 834] tts        498  local audiolen:  14834  ,ced:  255  
[2017/12/11 10:16:05 834] tts        527  0  udata(b802ee68) 1  
[2017/12/11 10:16:05 835] tts        657  TTS_MSG_GETAUDIO  0  
[2017/12/11 10:16:05 835] tts        485  get audio|use local  
[2017/12/11 10:16:05 835] tts        498  local audiolen:  3070  ,ced:  255  
[2017/12/11 10:16:05 835] tts        527  0  udata(b8048db8) 1  
[2017/12/11 10:16:05 836] tts        657  TTS_MSG_GETAUDIO  0  
[2017/12/11 10:16:05 836] tts        485  get audio|use local  
[2017/12/11 10:16:05 837] tts        498  local audiolen:  6280  ,ced:  255  
[2017/12/11 10:16:05 837] tts        527  0  udata(b802ea98) 1  
[2017/12/11 10:16:05 838] tts        657  TTS_MSG_GETAUDIO  0  
[2017/12/11 10:16:05 838] tts        485  get audio|use local  
[2017/12/11 10:16:05 838] tts        498  local audiolen:  8024  ,ced:  255  
[2017/12/11 10:16:05 838] tts        527  0  udata(b8048e68) 1  
[2017/12/11 10:16:05 839] tts        657  TTS_MSG_GETAUDIO  0  
[2017/12/11 10:16:05 839] tts        485  get audio|use local  
[2017/12/11 10:16:05 839] tts        498  local audiolen:  8984  ,ced:  255  
[2017/12/11 10:16:05 839] tts        527  0  udata(b8048eb8) 1  
[2017/12/11 10:16:05 840] tts        657  TTS_MSG_GETAUDIO  0  
[2017/12/11 10:16:05 840] tts        485  get audio|use local  
[2017/12/11 10:16:05 840] tts        498  local audiolen:  5192  ,ced:  255  
[2017/12/11 10:16:05 840] tts        527  0  udata(b802e538) 1  
[2017/12/11 10:16:05 841] tts        657  TTS_MSG_GETAUDIO  0  
[2017/12/11 10:16:05 841] tts        485  get audio|use local  
[2017/12/11 10:16:05 841] tts        498  local audiolen:  4646  ,ced:  255  
[2017/12/11 10:16:05 841] tts        527  0  udata(b802e318) 1  
[2017/12/11 10:16:05 844] tts        657  TTS_MSG_GETAUDIO  0  
[2017/12/11 10:16:05 844] tts        485  get audio|use local  
[2017/12/11 10:16:05 844] tts        498  local audiolen:  7110  ,ced:  255  
[2017/12/11 10:16:05 844] tts        527  0  udata(b8048868) 1  
[2017/12/11 10:16:05 845] tts        657  TTS_MSG_GETAUDIO  0  
[2017/12/11 10:16:05 845] tts        485  get audio|use local  
[2017/12/11 10:16:05 845] tts        498  local audiolen:  9156  ,ced:  255  
[2017/12/11 10:16:05 845] tts        527  0  udata(b80488b8) 1  
[2017/12/11 10:16:05 845] tts        657  TTS_MSG_GETAUDIO  0  
[2017/12/11 10:16:05 845] tts        485  get audio|use local  
[2017/12/11 10:16:05 845] tts        498  local audiolen:  512  ,ced:  255  
[2017/12/11 10:16:05 845] tts        527  0  udata(b802d2e8) 1  
[2017/12/11 10:16:05 846] tts        657  TTS_MSG_GETAUDIO  0  
[2017/12/11 10:16:05 846] tts        485  get audio|use local  
[2017/12/11 10:16:05 846] tts        498  local audiolen:  512  ,ced:  255  
[2017/12/11 10:16:05 846] tts        527  0  udata(b8048a08) 1  
[2017/12/11 10:16:05 846] tts        657  TTS_MSG_GETAUDIO  0  
[2017/12/11 10:16:05 846] tts        485  get audio|use local  
[2017/12/11 10:16:05 846] tts        498  local audiolen:  512  ,ced:  255  
[2017/12/11 10:16:05 846] tts        527  0  udata(b8048a58) 1  
[2017/12/11 10:16:05 847] tts        657  TTS_MSG_GETAUDIO  0  
[2017/12/11 10:16:05 847] tts        485  get audio|use local  
[2017/12/11 10:16:05 847] tts        498  local audiolen:  512  ,ced:  255  
[2017/12/11 10:16:05 847] tts        527  0  udata(b8048aa8) 1  
[2017/12/11 10:16:05 847] tts        657  TTS_MSG_GETAUDIO  0  
[2017/12/11 10:16:05 847] tts        485  get audio|use local  
[2017/12/11 10:16:05 847] tts        498  local audiolen:  512  ,ced:  255  
[2017/12/11 10:16:05 847] tts        527  0  udata(b802d0d8) 1  
[2017/12/11 10:16:05 848] tts        657  TTS_MSG_GETAUDIO  0  
[2017/12/11 10:16:05 848] tts        485  get audio|use local  
[2017/12/11 10:16:05 848] tts        498  local audiolen:  512  ,ced:  255  
[2017/12/11 10:16:05 848] tts        527  0  udata(b802d188) 1  
[2017/12/11 10:16:05 848] tts        657  TTS_MSG_GETAUDIO  0  
[2017/12/11 10:16:05 848] tts        485  get audio|use local  
[2017/12/11 10:16:05 848] tts        498  local audiolen:  512  ,ced:  255  
[2017/12/11 10:16:05 848] tts        527  0  udata(b802d1d8) 1  
[2017/12/11 10:16:05 848] tts        657  TTS_MSG_GETAUDIO  0  
[2017/12/11 10:16:05 848] tts        485  get audio|use local  
[2017/12/11 10:16:05 848] tts        498  local audiolen:  512  ,ced:  255  
[2017/12/11 10:16:05 848] tts        527  0  udata(b802d228) 1  
[2017/12/11 10:16:05 849] tts        657  TTS_MSG_GETAUDIO  0  
[2017/12/11 10:16:05 849] tts        485  get audio|use local  
[2017/12/11 10:16:05 849] tts        498  local audiolen:  512  ,ced:  255  
[2017/12/11 10:16:05 849] tts        527  0  udata(b802d278) 1  
[2017/12/11 10:16:05 849] tts        657  TTS_MSG_GETAUDIO  0  
[2017/12/11 10:16:05 849] tts        485  get audio|use local  
[2017/12/11 10:16:05 849] tts        498  local audiolen:  512  ,ced:  255  
[2017/12/11 10:16:05 849] tts        527  0  udata(b802d6a8) 1  
[2017/12/11 10:16:05 850] tts        657  TTS_MSG_GETAUDIO  0  
[2017/12/11 10:16:05 850] tts        485  get audio|use local  
[2017/12/11 10:16:05 850] tts        498  local audiolen:  512  ,ced:  255  
[2017/12/11 10:16:05 850] tts        527  0  udata(b802d798) 1  
[2017/12/11 10:16:05 850] tts        657  TTS_MSG_GETAUDIO  0  
[2017/12/11 10:16:05 851] tts        485  get audio|use local  
[2017/12/11 10:16:05 851] tts        498  local audiolen:  512  ,ced:  255  
[2017/12/11 10:16:05 851] tts        527  0  udata(b802da08) 1  
[2017/12/11 10:16:05 851] tts        657  TTS_MSG_GETAUDIO  0  
[2017/12/11 10:16:05 851] tts        485  get audio|use local  
[2017/12/11 10:16:05 852] tts        498  local audiolen:  512  ,ced:  255  
[2017/12/11 10:16:05 852] tts        527  0  udata(b802d398) 1  
[2017/12/11 10:16:05 853] tts        657  TTS_MSG_GETAUDIO  0  
[2017/12/11 10:16:05 853] tts        485  get audio|use local  
[2017/12/11 10:16:05 853] tts        498  local audiolen:  512  ,ced:  255  
[2017/12/11 10:16:05 853] tts        527  0  udata(b802dec8) 1  
[2017/12/11 10:16:05 854] tts        657  TTS_MSG_GETAUDIO  0  
[2017/12/11 10:16:05 854] tts        485  get audio|use local  
[2017/12/11 10:16:05 854] tts        498  local audiolen:  512  ,ced:  255  
[2017/12/11 10:16:05 854] tts        527  0  udata(b802dab8) 1  
[2017/12/11 10:16:05 855] tts        657  TTS_MSG_GETAUDIO  0  
[2017/12/11 10:16:05 855] tts        485  get audio|use local  
[2017/12/11 10:16:05 855] tts        498  local audiolen:  512  ,ced:  255  
[2017/12/11 10:16:05 855] tts        527  0  udata(b804a988) 1  
[2017/12/11 10:16:05 855] tts        657  TTS_MSG_GETAUDIO  0  
[2017/12/11 10:16:05 855] tts        485  get audio|use local  
[2017/12/11 10:16:05 855] tts        498  local audiolen:  512  ,ced:  255  
[2017/12/11 10:16:05 855] tts        527  0  udata(b804aad8) 1  
[2017/12/11 10:16:05 856] tts        657  TTS_MSG_GETAUDIO  0  
[2017/12/11 10:16:05 857] tts        485  get audio|use local  
[2017/12/11 10:16:05 857] tts        498  local audiolen:  512  ,ced:  255  
[2017/12/11 10:16:05 857] tts        527  0  udata(b804ae28) 1  
[2017/12/11 10:16:05 859] tts        657  TTS_MSG_GETAUDIO  0  
[2017/12/11 10:16:05 859] tts        485  get audio|use local  
[2017/12/11 10:16:05 859] tts        498  local audiolen:  160  ,ced:  255  
[2017/12/11 10:16:05 859] tts        527  0  udata(b802e028) 1  
[2017/12/11 10:16:05 860] tts        657  TTS_MSG_GETAUDIO  0  
[2017/12/11 10:16:05 860] tts        485  get audio|use local  
[2017/12/11 10:16:05 860] tts        498  local audiolen:  212  ,ced:  321  
[2017/12/11 10:16:05 860] tts        527  0  udata(b804b988) 1  
[2017/12/11 10:16:05 860] tts        657  TTS_MSG_GETAUDIO  0  
[2017/12/11 10:16:05 860] tts        485  get audio|use local  
[2017/12/11 10:16:05 860] tts        498  local audiolen:  1542  ,ced:  321  
[2017/12/11 10:16:05 860] tts        527  0  udata(b802df78) 1  
[2017/12/11 10:16:05 861] tts        657  TTS_MSG_GETAUDIO  0  
[2017/12/11 10:16:05 861] tts        485  get audio|use local  
[2017/12/11 10:16:05 861] tts        498  local audiolen:  6900  ,ced:  321  
[2017/12/11 10:16:05 861] tts        527  0  udata(b804b938) 1  
[2017/12/11 10:16:05 861] tts        657  TTS_MSG_GETAUDIO  0  
[2017/12/11 10:16:05 861] tts        485  get audio|use local  
[2017/12/11 10:16:05 861] tts        498  local audiolen:  8672  ,ced:  321  
[2017/12/11 10:16:05 861] tts        527  0  udata(b804dbc8) 1  
[2017/12/11 10:16:05 862] tts        657  TTS_MSG_GETAUDIO  0  
[2017/12/11 10:16:05 862] tts        485  get audio|use local  
[2017/12/11 10:16:05 862] tts        498  local audiolen:  8634  ,ced:  321  
[2017/12/11 10:16:05 862] tts        527  0  udata(b804dc18) 1  
[2017/12/11 10:16:05 862] tts        657  TTS_MSG_GETAUDIO  0  
[2017/12/11 10:16:05 862] tts        485  get audio|use local  
[2017/12/11 10:16:05 862] tts        498  local audiolen:  6296  ,ced:  321  
[2017/12/11 10:16:05 862] tts        527  0  udata(b804d288) 1  
[2017/12/11 10:16:05 863] tts        657  TTS_MSG_GETAUDIO  0  
[2017/12/11 10:16:05 863] tts        485  get audio|use local  
[2017/12/11 10:16:05 863] tts        498  local audiolen:  13116  ,ced:  321  
[2017/12/11 10:16:05 863] tts        527  0  udata(b804d2d8) 1  
[2017/12/11 10:16:05 863] tts        657  TTS_MSG_GETAUDIO  0  
[2017/12/11 10:16:05 863] tts        485  get audio|use local  
[2017/12/11 10:16:05 863] tts        498  local audiolen:  7822  ,ced:  321  
[2017/12/11 10:16:05 863] tts        527  0  udata(b804fb08) 1  
[2017/12/11 10:16:05 864] tts        657  TTS_MSG_GETAUDIO  0  
[2017/12/11 10:16:05 864] tts        485  get audio|use local  
[2017/12/11 10:16:05 864] tts        498  local audiolen:  7278  ,ced:  321  
[2017/12/11 10:16:05 864] tts        527  0  udata(b804f8e8) 1  
[2017/12/11 10:16:05 864] tts        657  TTS_MSG_GETAUDIO  0  
[2017/12/11 10:16:05 864] tts        485  get audio|use local  
[2017/12/11 10:16:05 864] tts        498  local audiolen:  10996  ,ced:  321  
[2017/12/11 10:16:05 865] tts        527  0  udata(b804f938) 1  
[2017/12/11 10:16:05 865] tts        657  TTS_MSG_GETAUDIO  0  
[2017/12/11 10:16:05 865] tts        485  get audio|use local  
[2017/12/11 10:16:05 865] tts        498  local audiolen:  5662  ,ced:  321  
[2017/12/11 10:16:05 865] tts        527  0  udata(b804f988) 1  
[2017/12/11 10:16:05 866] tts        657  TTS_MSG_GETAUDIO  0  
[2017/12/11 10:16:05 866] tts        485  get audio|use local  
[2017/12/11 10:16:05 866] tts        498  local audiolen:  4844  ,ced:  321  
[2017/12/11 10:16:05 866] tts        527  0  udata(b804d168) 1  
[2017/12/11 10:16:05 866] tts        657  TTS_MSG_GETAUDIO  0  
[2017/12/11 10:16:05 866] tts        485  get audio|use local  
[2017/12/11 10:16:05 866] tts        498  local audiolen:  4988  ,ced:  321  
[2017/12/11 10:16:05 867] tts        527  0  udata(b804d1b8) 1  
[2017/12/11 10:16:05 867] tts        657  TTS_MSG_GETAUDIO  0  
[2017/12/11 10:16:05 867] tts        485  get audio|use local  
[2017/12/11 10:16:05 867] tts        498  local audiolen:  7156  ,ced:  321  
[2017/12/11 10:16:05 867] tts        527  0  udata(b804fc08) 1  
[2017/12/11 10:16:05 868] tts        657  TTS_MSG_GETAUDIO  0  
[2017/12/11 10:16:05 868] tts        485  get audio|use local  
[2017/12/11 10:16:05 868] tts        498  local audiolen:  7860  ,ced:  321  
[2017/12/11 10:16:05 868] tts        527  0  udata(b804fd68) 1  
[2017/12/11 10:16:05 869] tts        657  TTS_MSG_GETAUDIO  0  
[2017/12/11 10:16:05 869] tts        485  get audio|use local  
[2017/12/11 10:16:05 869] tts        498  local audiolen:  6746  ,ced:  321  
[2017/12/11 10:16:05 869] tts        527  0  udata(b804fdb8) 1  
[2017/12/11 10:16:05 869] tts        657  TTS_MSG_GETAUDIO  0  
[2017/12/11 10:16:05 869] tts        485  get audio|use local  
[2017/12/11 10:16:05 869] tts        498  local audiolen:  2406  ,ced:  321  
[2017/12/11 10:16:05 870] tts        527  0  udata(b804f7d8) 1  
[2017/12/11 10:16:05 870] tts        657  TTS_MSG_GETAUDIO  0  
[2017/12/11 10:16:05 870] tts        485  get audio|use local  
[2017/12/11 10:16:05 870] tts        498  local audiolen:  3882  ,ced:  321  
[2017/12/11 10:16:05 870] tts        527  0  udata(b804f828) 1  
[2017/12/11 10:16:05 871] tts        657  TTS_MSG_GETAUDIO  0  
[2017/12/11 10:16:05 871] tts        485  get audio|use local  
[2017/12/11 10:16:05 871] tts        498  local audiolen:  10444  ,ced:  321  
[2017/12/11 10:16:05 871] tts        527  0  udata(b804f878) 1  
[2017/12/11 10:16:05 871] tts        657  TTS_MSG_GETAUDIO  0  
[2017/12/11 10:16:05 871] tts        485  get audio|use local  
[2017/12/11 10:16:05 871] tts        498  local audiolen:  3944  ,ced:  321  
[2017/12/11 10:16:05 871] tts        527  0  udata(b804d548) 1  
[2017/12/11 10:16:05 872] tts        657  TTS_MSG_GETAUDIO  0  
[2017/12/11 10:16:05 872] tts        485  get audio|use local  
[2017/12/11 10:16:05 872] tts        498  local audiolen:  7792  ,ced:  321  
[2017/12/11 10:16:05 872] tts        527  0  udata(b804d598) 1  
[2017/12/11 10:16:05 873] tts        657  TTS_MSG_GETAUDIO  0  
[2017/12/11 10:16:05 873] tts        485  get audio|use local  
[2017/12/11 10:16:05 873] tts        498  local audiolen:  9890  ,ced:  321  
[2017/12/11 10:16:05 873] tts        527  0  udata(b804d6e8) 1  
[2017/12/11 10:16:05 873] tts        657  TTS_MSG_GETAUDIO  0  
[2017/12/11 10:16:05 873] tts        485  get audio|use local  
[2017/12/11 10:16:05 873] tts        498  local audiolen:  512  ,ced:  321  
[2017/12/11 10:16:05 874] tts        527  0  udata(b804da48) 1  
[2017/12/11 10:16:05 874] tts        657  TTS_MSG_GETAUDIO  0  
[2017/12/11 10:16:05 874] tts        485  get audio|use local  
[2017/12/11 10:16:05 874] tts        498  local audiolen:  512  ,ced:  321  
[2017/12/11 10:16:05 874] tts        527  0  udata(b804daf8) 1  
[2017/12/11 10:16:05 875] tts        657  TTS_MSG_GETAUDIO  0  
[2017/12/11 10:16:05 875] tts        485  get audio|use local  
[2017/12/11 10:16:05 875] tts        498  local audiolen:  512  ,ced:  321  
[2017/12/11 10:16:05 875] tts        527  0  udata(b804db48) 1  
[2017/12/11 10:16:05 875] tts        657  TTS_MSG_GETAUDIO  0  
[2017/12/11 10:16:05 875] tts        485  get audio|use local  
[2017/12/11 10:16:05 876] tts        498  local audiolen:  512  ,ced:  321  
[2017/12/11 10:16:05 876] tts        527  0  udata(b80297f8) 1  
[2017/12/11 10:16:05 876] tts        657  TTS_MSG_GETAUDIO  0  
[2017/12/11 10:16:05 876] tts        485  get audio|use local  
[2017/12/11 10:16:05 876] tts        498  local audiolen:  512  ,ced:  321  
[2017/12/11 10:16:05 876] tts        527  0  udata(b8029848) 1  
[2017/12/11 10:16:05 877] tts        657  TTS_MSG_GETAUDIO  0  
[2017/12/11 10:16:05 877] tts        485  get audio|use local  
[2017/12/11 10:16:05 877] tts        498  local audiolen:  512  ,ced:  321  
[2017/12/11 10:16:05 877] tts        527  0  udata(b8029898) 1  
[2017/12/11 10:16:05 877] tts        657  TTS_MSG_GETAUDIO  0  
[2017/12/11 10:16:05 877] tts        485  get audio|use local  
[2017/12/11 10:16:05 877] tts        498  local audiolen:  512  ,ced:  321  
[2017/12/11 10:16:05 878] tts        527  0  udata(b80298e8) 1  
[2017/12/11 10:16:05 878] tts        657  TTS_MSG_GETAUDIO  0  
[2017/12/11 10:16:05 878] tts        485  get audio|use local  
[2017/12/11 10:16:05 878] tts        498  local audiolen:  512  ,ced:  321  
[2017/12/11 10:16:05 878] tts        527  0  udata(b804d838) 1  
[2017/12/11 10:16:05 879] tts        657  TTS_MSG_GETAUDIO  0  
[2017/12/11 10:16:05 879] tts        485  get audio|use local  
[2017/12/11 10:16:05 879] tts        498  local audiolen:  512  ,ced:  321  
[2017/12/11 10:16:05 879] tts        527  0  udata(b804d888) 1  
[2017/12/11 10:16:05 879] tts        657  TTS_MSG_GETAUDIO  0  
[2017/12/11 10:16:05 879] tts        485  get audio|use local  
[2017/12/11 10:16:05 879] tts        498  local audiolen:  512  ,ced:  321  
[2017/12/11 10:16:05 879] tts        527  0  udata(b804d8d8) 1  
[2017/12/11 10:16:05 880] tts        657  TTS_MSG_GETAUDIO  0  
[2017/12/11 10:16:05 880] tts        485  get audio|use local  
[2017/12/11 10:16:05 880] tts        498  local audiolen:  512  ,ced:  321  
[2017/12/11 10:16:05 880] tts        527  0  udata(b804d9c8) 1  
[2017/12/11 10:16:05 881] tts        657  TTS_MSG_GETAUDIO  0  
[2017/12/11 10:16:05 881] tts        485  get audio|use local  
[2017/12/11 10:16:05 881] tts        498  local audiolen:  512  ,ced:  321  
[2017/12/11 10:16:05 881] tts        527  0  udata(b802a598) 1  
[2017/12/11 10:16:05 881] tts        657  TTS_MSG_GETAUDIO  0  
[2017/12/11 10:16:05 881] tts        485  get audio|use local  
[2017/12/11 10:16:05 882] tts        498  local audiolen:  512  ,ced:  321  
[2017/12/11 10:16:05 882] tts        527  0  udata(b802a688) 1  
[2017/12/11 10:16:05 882] tts        657  TTS_MSG_GETAUDIO  0  
[2017/12/11 10:16:05 882] tts        485  get audio|use local  
[2017/12/11 10:16:05 882] tts        498  local audiolen:  512  ,ced:  321  
[2017/12/11 10:16:05 882] tts        527  0  udata(b8029c68) 1  
[2017/12/11 10:16:05 883] tts        657  TTS_MSG_GETAUDIO  0  
[2017/12/11 10:16:05 883] tts        485  get audio|use local  
[2017/12/11 10:16:05 883] tts        498  local audiolen:  512  ,ced:  321  
[2017/12/11 10:16:05 883] tts        527  0  udata(b8029d58) 1  
[2017/12/11 10:16:05 883] tts        657  TTS_MSG_GETAUDIO  0  
[2017/12/11 10:16:05 883] tts        485  get audio|use local  
[2017/12/11 10:16:05 883] tts        498  local audiolen:  512  ,ced:  321  
[2017/12/11 10:16:05 884] tts        527  0  udata(b802a388) 1  
[2017/12/11 10:16:05 884] tts        657  TTS_MSG_GETAUDIO  0  
[2017/12/11 10:16:05 884] tts        485  get audio|use local  
[2017/12/11 10:16:05 884] tts        498  local audiolen:  512  ,ced:  321  
[2017/12/11 10:16:05 884] tts        527  0  udata(b804ba28) 1  
[2017/12/11 10:16:05 885] tts        657  TTS_MSG_GETAUDIO  0  
[2017/12/11 10:16:05 885] tts        485  get audio|use local  
[2017/12/11 10:16:05 885] tts        498  local audiolen:  512  ,ced:  321  
[2017/12/11 10:16:05 885] tts        527  0  udata(b8029f78) 1  
[2017/12/11 10:16:05 886] tts        657  TTS_MSG_GETAUDIO  0  
[2017/12/11 10:16:05 886] tts        485  get audio|use local  
[2017/12/11 10:16:05 886] tts        498  local audiolen:  160  ,ced:  321  
[2017/12/11 10:16:05 886] tts        527  0  udata(b802a078) 1  
[2017/12/11 10:16:05 887] tts        657  TTS_MSG_GETAUDIO  0  
[2017/12/11 10:16:05 887] tts        485  get audio|use local  
[2017/12/11 10:16:05 887] tts        498  local audiolen:  212  ,ced:  354  
[2017/12/11 10:16:05 888] tts        527  0  udata(b8029fc8) 1  
[2017/12/11 10:16:05 888] tts        657  TTS_MSG_GETAUDIO  0  
[2017/12/11 10:16:05 888] tts        485  get audio|use local  
[2017/12/11 10:16:05 888] tts        498  local audiolen:  5572  ,ced:  354  
[2017/12/11 10:16:05 888] tts        527  0  udata(b802a018) 1  
[2017/12/11 10:16:05 889] tts        657  TTS_MSG_GETAUDIO  0  
[2017/12/11 10:16:05 889] tts        485  get audio|use local  
[2017/12/11 10:16:05 889] tts        498  local audiolen:  3082  ,ced:  354  
[2017/12/11 10:16:05 889] tts        527  0  udata(b8029da8) 1  
[2017/12/11 10:16:05 890] tts        657  TTS_MSG_GETAUDIO  0  
[2017/12/11 10:16:05 890] tts        485  get audio|use local  
[2017/12/11 10:16:05 890] tts        498  local audiolen:  9850  ,ced:  354  
[2017/12/11 10:16:05 890] tts        527  0  udata(b804f648) 1  
[2017/12/11 10:16:05 892] tts        301  0  0  
[2017/12/11 10:16:05 892] tts        312  TTS_LOCAL_CB_END,  2  
[2017/12/11 10:16:05 892] tts        657  TTS_MSG_GETAUDIO  0  
[2017/12/11 10:16:05 892] tts        485  get audio|use local  
[2017/12/11 10:16:05 892] tts        498  local audiolen:  2620  ,ced:  354  
[2017/12/11 10:16:05 892] tts        527  0  udata(b804c8f8) 1  
[2017/12/11 10:16:05 892] tts        657  TTS_MSG_GETAUDIO  0  
[2017/12/11 10:16:05 892] tts        485  get audio|use local  
[2017/12/11 10:16:05 892] tts        498  local audiolen:  9378  ,ced:  354  
[2017/12/11 10:16:05 892] tts        527  0  udata(b804c948) 1  
[2017/12/11 10:16:05 893] tts        657  TTS_MSG_GETAUDIO  0  
[2017/12/11 10:16:05 893] tts        485  get audio|use local  
[2017/12/11 10:16:05 893] tts        498  local audiolen:  6968  ,ced:  354  
[2017/12/11 10:16:05 893] tts        527  0  udata(b804c998) 1  
[2017/12/11 10:16:05 893] tts        657  TTS_MSG_GETAUDIO  0  
[2017/12/11 10:16:05 893] tts        485  get audio|use local  
[2017/12/11 10:16:05 893] tts        498  local audiolen:  7218  ,ced:  354  
[2017/12/11 10:16:05 893] tts        527  0  udata(b804c9e8) 1  
[2017/12/11 10:16:05 893] tts        657  TTS_MSG_GETAUDIO  0  
[2017/12/11 10:16:05 893] tts        485  get audio|use local  
[2017/12/11 10:16:05 893] tts        498  local audiolen:  7212  ,ced:  354  
[2017/12/11 10:16:05 893] tts        527  0  udata(b804ca38) 1  
[2017/12/11 10:16:05 893] tts        657  TTS_MSG_GETAUDIO  0  
[2017/12/11 10:16:05 893] tts        485  get audio|use local  
[2017/12/11 10:16:05 893] tts        498  local audiolen:  13614  ,ced:  354  
[2017/12/11 10:16:05 893] tts        527  0  udata(b804ca88) 1  
[2017/12/11 10:16:05 894] tts        657  TTS_MSG_GETAUDIO  0  
[2017/12/11 10:16:05 894] tts        485  get audio|use local  
[2017/12/11 10:16:05 894] tts        498  local audiolen:  10230  ,ced:  354  
[2017/12/11 10:16:05 894] tts        527  0  udata(b804cad8) 1  
[2017/12/11 10:16:05 894] tts        657  TTS_MSG_GETAUDIO  0  
[2017/12/11 10:16:05 894] tts        485  get audio|use local  
[2017/12/11 10:16:05 894] tts        498  local audiolen:  512  ,ced:  354  
[2017/12/11 10:16:05 894] tts        527  0  udata(b804cd98) 1  
[2017/12/11 10:16:05 894] tts        657  TTS_MSG_GETAUDIO  0  
[2017/12/11 10:16:05 894] tts        485  get audio|use local  
[2017/12/11 10:16:05 894] tts        498  local audiolen:  512  ,ced:  354  
[2017/12/11 10:16:05 894] tts        527  0  udata(b804cde8) 1  
[2017/12/11 10:16:05 894] tts        657  TTS_MSG_GETAUDIO  0  
[2017/12/11 10:16:05 894] tts        485  get audio|use local  
[2017/12/11 10:16:05 894] tts        498  local audiolen:  512  ,ced:  354  
[2017/12/11 10:16:05 894] tts        527  0  udata(b804ce38) 1  
[2017/12/11 10:16:05 895] tts        657  TTS_MSG_GETAUDIO  0  
[2017/12/11 10:16:05 895] tts        485  get audio|use local  
[2017/12/11 10:16:05 895] tts        498  local audiolen:  512  ,ced:  354  
[2017/12/11 10:16:05 895] tts        527  0  udata(b804ce88) 1  
[2017/12/11 10:16:05 895] tts        657  TTS_MSG_GETAUDIO  0  
[2017/12/11 10:16:05 895] tts        485  get audio|use local  
[2017/12/11 10:16:05 895] tts        498  local audiolen:  512  ,ced:  354  
[2017/12/11 10:16:05 895] tts        527  0  udata(b804ced8) 1  
[2017/12/11 10:16:05 895] tts        657  TTS_MSG_GETAUDIO  0  
[2017/12/11 10:16:05 895] tts        485  get audio|use local  
[2017/12/11 10:16:05 895] tts        498  local audiolen:  512  ,ced:  354  
[2017/12/11 10:16:05 895] tts        527  0  udata(b804cf28) 1  
[2017/12/11 10:16:05 895] tts        657  TTS_MSG_GETAUDIO  0  
[2017/12/11 10:16:05 895] tts        485  get audio|use local  
[2017/12/11 10:16:05 895] tts        498  local audiolen:  512  ,ced:  354  
[2017/12/11 10:16:05 895] tts        527  0  udata(b804cf78) 1  
[2017/12/11 10:16:05 896] tts        657  TTS_MSG_GETAUDIO  0  
[2017/12/11 10:16:05 896] tts        485  get audio|use local  
[2017/12/11 10:16:05 896] tts        498  local audiolen:  512  ,ced:  354  
[2017/12/11 10:16:05 896] tts        527  0  udata(b804cfc8) 1  
[2017/12/11 10:16:05 896] tts        657  TTS_MSG_GETAUDIO  0  
[2017/12/11 10:16:05 896] tts        485  get audio|use local  
[2017/12/11 10:16:05 896] tts        498  local audiolen:  512  ,ced:  354  
[2017/12/11 10:16:05 896] tts        527  0  udata(b804d018) 1  
[2017/12/11 10:16:05 896] tts        657  TTS_MSG_GETAUDIO  0  
[2017/12/11 10:16:05 896] tts        485  get audio|use local  
[2017/12/11 10:16:05 896] tts        498  local audiolen:  512  ,ced:  354  
[2017/12/11 10:16:05 896] tts        527  0  udata(b804dc68) 1  
[2017/12/11 10:16:05 896] tts        657  TTS_MSG_GETAUDIO  0  
[2017/12/11 10:16:05 896] tts        485  get audio|use local  
[2017/12/11 10:16:05 896] tts        498  local audiolen:  512  ,ced:  354  
[2017/12/11 10:16:05 896] tts        527  0  udata(b804dcb8) 1  
[2017/12/11 10:16:05 896] tts        657  TTS_MSG_GETAUDIO  0  
[2017/12/11 10:16:05 897] tts        485  get audio|use local  
[2017/12/11 10:16:05 897] tts        498  local audiolen:  512  ,ced:  354  
[2017/12/11 10:16:05 897] tts        527  0  udata(b804dd08) 1  
[2017/12/11 10:16:05 897] tts        657  TTS_MSG_GETAUDIO  0  
[2017/12/11 10:16:05 897] tts        485  get audio|use local  
[2017/12/11 10:16:05 897] tts        498  local audiolen:  512  ,ced:  354  
[2017/12/11 10:16:05 897] tts        527  0  udata(b804dd58) 1  
[2017/12/11 10:16:05 897] tts        657  TTS_MSG_GETAUDIO  0  
[2017/12/11 10:16:05 897] tts        485  get audio|use local  
[2017/12/11 10:16:05 897] tts        498  local audiolen:  512  ,ced:  354  
[2017/12/11 10:16:05 897] tts        527  0  udata(b804dda8) 1  
[2017/12/11 10:16:05 897] tts        657  TTS_MSG_GETAUDIO  0  
[2017/12/11 10:16:05 897] tts        485  get audio|use local  
[2017/12/11 10:16:05 897] tts        498  local audiolen:  512  ,ced:  354  
[2017/12/11 10:16:05 897] tts        527  0  udata(b804ddf8) 1  
[2017/12/11 10:16:05 897] tts        657  TTS_MSG_GETAUDIO  0  
[2017/12/11 10:16:05 897] tts        485  get audio|use local  
[2017/12/11 10:16:05 897] tts        498  local audiolen:  512  ,ced:  354  
[2017/12/11 10:16:05 898] tts        527  0  udata(b804de48) 1  
[2017/12/11 10:16:05 898] tts        657  TTS_MSG_GETAUDIO  0  
[2017/12/11 10:16:05 898] tts        485  get audio|use local  
[2017/12/11 10:16:05 898] tts        498  local audiolen:  512  ,ced:  354  
[2017/12/11 10:16:05 898] tts        527  0  udata(b804de98) 1  
[2017/12/11 10:16:05 898] tts        657  TTS_MSG_GETAUDIO  0  
[2017/12/11 10:16:05 898] tts        485  get audio|use local  
[2017/12/11 10:16:05 898] tts        498  local audiolen:  512  ,ced:  354  
[2017/12/11 10:16:05 898] tts        527  0  udata(b804dee8) 1  
[2017/12/11 10:16:05 898] tts        657  TTS_MSG_GETAUDIO  0  
[2017/12/11 10:16:05 898] tts        485  get audio|use local  
[2017/12/11 10:16:05 898] tts        498  local audiolen:  160  ,ced:  354  
[2017/12/11 10:16:05 898] tts        527  0  udata(b804cc38) 1  
[2017/12/11 10:16:05 898] tts        657  TTS_MSG_GETAUDIO  0  
[2017/12/11 10:16:05 898] tts        485  get audio|use local  
[2017/12/11 10:16:05 898] tts        498  local audiolen:  212  ,ced:  432  
[2017/12/11 10:16:05 898] tts        527  0  udata(b804cb88) 1  
[2017/12/11 10:16:05 899] tts        657  TTS_MSG_GETAUDIO  0  
[2017/12/11 10:16:05 899] tts        485  get audio|use local  
[2017/12/11 10:16:05 899] tts        498  local audiolen:  5092  ,ced:  432  
[2017/12/11 10:16:05 899] tts        527  0  udata(b804cbd8) 1  
[2017/12/11 10:16:05 899] tts        657  TTS_MSG_GETAUDIO  0  
[2017/12/11 10:16:05 899] tts        485  get audio|use local  
[2017/12/11 10:16:05 899] tts        498  local audiolen:  6414  ,ced:  432  
[2017/12/11 10:16:05 899] tts        527  0  udata(b804cb28) 1  
[2017/12/11 10:16:05 899] tts        657  TTS_MSG_GETAUDIO  0  
[2017/12/11 10:16:05 899] tts        485  get audio|use local  
[2017/12/11 10:16:05 899] tts        498  local audiolen:  8138  ,ced:  432  
[2017/12/11 10:16:05 899] tts        527  0  udata(b804cc88) 1  
[2017/12/11 10:16:05 899] tts        657  TTS_MSG_GETAUDIO  0  
[2017/12/11 10:16:05 899] tts        485  get audio|use local  
[2017/12/11 10:16:05 899] tts        498  local audiolen:  8586  ,ced:  432  
[2017/12/11 10:16:05 899] tts        527  0  udata(b804ccd8) 1  
[2017/12/11 10:16:05 900] tts        657  TTS_MSG_GETAUDIO  0  
[2017/12/11 10:16:05 900] tts        485  get audio|use local  
[2017/12/11 10:16:05 900] tts        498  local audiolen:  5968  ,ced:  432  
[2017/12/11 10:16:05 900] tts        527  0  udata(b804cd28) 1  
[2017/12/11 10:16:05 900] tts        657  TTS_MSG_GETAUDIO  0  
[2017/12/11 10:16:05 900] tts        485  get audio|use local  
[2017/12/11 10:16:05 900] tts        498  local audiolen:  2992  ,ced:  432  
[2017/12/11 10:16:05 900] tts        527  0  udata(b804eaf8) 1  
[2017/12/11 10:16:05 900] tts        657  TTS_MSG_GETAUDIO  0  
[2017/12/11 10:16:05 900] tts        485  get audio|use local  
[2017/12/11 10:16:05 900] tts        498  local audiolen:  15262  ,ced:  432  
[2017/12/11 10:16:05 900] tts        527  0  udata(b804eb48) 1  
[2017/12/11 10:16:05 900] tts        657  TTS_MSG_GETAUDIO  0  
[2017/12/11 10:16:05 900] tts        485  get audio|use local  
[2017/12/11 10:16:05 900] tts        498  local audiolen:  4798  ,ced:  432  
[2017/12/11 10:16:05 900] tts        527  0  udata(b804eb98) 1  
[2017/12/11 10:16:05 901] tts        657  TTS_MSG_GETAUDIO  0  
[2017/12/11 10:16:05 901] tts        485  get audio|use local  
[2017/12/11 10:16:05 901] tts        498  local audiolen:  7394  ,ced:  432  
[2017/12/11 10:16:05 901] tts        527  0  udata(b804ebe8) 1  
[2017/12/11 10:16:05 901] tts        657  TTS_MSG_GETAUDIO  0  
[2017/12/11 10:16:05 901] tts        485  get audio|use local  
[2017/12/11 10:16:05 901] tts        498  local audiolen:  4792  ,ced:  432  
[2017/12/11 10:16:05 901] tts        527  0  udata(b804ec38) 1  
[2017/12/11 10:16:05 901] tts        657  TTS_MSG_GETAUDIO  0  
[2017/12/11 10:16:05 901] tts        485  get audio|use local  
[2017/12/11 10:16:05 901] tts        498  local audiolen:  10748  ,ced:  432  
[2017/12/11 10:16:05 901] tts        527  0  udata(b804ec88) 1  
[2017/12/11 10:16:05 901] tts        657  TTS_MSG_GETAUDIO  0  
[2017/12/11 10:16:05 901] tts        485  get audio|use local  
[2017/12/11 10:16:05 901] tts        498  local audiolen:  6968  ,ced:  432  
[2017/12/11 10:16:05 901] tts        527  0  udata(b804ecd8) 1  
[2017/12/11 10:16:05 902] tts        657  TTS_MSG_GETAUDIO  0  
[2017/12/11 10:16:05 902] tts        485  get audio|use local  
[2017/12/11 10:16:05 902] tts        498  local audiolen:  6374  ,ced:  432  
[2017/12/11 10:16:05 902] tts        527  0  udata(b804ed28) 1  
[2017/12/11 10:16:05 902] tts        657  TTS_MSG_GETAUDIO  0  
[2017/12/11 10:16:05 902] tts        485  get audio|use local  
[2017/12/11 10:16:05 902] tts        498  local audiolen:  14612  ,ced:  432  
[2017/12/11 10:16:05 902] tts        527  0  udata(b804ed78) 1  
[2017/12/11 10:16:05 902] tts        657  TTS_MSG_GETAUDIO  0  
[2017/12/11 10:16:05 902] tts        485  get audio|use local  
[2017/12/11 10:16:05 902] tts        498  local audiolen:  5278  ,ced:  432  
[2017/12/11 10:16:05 902] tts        527  0  udata(b804edc8) 1  
[2017/12/11 10:16:05 902] tts        657  TTS_MSG_GETAUDIO  0  
[2017/12/11 10:16:05 902] tts        485  get audio|use local  
[2017/12/11 10:16:05 902] tts        498  local audiolen:  5854  ,ced:  432  
[2017/12/11 10:16:05 902] tts        527  0  udata(b804ee18) 1  
[2017/12/11 10:16:05 903] tts        657  TTS_MSG_GETAUDIO  0  
[2017/12/11 10:16:05 903] tts        485  get audio|use local  
[2017/12/11 10:16:05 903] tts        498  local audiolen:  6592  ,ced:  432  
[2017/12/11 10:16:05 903] tts        527  0  udata(b804ee68) 1  
[2017/12/11 10:16:05 903] tts        657  TTS_MSG_GETAUDIO  0  
[2017/12/11 10:16:05 903] tts        485  get audio|use local  
[2017/12/11 10:16:05 903] tts        498  local audiolen:  7354  ,ced:  432  
[2017/12/11 10:16:05 903] tts        527  0  udata(b804eeb8) 1  
[2017/12/11 10:16:05 903] tts        657  TTS_MSG_GETAUDIO  0  
[2017/12/11 10:16:05 903] tts        485  get audio|use local  
[2017/12/11 10:16:05 903] tts        498  local audiolen:  6274  ,ced:  432  
[2017/12/11 10:16:05 903] tts        527  0  udata(b804ef08) 1  
[2017/12/11 10:16:05 903] tts        657  TTS_MSG_GETAUDIO  0  
[2017/12/11 10:16:05 903] tts        485  get audio|use local  
[2017/12/11 10:16:05 903] tts        498  local audiolen:  6204  ,ced:  432  
[2017/12/11 10:16:05 903] tts        527  0  udata(b804ef58) 1  
[2017/12/11 10:16:05 904] tts        657  TTS_MSG_GETAUDIO  0  
[2017/12/11 10:16:05 904] tts        485  get audio|use local  
[2017/12/11 10:16:05 904] tts        498  local audiolen:  11030  ,ced:  432  
[2017/12/11 10:16:05 904] tts        527  0  udata(b804efa8) 1  
[2017/12/11 10:16:05 904] tts        657  TTS_MSG_GETAUDIO  0  
[2017/12/11 10:16:05 904] tts        485  get audio|use local  
[2017/12/11 10:16:05 904] tts        498  local audiolen:  3994  ,ced:  432  
[2017/12/11 10:16:05 904] tts        527  0  udata(b804eff8) 1  
[2017/12/11 10:16:05 904] tts        657  TTS_MSG_GETAUDIO  0  
[2017/12/11 10:16:05 904] tts        485  get audio|use local  
[2017/12/11 10:16:05 904] tts        498  local audiolen:  4350  ,ced:  432  
[2017/12/11 10:16:05 904] tts        527  0  udata(b804f048) 1  
[2017/12/11 10:16:05 904] tts        657  TTS_MSG_GETAUDIO  0  
[2017/12/11 10:16:05 904] tts        485  get audio|use local  
[2017/12/11 10:16:05 904] tts        498  local audiolen:  8316  ,ced:  432  
[2017/12/11 10:16:05 904] tts        527  0  udata(b804f098) 1  
[2017/12/11 10:16:05 905] tts        657  TTS_MSG_GETAUDIO  0  
[2017/12/11 10:16:05 905] tts        485  get audio|use local  
[2017/12/11 10:16:05 905] tts        498  local audiolen:  5818  ,ced:  432  
[2017/12/11 10:16:05 905] tts        527  0  udata(b804f0e8) 1  
[2017/12/11 10:16:05 905] tts        657  TTS_MSG_GETAUDIO  0  
[2017/12/11 10:16:05 905] tts        485  get audio|use local  
[2017/12/11 10:16:05 905] tts        498  local audiolen:  9706  ,ced:  432  
[2017/12/11 10:16:05 905] tts        527  0  udata(b804f138) 1  
[2017/12/11 10:16:05 905] tts        657  TTS_MSG_GETAUDIO  0  
[2017/12/11 10:16:05 905] tts        485  get audio|use local  
[2017/12/11 10:16:05 905] tts        498  local audiolen:  512  ,ced:  432  
[2017/12/11 10:16:05 905] tts        527  0  udata(b804e148) 1  
[2017/12/11 10:16:05 905] tts        657  TTS_MSG_GETAUDIO  0  
[2017/12/11 10:16:05 905] tts        485  get audio|use local  
[2017/12/11 10:16:05 905] tts        498  local audiolen:  512  ,ced:  432  
[2017/12/11 10:16:05 905] tts        527  0  udata(b804f1e8) 1  
[2017/12/11 10:16:05 906] tts        657  TTS_MSG_GETAUDIO  0  
[2017/12/11 10:16:05 906] tts        485  get audio|use local  
[2017/12/11 10:16:05 906] tts        498  local audiolen:  512  ,ced:  432  
[2017/12/11 10:16:05 906] tts        527  0  udata(b804e198) 1  
[2017/12/11 10:16:05 906] tts        657  TTS_MSG_GETAUDIO  0  
[2017/12/11 10:16:05 906] tts        485  get audio|use local  
[2017/12/11 10:16:05 906] tts        498  local audiolen:  512  ,ced:  432  
[2017/12/11 10:16:05 906] tts        527  0  udata(b804e1e8) 1  
[2017/12/11 10:16:05 906] tts        657  TTS_MSG_GETAUDIO  0  
[2017/12/11 10:16:05 906] tts        485  get audio|use local  
[2017/12/11 10:16:05 906] tts        498  local audiolen:  512  ,ced:  432  
[2017/12/11 10:16:05 906] tts        527  0  udata(b804e238) 1  
[2017/12/11 10:16:05 906] tts        657  TTS_MSG_GETAUDIO  0  
[2017/12/11 10:16:05 906] tts        485  get audio|use local  
[2017/12/11 10:16:05 906] tts        498  local audiolen:  512  ,ced:  432  
[2017/12/11 10:16:05 906] tts        527  0  udata(b804e288) 1  
[2017/12/11 10:16:05 906] tts        657  TTS_MSG_GETAUDIO  0  
[2017/12/11 10:16:05 907] tts        485  get audio|use local  
[2017/12/11 10:16:05 907] tts        498  local audiolen:  512  ,ced:  432  
[2017/12/11 10:16:05 907] tts        527  0  udata(b804e2d8) 1  
[2017/12/11 10:16:05 907] tts        657  TTS_MSG_GETAUDIO  0  
[2017/12/11 10:16:05 907] tts        485  get audio|use local  
[2017/12/11 10:16:05 907] tts        498  local audiolen:  512  ,ced:  432  
[2017/12/11 10:16:05 907] tts        527  0  udata(b804e328) 1  
[2017/12/11 10:16:05 907] tts        657  TTS_MSG_GETAUDIO  0  
[2017/12/11 10:16:05 907] tts        485  get audio|use local  
[2017/12/11 10:16:05 907] tts        498  local audiolen:  512  ,ced:  432  
[2017/12/11 10:16:05 907] tts        527  0  udata(b804e378) 1  
[2017/12/11 10:16:05 907] tts        657  TTS_MSG_GETAUDIO  0  
[2017/12/11 10:16:05 907] tts        485  get audio|use local  
[2017/12/11 10:16:05 907] tts        498  local audiolen:  512  ,ced:  432  
[2017/12/11 10:16:05 907] tts        527  0  udata(b804e3c8) 1  
[2017/12/11 10:16:05 907] tts        657  TTS_MSG_GETAUDIO  0  
[2017/12/11 10:16:05 907] tts        485  get audio|use local  
[2017/12/11 10:16:05 907] tts        498  local audiolen:  512  ,ced:  432  
[2017/12/11 10:16:05 907] tts        527  0  udata(b804e418) 1  
[2017/12/11 10:16:05 908] tts        657  TTS_MSG_GETAUDIO  0  
[2017/12/11 10:16:05 908] tts        485  get audio|use local  
[2017/12/11 10:16:05 908] tts        498  local audiolen:  512  ,ced:  432  
[2017/12/11 10:16:05 908] tts        527  0  udata(b804e468) 1  
[2017/12/11 10:16:05 908] tts        657  TTS_MSG_GETAUDIO  0  
[2017/12/11 10:16:05 908] tts        485  get audio|use local  
[2017/12/11 10:16:05 908] tts        498  local audiolen:  512  ,ced:  432  
[2017/12/11 10:16:05 908] tts        527  0  udata(b804e4b8) 1  
[2017/12/11 10:16:05 908] tts        657  TTS_MSG_GETAUDIO  0  
[2017/12/11 10:16:05 908] tts        485  get audio|use local  
[2017/12/11 10:16:05 908] tts        498  local audiolen:  512  ,ced:  432  
[2017/12/11 10:16:05 908] tts        527  0  udata(b804e508) 1  
[2017/12/11 10:16:05 908] tts        657  TTS_MSG_GETAUDIO  0  
[2017/12/11 10:16:05 908] tts        485  get audio|use local  
[2017/12/11 10:16:05 908] tts        498  local audiolen:  512  ,ced:  432  
[2017/12/11 10:16:05 908] tts        527  0  udata(b804e558) 1  
[2017/12/11 10:16:05 909] tts        657  TTS_MSG_GETAUDIO  0  
[2017/12/11 10:16:05 909] tts        485  get audio|use local  
[2017/12/11 10:16:05 909] tts        498  local audiolen:  512  ,ced:  432  
[2017/12/11 10:16:05 909] tts        527  0  udata(b804e5a8) 1  
[2017/12/11 10:16:05 909] tts        657  TTS_MSG_GETAUDIO  0  
[2017/12/11 10:16:05 909] tts        485  get audio|use local  
[2017/12/11 10:16:05 909] tts        498  local audiolen:  512  ,ced:  432  
[2017/12/11 10:16:05 909] tts        527  0  udata(b804e5f8) 1  
[2017/12/11 10:16:05 909] tts        657  TTS_MSG_GETAUDIO  0  
[2017/12/11 10:16:05 909] tts        485  get audio|use local  
[2017/12/11 10:16:05 909] tts        498  local audiolen:  512  ,ced:  432  
[2017/12/11 10:16:05 909] tts        527  0  udata(b804e648) 1  
[2017/12/11 10:16:05 909] tts        657  TTS_MSG_GETAUDIO  0  
[2017/12/11 10:16:05 909] tts        485  get audio|use local  
[2017/12/11 10:16:05 909] tts        498  local audiolen:  512  ,ced:  432  
[2017/12/11 10:16:05 909] tts        527  0  udata(b804e698) 1  
[2017/12/11 10:16:05 910] tts        657  TTS_MSG_GETAUDIO  0  
[2017/12/11 10:16:05 910] tts        485  get audio|use local  
[2017/12/11 10:16:05 910] tts        498  local audiolen:  512  ,ced:  432  
[2017/12/11 10:16:05 910] tts        527  0  udata(b804e6e8) 1  
[2017/12/11 10:16:05 910] tts        657  TTS_MSG_GETAUDIO  0  
[2017/12/11 10:16:05 910] tts        485  get audio|use local  
[2017/12/11 10:16:05 910] tts        498  local audiolen:  512  ,ced:  432  
[2017/12/11 10:16:05 910] tts        527  0  udata(b804e738) 1  
[2017/12/11 10:16:05 910] tts        657  TTS_MSG_GETAUDIO  0  
[2017/12/11 10:16:05 910] tts        485  get audio|use local  
[2017/12/11 10:16:05 910] tts        498  local audiolen:  512  ,ced:  432  
[2017/12/11 10:16:05 910] tts        527  0  udata(b804e788) 1  
[2017/12/11 10:16:05 910] tts        657  TTS_MSG_GETAUDIO  0  
[2017/12/11 10:16:05 910] tts        485  get audio|use local  
[2017/12/11 10:16:05 910] tts        498  local audiolen:  512  ,ced:  432  
[2017/12/11 10:16:05 910] tts        527  0  udata(b804e7d8) 1  
[2017/12/11 10:16:05 910] tts        657  TTS_MSG_GETAUDIO  0  
[2017/12/11 10:16:05 910] tts        485  get audio|use local  
[2017/12/11 10:16:05 910] tts        498  local audiolen:  512  ,ced:  432  
[2017/12/11 10:16:05 910] tts        527  0  udata(b804e828) 1  
[2017/12/11 10:16:05 911] tts        657  TTS_MSG_GETAUDIO  0  
[2017/12/11 10:16:05 911] tts        485  get audio|use local  
[2017/12/11 10:16:05 911] tts        498  local audiolen:  214  ,ced:  432  
[2017/12/11 10:16:05 911] tts        527  0  udata(b804e028) 2  
[2017/12/11 10:16:05 911] tts        660  TTS_MSG_SSE  
[2017/12/11 10:16:05 912] tts        585  sse|use local  
[2017/12/11 10:16:05 912] tts        603  tts exit  
