============================================================
Time  2017/12/10 16:54:49 005 
============================================================
[2017/12/10 16:54:49 005] tts        676  SYS_MSG_REGCB param0 =  msp_status_cb  param1 =  func(80013220) 
[2017/12/10 16:54:49 007] config     42   use general cloud  
[2017/12/10 16:54:49 009] tts_cloud  1414 SYS_MSG_REGCB_CLOUD param0 =   msp_status_cb  param1 =  func(80013220) 
[2017/12/10 16:54:49 010] tts        647  TTS_MSG_SSB  
[2017/12/10 16:54:49 010] tts        375  params =  engine_type = local,voice_name=xiaoyan, text_encoding = UTF8, tts_res_path = fo|res/tts/xiaoyan.jet;fo|res/tts/common.jet, sample_rate = 16000, speed = 50, volume = 50, pitch = 50, rdn = 2  
[2017/12/10 16:54:49 010] tts        412  ssb|use local  
[2017/12/10 16:54:49 010] tts        349  local_session_begin  
[2017/12/10 16:54:49 011] tts        654  TTS_MSG_SYN  0  
[2017/12/10 16:54:49 011] tts        451  synth|use local  
[2017/12/10 16:54:49 012] tts        657  TTS_MSG_GETAUDIO  0  
[2017/12/10 16:54:49 012] tts        485  get audio|use local  
[2017/12/10 16:54:49 012] tts        527  0  nil  1  
[2017/12/10 16:54:49 016] tts        657  TTS_MSG_GETAUDIO  0  
[2017/12/10 16:54:49 016] tts        485  get audio|use local  
[2017/12/10 16:54:49 016] tts        527  0  nil  1  
[2017/12/10 16:54:49 016] tts        657  TTS_MSG_GETAUDIO  0  
[2017/12/10 16:54:49 016] tts        485  get audio|use local  
[2017/12/10 16:54:49 016] tts        527  0  nil  1  
[2017/12/10 16:54:49 016] tts        657  TTS_MSG_GETAUDIO  0  
[2017/12/10 16:54:49 016] tts        485  get audio|use local  
[2017/12/10 16:54:49 016] tts        527  0  nil  1  
[2017/12/10 16:54:49 017] tts        657  TTS_MSG_GETAUDIO  0  
[2017/12/10 16:54:49 017] tts        485  get audio|use local  
[2017/12/10 16:54:49 017] tts        527  0  nil  1  
[2017/12/10 16:54:49 017] tts        657  TTS_MSG_GETAUDIO  0  
[2017/12/10 16:54:49 017] tts        485  get audio|use local  
[2017/12/10 16:54:49 017] tts        527  0  nil  1  
[2017/12/10 16:54:49 017] tts        657  TTS_MSG_GETAUDIO  0  
[2017/12/10 16:54:49 017] tts        485  get audio|use local  
[2017/12/10 16:54:49 017] tts        527  0  nil  1  
[2017/12/10 16:54:49 018] tts        657  TTS_MSG_GETAUDIO  0  
[2017/12/10 16:54:49 018] tts        485  get audio|use local  
[2017/12/10 16:54:49 018] tts        527  0  nil  1  
[2017/12/10 16:54:49 018] tts        657  TTS_MSG_GETAUDIO  0  
[2017/12/10 16:54:49 018] tts        485  get audio|use local  
[2017/12/10 16:54:49 018] tts        527  0  nil  1  
[2017/12/10 16:54:49 019] tts        657  TTS_MSG_GETAUDIO  0  
[2017/12/10 16:54:49 019] tts        485  get audio|use local  
[2017/12/10 16:54:49 019] tts        527  0  nil  1  
[2017/12/10 16:54:49 019] tts        657  TTS_MSG_GETAUDIO  0  
[2017/12/10 16:54:49 019] tts        485  get audio|use local  
[2017/12/10 16:54:49 019] tts        527  0  nil  1  
[2017/12/10 16:54:49 020] tts        657  TTS_MSG_GETAUDIO  0  
[2017/12/10 16:54:49 020] tts        485  get audio|use local  
[2017/12/10 16:54:49 020] tts        527  0  nil  1  
[2017/12/10 16:54:49 020] tts        657  TTS_MSG_GETAUDIO  0  
[2017/12/10 16:54:49 020] tts        485  get audio|use local  
[2017/12/10 16:54:49 020] tts        527  0  nil  1  
[2017/12/10 16:54:49 020] tts        657  TTS_MSG_GETAUDIO  0  
[2017/12/10 16:54:49 020] tts        485  get audio|use local  
[2017/12/10 16:54:49 020] tts        527  0  nil  1  
[2017/12/10 16:54:49 021] tts        657  TTS_MSG_GETAUDIO  0  
[2017/12/10 16:54:49 021] tts        485  get audio|use local  
[2017/12/10 16:54:49 021] tts        527  0  nil  1  
[2017/12/10 16:54:49 021] tts        657  TTS_MSG_GETAUDIO  0  
[2017/12/10 16:54:49 021] tts        485  get audio|use local  
[2017/12/10 16:54:49 022] tts        527  0  nil  1  
[2017/12/10 16:54:49 022] tts        657  TTS_MSG_GETAUDIO  0  
[2017/12/10 16:54:49 022] tts        485  get audio|use local  
[2017/12/10 16:54:49 022] tts        527  0  nil  1  
[2017/12/10 16:54:49 023] tts        657  TTS_MSG_GETAUDIO  0  
[2017/12/10 16:54:49 023] tts        485  get audio|use local  
[2017/12/10 16:54:49 023] tts        527  0  nil  1  
[2017/12/10 16:54:49 023] tts        657  TTS_MSG_GETAUDIO  0  
[2017/12/10 16:54:49 023] tts        485  get audio|use local  
[2017/12/10 16:54:49 023] tts        527  0  nil  1  
[2017/12/10 16:54:49 024] tts        657  TTS_MSG_GETAUDIO  0  
[2017/12/10 16:54:49 024] tts        485  get audio|use local  
[2017/12/10 16:54:49 024] tts        527  0  nil  1  
[2017/12/10 16:54:49 024] tts        657  TTS_MSG_GETAUDIO  0  
[2017/12/10 16:54:49 024] tts        485  get audio|use local  
[2017/12/10 16:54:49 024] tts        527  0  nil  1  
[2017/12/10 16:54:49 024] tts        657  TTS_MSG_GETAUDIO  0  
[2017/12/10 16:54:49 024] tts        485  get audio|use local  
[2017/12/10 16:54:49 024] tts        527  0  nil  1  
[2017/12/10 16:54:49 025] tts        657  TTS_MSG_GETAUDIO  0  
[2017/12/10 16:54:49 025] tts        485  get audio|use local  
[2017/12/10 16:54:49 025] tts        527  0  nil  1  
[2017/12/10 16:54:49 025] tts        657  TTS_MSG_GETAUDIO  0  
[2017/12/10 16:54:49 025] tts        485  get audio|use local  
[2017/12/10 16:54:49 025] tts        527  0  nil  1  
[2017/12/10 16:54:49 025] tts        657  TTS_MSG_GETAUDIO  0  
[2017/12/10 16:54:49 026] tts        485  get audio|use local  
[2017/12/10 16:54:49 026] tts        527  0  nil  1  
[2017/12/10 16:54:49 026] tts        657  TTS_MSG_GETAUDIO  0  
[2017/12/10 16:54:49 026] tts        485  get audio|use local  
[2017/12/10 16:54:49 026] tts        527  0  nil  1  
[2017/12/10 16:54:49 026] tts        657  TTS_MSG_GETAUDIO  0  
[2017/12/10 16:54:49 026] tts        485  get audio|use local  
[2017/12/10 16:54:49 026] tts        527  0  nil  1  
[2017/12/10 16:54:49 027] tts        657  TTS_MSG_GETAUDIO  0  
[2017/12/10 16:54:49 027] tts        485  get audio|use local  
[2017/12/10 16:54:49 027] tts        527  0  nil  1  
[2017/12/10 16:54:49 027] tts        657  TTS_MSG_GETAUDIO  0  
[2017/12/10 16:54:49 027] tts        485  get audio|use local  
[2017/12/10 16:54:49 027] tts        527  0  nil  1  
[2017/12/10 16:54:49 027] tts        657  TTS_MSG_GETAUDIO  0  
[2017/12/10 16:54:49 028] tts        485  get audio|use local  
[2017/12/10 16:54:49 028] tts        527  0  nil  1  
[2017/12/10 16:54:49 028] tts        657  TTS_MSG_GETAUDIO  0  
[2017/12/10 16:54:49 028] tts        485  get audio|use local  
[2017/12/10 16:54:49 028] tts        527  0  nil  1  
[2017/12/10 16:54:49 028] tts        657  TTS_MSG_GETAUDIO  0  
[2017/12/10 16:54:49 029] tts        485  get audio|use local  
[2017/12/10 16:54:49 029] tts        527  0  nil  1  
[2017/12/10 16:54:49 029] tts        657  TTS_MSG_GETAUDIO  0  
[2017/12/10 16:54:49 029] tts        485  get audio|use local  
[2017/12/10 16:54:49 029] tts        527  0  nil  1  
[2017/12/10 16:54:49 029] tts        657  TTS_MSG_GETAUDIO  0  
[2017/12/10 16:54:49 029] tts        485  get audio|use local  
[2017/12/10 16:54:49 029] tts        527  0  nil  1  
[2017/12/10 16:54:49 030] tts        657  TTS_MSG_GETAUDIO  0  
[2017/12/10 16:54:49 030] tts        485  get audio|use local  
[2017/12/10 16:54:49 030] tts        527  0  nil  1  
[2017/12/10 16:54:49 030] tts        657  TTS_MSG_GETAUDIO  0  
[2017/12/10 16:54:49 030] tts        485  get audio|use local  
[2017/12/10 16:54:49 030] tts        527  0  nil  1  
[2017/12/10 16:54:49 031] tts        657  TTS_MSG_GETAUDIO  0  
[2017/12/10 16:54:49 031] tts        485  get audio|use local  
[2017/12/10 16:54:49 031] tts        527  0  nil  1  
[2017/12/10 16:54:49 031] tts        657  TTS_MSG_GETAUDIO  0  
[2017/12/10 16:54:49 031] tts        485  get audio|use local  
[2017/12/10 16:54:49 031] tts        527  0  nil  1  
[2017/12/10 16:54:49 032] tts        657  TTS_MSG_GETAUDIO  0  
[2017/12/10 16:54:49 032] tts        485  get audio|use local  
[2017/12/10 16:54:49 032] tts        527  0  nil  1  
[2017/12/10 16:54:49 033] tts        657  TTS_MSG_GETAUDIO  0  
[2017/12/10 16:54:49 033] tts        485  get audio|use local  
[2017/12/10 16:54:49 033] tts        527  0  nil  1  
[2017/12/10 16:54:49 034] tts        657  TTS_MSG_GETAUDIO  0  
[2017/12/10 16:54:49 034] tts        485  get audio|use local  
[2017/12/10 16:54:49 034] tts        527  0  nil  1  
[2017/12/10 16:54:49 034] tts        657  TTS_MSG_GETAUDIO  0  
[2017/12/10 16:54:49 034] tts        485  get audio|use local  
[2017/12/10 16:54:49 034] tts        527  0  nil  1  
[2017/12/10 16:54:49 035] tts        299  TTS_LOCAL_CB_BEGIN  
[2017/12/10 16:54:49 035] tts        657  TTS_MSG_GETAUDIO  0  
[2017/12/10 16:54:49 035] tts        485  get audio|use local  
[2017/12/10 16:54:49 035] tts        527  0  nil  1  
[2017/12/10 16:54:49 035] tts        657  TTS_MSG_GETAUDIO  0  
[2017/12/10 16:54:49 035] tts        485  get audio|use local  
[2017/12/10 16:54:49 035] tts        527  0  nil  1  
[2017/12/10 16:54:49 036] tts        657  TTS_MSG_GETAUDIO  0  
[2017/12/10 16:54:49 036] tts        485  get audio|use local  
[2017/12/10 16:54:49 036] tts        527  0  nil  1  
[2017/12/10 16:54:49 036] tts        657  TTS_MSG_GETAUDIO  0  
[2017/12/10 16:54:49 037] tts        485  get audio|use local  
[2017/12/10 16:54:49 037] tts        527  0  nil  1  
[2017/12/10 16:54:49 037] tts        657  TTS_MSG_GETAUDIO  0  
[2017/12/10 16:54:49 037] tts        485  get audio|use local  
[2017/12/10 16:54:49 037] tts        527  0  nil  1  
[2017/12/10 16:54:49 037] tts        657  TTS_MSG_GETAUDIO  0  
[2017/12/10 16:54:49 037] tts        485  get audio|use local  
[2017/12/10 16:54:49 037] tts        527  0  nil  1  
[2017/12/10 16:54:49 037] tts        657  TTS_MSG_GETAUDIO  0  
[2017/12/10 16:54:49 038] tts        485  get audio|use local  
[2017/12/10 16:54:49 038] tts        527  0  nil  1  
[2017/12/10 16:54:49 039] tts        657  TTS_MSG_GETAUDIO  0  
[2017/12/10 16:54:49 039] tts        485  get audio|use local  
[2017/12/10 16:54:49 039] tts        527  0  nil  1  
[2017/12/10 16:54:49 041] tts        657  TTS_MSG_GETAUDIO  0  
[2017/12/10 16:54:49 041] tts        485  get audio|use local  
[2017/12/10 16:54:49 041] tts        527  0  nil  1  
[2017/12/10 16:54:49 043] tts        301  0  0  
[2017/12/10 16:54:49 043] tts        312  TTS_LOCAL_CB_END,  2  
[2017/12/10 16:54:49 043] tts        657  TTS_MSG_GETAUDIO  0  
[2017/12/10 16:54:49 043] tts        485  get audio|use local  
[2017/12/10 16:54:49 043] tts        498  local audiolen:  212  ,ced:  6  
[2017/12/10 16:54:49 043] tts        527  0  udata(8006e068) 1  
[2017/12/10 16:54:49 044] tts        657  TTS_MSG_GETAUDIO  0  
[2017/12/10 16:54:49 044] tts        485  get audio|use local  
[2017/12/10 16:54:49 044] tts        498  local audiolen:  11148  ,ced:  6  
[2017/12/10 16:54:49 044] tts        527  0  udata(8006cc38) 1  
[2017/12/10 16:54:49 044] tts        657  TTS_MSG_GETAUDIO  0  
[2017/12/10 16:54:49 044] tts        485  get audio|use local  
[2017/12/10 16:54:49 044] tts        498  local audiolen:  8372  ,ced:  6  
[2017/12/10 16:54:49 044] tts        527  0  udata(8006dd28) 2  
[2017/12/10 16:54:49 044] tts        660  TTS_MSG_SSE  
[2017/12/10 16:54:49 045] tts        585  sse|use local  
[2017/12/10 16:54:49 045] tts        603  tts exit  
