============================================================
Time  2017/12/10 16:54:00 802 
============================================================
[2017/12/10 16:54:00 802] tts        676  SYS_MSG_REGCB param0 =  msp_status_cb  param1 =  func(cc013220) 
[2017/12/10 16:54:00 803] config     42   use general cloud  
[2017/12/10 16:54:00 806] tts_cloud  1414 SYS_MSG_REGCB_CLOUD param0 =   msp_status_cb  param1 =  func(cc013220) 
[2017/12/10 16:54:00 806] tts        647  TTS_MSG_SSB  
[2017/12/10 16:54:00 806] tts        375  params =  engine_type = local,voice_name=xiaoyan, text_encoding = UTF8, tts_res_path = fo|res/tts/xiaoyan.jet;fo|res/tts/common.jet, sample_rate = 16000, speed = 50, volume = 50, pitch = 50, rdn = 2  
[2017/12/10 16:54:00 806] tts        412  ssb|use local  
[2017/12/10 16:54:00 806] tts        349  local_session_begin  
[2017/12/10 16:54:00 814] tts        654  TTS_MSG_SYN  0  
[2017/12/10 16:54:00 814] tts        451  synth|use local  
[2017/12/10 16:54:00 815] tts        657  TTS_MSG_GETAUDIO  0  
[2017/12/10 16:54:00 815] tts        485  get audio|use local  
[2017/12/10 16:54:00 815] tts        527  0  nil  1  
[2017/12/10 16:54:00 815] tts        657  TTS_MSG_GETAUDIO  0  
[2017/12/10 16:54:00 815] tts        485  get audio|use local  
[2017/12/10 16:54:00 815] tts        527  0  nil  1  
[2017/12/10 16:54:00 816] tts        657  TTS_MSG_GETAUDIO  0  
[2017/12/10 16:54:00 816] tts        485  get audio|use local  
[2017/12/10 16:54:00 816] tts        527  0  nil  1  
[2017/12/10 16:54:00 816] tts        657  TTS_MSG_GETAUDIO  0  
[2017/12/10 16:54:00 816] tts        485  get audio|use local  
[2017/12/10 16:54:00 816] tts        527  0  nil  1  
[2017/12/10 16:54:00 816] tts        657  TTS_MSG_GETAUDIO  0  
[2017/12/10 16:54:00 817] tts        485  get audio|use local  
[2017/12/10 16:54:00 817] tts        527  0  nil  1  
[2017/12/10 16:54:00 817] tts        657  TTS_MSG_GETAUDIO  0  
[2017/12/10 16:54:00 817] tts        485  get audio|use local  
[2017/12/10 16:54:00 817] tts        527  0  nil  1  
[2017/12/10 16:54:00 817] tts        657  TTS_MSG_GETAUDIO  0  
[2017/12/10 16:54:00 817] tts        485  get audio|use local  
[2017/12/10 16:54:00 817] tts        527  0  nil  1  
[2017/12/10 16:54:00 818] tts        657  TTS_MSG_GETAUDIO  0  
[2017/12/10 16:54:00 818] tts        485  get audio|use local  
[2017/12/10 16:54:00 818] tts        527  0  nil  1  
[2017/12/10 16:54:00 818] tts        657  TTS_MSG_GETAUDIO  0  
[2017/12/10 16:54:00 818] tts        485  get audio|use local  
[2017/12/10 16:54:00 818] tts        527  0  nil  1  
[2017/12/10 16:54:00 818] tts        657  TTS_MSG_GETAUDIO  0  
[2017/12/10 16:54:00 818] tts        485  get audio|use local  
[2017/12/10 16:54:00 818] tts        527  0  nil  1  
[2017/12/10 16:54:00 819] tts        657  TTS_MSG_GETAUDIO  0  
[2017/12/10 16:54:00 819] tts        485  get audio|use local  
[2017/12/10 16:54:00 819] tts        527  0  nil  1  
[2017/12/10 16:54:00 819] tts        657  TTS_MSG_GETAUDIO  0  
[2017/12/10 16:54:00 820] tts        485  get audio|use local  
[2017/12/10 16:54:00 820] tts        527  0  nil  1  
[2017/12/10 16:54:00 820] tts        657  TTS_MSG_GETAUDIO  0  
[2017/12/10 16:54:00 820] tts        485  get audio|use local  
[2017/12/10 16:54:00 820] tts        527  0  nil  1  
[2017/12/10 16:54:00 823] tts        657  TTS_MSG_GETAUDIO  0  
[2017/12/10 16:54:00 823] tts        485  get audio|use local  
[2017/12/10 16:54:00 823] tts        527  0  nil  1  
[2017/12/10 16:54:00 824] tts        299  TTS_LOCAL_CB_BEGIN  
[2017/12/10 16:54:00 824] tts        657  TTS_MSG_GETAUDIO  0  
[2017/12/10 16:54:00 824] tts        485  get audio|use local  
[2017/12/10 16:54:00 824] tts        527  0  nil  1  
[2017/12/10 16:54:00 824] tts        657  TTS_MSG_GETAUDIO  0  
[2017/12/10 16:54:00 824] tts        485  get audio|use local  
[2017/12/10 16:54:00 824] tts        527  0  nil  1  
[2017/12/10 16:54:00 825] tts        657  TTS_MSG_GETAUDIO  0  
[2017/12/10 16:54:00 825] tts        485  get audio|use local  
[2017/12/10 16:54:00 825] tts        498  local audiolen:  212  ,ced:  18  
[2017/12/10 16:54:00 825] tts        527  0  udata(cc06ccb8) 1  
[2017/12/10 16:54:00 826] tts        657  TTS_MSG_GETAUDIO  0  
[2017/12/10 16:54:00 826] tts        485  get audio|use local  
[2017/12/10 16:54:00 826] tts        527  0  nil  1  
[2017/12/10 16:54:00 827] tts        657  TTS_MSG_GETAUDIO  0  
[2017/12/10 16:54:00 827] tts        485  get audio|use local  
[2017/12/10 16:54:00 829] tts        498  local audiolen:  5860  ,ced:  18  
[2017/12/10 16:54:00 830] tts        527  0  udata(cc06cc68) 1  
[2017/12/10 16:54:00 831] tts        657  TTS_MSG_GETAUDIO  0  
[2017/12/10 16:54:00 831] tts        485  get audio|use local  
[2017/12/10 16:54:00 831] tts        498  local audiolen:  7150  ,ced:  18  
[2017/12/10 16:54:00 831] tts        527  0  udata(cc07ba68) 1  
[2017/12/10 16:54:00 840] tts        657  TTS_MSG_GETAUDIO  0  
[2017/12/10 16:54:00 840] tts        485  get audio|use local  
[2017/12/10 16:54:00 840] tts        498  local audiolen:  4508  ,ced:  18  
[2017/12/10 16:54:00 840] tts        527  0  udata(cc07bd78) 1  
[2017/12/10 16:54:00 840] tts        657  TTS_MSG_GETAUDIO  0  
[2017/12/10 16:54:00 840] tts        485  get audio|use local  
[2017/12/10 16:54:00 840] tts        527  0  nil  1  
[2017/12/10 16:54:00 841] tts        657  TTS_MSG_GETAUDIO  0  
[2017/12/10 16:54:00 841] tts        485  get audio|use local  
[2017/12/10 16:54:00 841] tts        527  0  nil  1  
[2017/12/10 16:54:00 842] tts        657  TTS_MSG_GETAUDIO  0  
[2017/12/10 16:54:00 842] tts        485  get audio|use local  
[2017/12/10 16:54:00 842] tts        498  local audiolen:  11562  ,ced:  18  
[2017/12/10 16:54:00 842] tts        527  0  udata(cc07bef8) 1  
[2017/12/10 16:54:00 843] tts        657  TTS_MSG_GETAUDIO  0  
[2017/12/10 16:54:00 843] tts        485  get audio|use local  
[2017/12/10 16:54:00 843] tts        498  local audiolen:  7792  ,ced:  18  
[2017/12/10 16:54:00 843] tts        527  0  udata(cc07bf48) 1  
[2017/12/10 16:54:00 844] tts        657  TTS_MSG_GETAUDIO  0  
[2017/12/10 16:54:00 844] tts        485  get audio|use local  
[2017/12/10 16:54:00 844] tts        498  local audiolen:  512  ,ced:  18  
[2017/12/10 16:54:00 844] tts        527  0  udata(cc06e668) 1  
[2017/12/10 16:54:00 846] tts        657  TTS_MSG_GETAUDIO  0  
[2017/12/10 16:54:00 846] tts        485  get audio|use local  
[2017/12/10 16:54:00 846] tts        498  local audiolen:  512  ,ced:  18  
[2017/12/10 16:54:00 846] tts        527  0  udata(cc06ead8) 1  
[2017/12/10 16:54:00 847] tts        657  TTS_MSG_GETAUDIO  0  
[2017/12/10 16:54:00 847] tts        485  get audio|use local  
[2017/12/10 16:54:00 847] tts        498  local audiolen:  512  ,ced:  18  
[2017/12/10 16:54:00 847] tts        527  0  udata(cc06ec28) 1  
[2017/12/10 16:54:00 847] tts        657  TTS_MSG_GETAUDIO  0  
[2017/12/10 16:54:00 847] tts        485  get audio|use local  
[2017/12/10 16:54:00 847] tts        498  local audiolen:  512  ,ced:  18  
[2017/12/10 16:54:00 848] tts        527  0  udata(cc06ed78) 1  
[2017/12/10 16:54:00 852] tts        657  TTS_MSG_GETAUDIO  0  
[2017/12/10 16:54:00 853] tts        485  get audio|use local  
[2017/12/10 16:54:00 853] tts        498  local audiolen:  512  ,ced:  18  
[2017/12/10 16:54:00 853] tts        527  0  udata(cc06e718) 1  
[2017/12/10 16:54:00 853] tts        657  TTS_MSG_GETAUDIO  0  
[2017/12/10 16:54:00 854] tts        485  get audio|use local  
[2017/12/10 16:54:00 854] tts        498  local audiolen:  512  ,ced:  18  
[2017/12/10 16:54:00 854] tts        527  0  udata(cc06f328) 1  
[2017/12/10 16:54:00 860] tts        657  TTS_MSG_GETAUDIO  0  
[2017/12/10 16:54:00 860] tts        485  get audio|use local  
[2017/12/10 16:54:00 860] tts        498  local audiolen:  512  ,ced:  18  
[2017/12/10 16:54:00 860] tts        527  0  udata(cc06f878) 1  
[2017/12/10 16:54:00 864] tts        657  TTS_MSG_GETAUDIO  0  
[2017/12/10 16:54:00 864] tts        485  get audio|use local  
[2017/12/10 16:54:00 864] tts        498  local audiolen:  512  ,ced:  18  
[2017/12/10 16:54:00 867] tts        527  0  udata(cc06f928) 1  
[2017/12/10 16:54:00 868] tts        657  TTS_MSG_GETAUDIO  0  
[2017/12/10 16:54:00 869] tts        485  get audio|use local  
[2017/12/10 16:54:00 869] tts        498  local audiolen:  512  ,ced:  18  
[2017/12/10 16:54:00 869] tts        527  0  udata(cc06fa18) 1  
[2017/12/10 16:54:00 874] tts        657  TTS_MSG_GETAUDIO  0  
[2017/12/10 16:54:00 874] tts        485  get audio|use local  
[2017/12/10 16:54:00 874] tts        498  local audiolen:  512  ,ced:  18  
[2017/12/10 16:54:00 874] tts        527  0  udata(cc085388) 1  
[2017/12/10 16:54:00 878] tts        657  TTS_MSG_GETAUDIO  0  
[2017/12/10 16:54:00 878] tts        485  get audio|use local  
[2017/12/10 16:54:00 878] tts        498  local audiolen:  512  ,ced:  18  
[2017/12/10 16:54:00 878] tts        527  0  udata(cc085438) 1  
[2017/12/10 16:54:00 923] tts        657  TTS_MSG_GETAUDIO  0  
[2017/12/10 16:54:00 924] tts        485  get audio|use local  
[2017/12/10 16:54:00 924] tts        498  local audiolen:  512  ,ced:  18  
[2017/12/10 16:54:00 924] tts        527  0  udata(cc0285c8) 1  
[2017/12/10 16:54:00 925] tts        657  TTS_MSG_GETAUDIO  0  
[2017/12/10 16:54:00 925] tts        485  get audio|use local  
[2017/12/10 16:54:00 925] tts        498  local audiolen:  512  ,ced:  18  
[2017/12/10 16:54:00 925] tts        527  0  udata(cc028d18) 1  
[2017/12/10 16:54:00 926] tts        301  0  0  
[2017/12/10 16:54:00 926] tts        312  TTS_LOCAL_CB_END,  2  
[2017/12/10 16:54:00 926] tts        657  TTS_MSG_GETAUDIO  0  
[2017/12/10 16:54:00 926] tts        485  get audio|use local  
[2017/12/10 16:54:00 927] tts        498  local audiolen:  512  ,ced:  18  
[2017/12/10 16:54:00 927] tts        527  0  udata(cc029208) 1  
[2017/12/10 16:54:00 927] tts        657  TTS_MSG_GETAUDIO  0  
[2017/12/10 16:54:00 927] tts        485  get audio|use local  
[2017/12/10 16:54:00 927] tts        498  local audiolen:  512  ,ced:  18  
[2017/12/10 16:54:00 927] tts        527  0  udata(cc0292b8) 1  
[2017/12/10 16:54:00 927] tts        657  TTS_MSG_GETAUDIO  0  
[2017/12/10 16:54:00 927] tts        485  get audio|use local  
[2017/12/10 16:54:00 927] tts        498  local audiolen:  512  ,ced:  18  
[2017/12/10 16:54:00 927] tts        527  0  udata(cc029308) 1  
[2017/12/10 16:54:00 927] tts        657  TTS_MSG_GETAUDIO  0  
[2017/12/10 16:54:00 927] tts        485  get audio|use local  
[2017/12/10 16:54:00 927] tts        498  local audiolen:  512  ,ced:  18  
[2017/12/10 16:54:00 927] tts        527  0  udata(cc029358) 1  
[2017/12/10 16:54:00 928] tts        657  TTS_MSG_GETAUDIO  0  
[2017/12/10 16:54:00 928] tts        485  get audio|use local  
[2017/12/10 16:54:00 928] tts        498  local audiolen:  512  ,ced:  18  
[2017/12/10 16:54:00 928] tts        527  0  udata(cc0293a8) 1  
[2017/12/10 16:54:00 928] tts        657  TTS_MSG_GETAUDIO  0  
[2017/12/10 16:54:00 928] tts        485  get audio|use local  
[2017/12/10 16:54:00 928] tts        498  local audiolen:  160  ,ced:  18  
[2017/12/10 16:54:00 928] tts        527  0  udata(cc06e508) 1  
[2017/12/10 16:54:00 928] tts        657  TTS_MSG_GETAUDIO  0  
[2017/12/10 16:54:00 928] tts        485  get audio|use local  
[2017/12/10 16:54:00 928] tts        498  local audiolen:  212  ,ced:  27  
[2017/12/10 16:54:00 928] tts        527  0  udata(cc06e458) 1  
[2017/12/10 16:54:00 929] tts        657  TTS_MSG_GETAUDIO  0  
[2017/12/10 16:54:00 929] tts        485  get audio|use local  
[2017/12/10 16:54:00 929] tts        498  local audiolen:  12024  ,ced:  27  
[2017/12/10 16:54:00 929] tts        527  0  udata(cc06e4a8) 1  
[2017/12/10 16:54:00 929] tts        657  TTS_MSG_GETAUDIO  0  
[2017/12/10 16:54:00 929] tts        485  get audio|use local  
[2017/12/10 16:54:00 929] tts        498  local audiolen:  8642  ,ced:  27  
[2017/12/10 16:54:00 929] tts        527  0  udata(cc029258) 1  
[2017/12/10 16:54:00 929] tts        657  TTS_MSG_GETAUDIO  0  
[2017/12/10 16:54:00 929] tts        485  get audio|use local  
[2017/12/10 16:54:00 929] tts        498  local audiolen:  512  ,ced:  27  
[2017/12/10 16:54:00 929] tts        527  0  udata(cc029608) 1  
[2017/12/10 16:54:00 930] tts        657  TTS_MSG_GETAUDIO  0  
[2017/12/10 16:54:00 930] tts        485  get audio|use local  
[2017/12/10 16:54:00 930] tts        498  local audiolen:  512  ,ced:  27  
[2017/12/10 16:54:00 930] tts        527  0  udata(cc06e5b8) 1  
[2017/12/10 16:54:00 930] tts        657  TTS_MSG_GETAUDIO  0  
[2017/12/10 16:54:00 930] tts        485  get audio|use local  
[2017/12/10 16:54:00 930] tts        498  local audiolen:  512  ,ced:  27  
[2017/12/10 16:54:00 930] tts        527  0  udata(cc06e608) 1  
[2017/12/10 16:54:00 930] tts        657  TTS_MSG_GETAUDIO  0  
[2017/12/10 16:54:00 930] tts        485  get audio|use local  
[2017/12/10 16:54:00 930] tts        498  local audiolen:  512  ,ced:  27  
[2017/12/10 16:54:00 930] tts        527  0  udata(cc029658) 1  
[2017/12/10 16:54:00 931] tts        657  TTS_MSG_GETAUDIO  0  
[2017/12/10 16:54:00 931] tts        485  get audio|use local  
[2017/12/10 16:54:00 931] tts        498  local audiolen:  512  ,ced:  27  
[2017/12/10 16:54:00 931] tts        527  0  udata(cc0296a8) 1  
[2017/12/10 16:54:00 931] tts        657  TTS_MSG_GETAUDIO  0  
[2017/12/10 16:54:00 931] tts        485  get audio|use local  
[2017/12/10 16:54:00 931] tts        498  local audiolen:  512  ,ced:  27  
[2017/12/10 16:54:00 931] tts        527  0  udata(cc0296f8) 1  
[2017/12/10 16:54:00 931] tts        657  TTS_MSG_GETAUDIO  0  
[2017/12/10 16:54:00 931] tts        485  get audio|use local  
[2017/12/10 16:54:00 931] tts        498  local audiolen:  512  ,ced:  27  
[2017/12/10 16:54:00 931] tts        527  0  udata(cc029748) 1  
[2017/12/10 16:54:00 932] tts        657  TTS_MSG_GETAUDIO  0  
[2017/12/10 16:54:00 932] tts        485  get audio|use local  
[2017/12/10 16:54:00 932] tts        498  local audiolen:  512  ,ced:  27  
[2017/12/10 16:54:00 932] tts        527  0  udata(cc029798) 1  
[2017/12/10 16:54:00 932] tts        657  TTS_MSG_GETAUDIO  0  
[2017/12/10 16:54:00 932] tts        485  get audio|use local  
[2017/12/10 16:54:00 932] tts        498  local audiolen:  512  ,ced:  27  
[2017/12/10 16:54:00 932] tts        527  0  udata(cc0297e8) 1  
[2017/12/10 16:54:00 932] tts        657  TTS_MSG_GETAUDIO  0  
[2017/12/10 16:54:00 932] tts        485  get audio|use local  
[2017/12/10 16:54:00 932] tts        498  local audiolen:  512  ,ced:  27  
[2017/12/10 16:54:00 932] tts        527  0  udata(cc029838) 1  
[2017/12/10 16:54:00 933] tts        657  TTS_MSG_GETAUDIO  0  
[2017/12/10 16:54:00 933] tts        485  get audio|use local  
[2017/12/10 16:54:00 933] tts        498  local audiolen:  512  ,ced:  27  
[2017/12/10 16:54:00 933] tts        527  0  udata(cc029888) 1  
[2017/12/10 16:54:00 933] tts        657  TTS_MSG_GETAUDIO  0  
[2017/12/10 16:54:00 933] tts        485  get audio|use local  
[2017/12/10 16:54:00 933] tts        498  local audiolen:  512  ,ced:  27  
[2017/12/10 16:54:00 933] tts        527  0  udata(cc0298d8) 1  
[2017/12/10 16:54:00 933] tts        657  TTS_MSG_GETAUDIO  0  
[2017/12/10 16:54:00 933] tts        485  get audio|use local  
[2017/12/10 16:54:00 933] tts        498  local audiolen:  512  ,ced:  27  
[2017/12/10 16:54:00 933] tts        527  0  udata(cc029928) 1  
[2017/12/10 16:54:00 934] tts        657  TTS_MSG_GETAUDIO  0  
[2017/12/10 16:54:00 934] tts        485  get audio|use local  
[2017/12/10 16:54:00 934] tts        498  local audiolen:  512  ,ced:  27  
[2017/12/10 16:54:00 934] tts        527  0  udata(cc029978) 1  
[2017/12/10 16:54:00 934] tts        657  TTS_MSG_GETAUDIO  0  
[2017/12/10 16:54:00 934] tts        485  get audio|use local  
[2017/12/10 16:54:00 934] tts        498  local audiolen:  512  ,ced:  27  
[2017/12/10 16:54:00 934] tts        527  0  udata(cc0299c8) 1  
[2017/12/10 16:54:00 935] tts        657  TTS_MSG_GETAUDIO  0  
[2017/12/10 16:54:00 935] tts        485  get audio|use local  
[2017/12/10 16:54:00 935] tts        498  local audiolen:  512  ,ced:  27  
[2017/12/10 16:54:00 935] tts        527  0  udata(cc029a18) 1  
[2017/12/10 16:54:00 935] tts        657  TTS_MSG_GETAUDIO  0  
[2017/12/10 16:54:00 935] tts        485  get audio|use local  
[2017/12/10 16:54:00 935] tts        498  local audiolen:  512  ,ced:  27  
[2017/12/10 16:54:00 935] tts        527  0  udata(cc029a68) 1  
[2017/12/10 16:54:00 935] tts        657  TTS_MSG_GETAUDIO  0  
[2017/12/10 16:54:00 935] tts        485  get audio|use local  
[2017/12/10 16:54:00 935] tts        498  local audiolen:  512  ,ced:  27  
[2017/12/10 16:54:00 935] tts        527  0  udata(cc029ab8) 1  
[2017/12/10 16:54:00 936] tts        657  TTS_MSG_GETAUDIO  0  
[2017/12/10 16:54:00 936] tts        485  get audio|use local  
[2017/12/10 16:54:00 936] tts        498  local audiolen:  160  ,ced:  27  
[2017/12/10 16:54:00 936] tts        527  0  udata(cc0294a8) 1  
[2017/12/10 16:54:00 936] tts        657  TTS_MSG_GETAUDIO  0  
[2017/12/10 16:54:00 936] tts        485  get audio|use local  
[2017/12/10 16:54:00 936] tts        498  local audiolen:  212  ,ced:  60  
[2017/12/10 16:54:00 936] tts        527  0  udata(cc0293f8) 1  
[2017/12/10 16:54:00 936] tts        657  TTS_MSG_GETAUDIO  0  
[2017/12/10 16:54:00 936] tts        485  get audio|use local  
[2017/12/10 16:54:00 937] tts        498  local audiolen:  3750  ,ced:  60  
[2017/12/10 16:54:00 937] tts        527  0  udata(cc029448) 1  
[2017/12/10 16:54:00 937] tts        657  TTS_MSG_GETAUDIO  0  
[2017/12/10 16:54:00 937] tts        485  get audio|use local  
[2017/12/10 16:54:00 937] tts        498  local audiolen:  7096  ,ced:  60  
[2017/12/10 16:54:00 937] tts        527  0  udata(cc06e558) 1  
[2017/12/10 16:54:00 937] tts        657  TTS_MSG_GETAUDIO  0  
[2017/12/10 16:54:00 937] tts        485  get audio|use local  
[2017/12/10 16:54:00 937] tts        498  local audiolen:  9312  ,ced:  60  
[2017/12/10 16:54:00 937] tts        527  0  udata(cc0294f8) 1  
[2017/12/10 16:54:00 938] tts        657  TTS_MSG_GETAUDIO  0  
[2017/12/10 16:54:00 938] tts        485  get audio|use local  
[2017/12/10 16:54:00 938] tts        498  local audiolen:  7258  ,ced:  60  
[2017/12/10 16:54:00 938] tts        527  0  udata(cc029548) 1  
[2017/12/10 16:54:00 938] tts        657  TTS_MSG_GETAUDIO  0  
[2017/12/10 16:54:00 938] tts        485  get audio|use local  
[2017/12/10 16:54:00 938] tts        498  local audiolen:  7154  ,ced:  60  
[2017/12/10 16:54:00 938] tts        527  0  udata(cc029598) 1  
[2017/12/10 16:54:00 938] tts        657  TTS_MSG_GETAUDIO  0  
[2017/12/10 16:54:00 938] tts        485  get audio|use local  
[2017/12/10 16:54:00 938] tts        498  local audiolen:  7014  ,ced:  60  
[2017/12/10 16:54:00 938] tts        527  0  udata(cc02b688) 1  
[2017/12/10 16:54:00 939] tts        657  TTS_MSG_GETAUDIO  0  
[2017/12/10 16:54:00 939] tts        485  get audio|use local  
[2017/12/10 16:54:00 939] tts        498  local audiolen:  6488  ,ced:  60  
[2017/12/10 16:54:00 939] tts        527  0  udata(cc02b478) 1  
[2017/12/10 16:54:00 939] tts        657  TTS_MSG_GETAUDIO  0  
[2017/12/10 16:54:00 939] tts        485  get audio|use local  
[2017/12/10 16:54:00 939] tts        498  local audiolen:  8582  ,ced:  60  
[2017/12/10 16:54:00 939] tts        527  0  udata(cc02b4c8) 1  
[2017/12/10 16:54:00 939] tts        657  TTS_MSG_GETAUDIO  0  
[2017/12/10 16:54:00 940] tts        485  get audio|use local  
[2017/12/10 16:54:00 940] tts        498  local audiolen:  2990  ,ced:  60  
[2017/12/10 16:54:00 940] tts        527  0  udata(cc02b518) 1  
[2017/12/10 16:54:00 940] tts        657  TTS_MSG_GETAUDIO  0  
[2017/12/10 16:54:00 940] tts        485  get audio|use local  
[2017/12/10 16:54:00 940] tts        498  local audiolen:  9700  ,ced:  60  
[2017/12/10 16:54:00 940] tts        527  0  udata(cc02b568) 1  
[2017/12/10 16:54:00 940] tts        657  TTS_MSG_GETAUDIO  0  
[2017/12/10 16:54:00 940] tts        485  get audio|use local  
[2017/12/10 16:54:00 940] tts        498  local audiolen:  512  ,ced:  60  
[2017/12/10 16:54:00 940] tts        527  0  udata(cc029d18) 1  
[2017/12/10 16:54:00 941] tts        657  TTS_MSG_GETAUDIO  0  
[2017/12/10 16:54:00 941] tts        485  get audio|use local  
[2017/12/10 16:54:00 941] tts        498  local audiolen:  512  ,ced:  60  
[2017/12/10 16:54:00 941] tts        527  0  udata(cc02b618) 1  
[2017/12/10 16:54:00 941] tts        657  TTS_MSG_GETAUDIO  0  
[2017/12/10 16:54:00 941] tts        485  get audio|use local  
[2017/12/10 16:54:00 941] tts        498  local audiolen:  512  ,ced:  60  
[2017/12/10 16:54:00 941] tts        527  0  udata(cc029d68) 1  
[2017/12/10 16:54:00 941] tts        657  TTS_MSG_GETAUDIO  0  
[2017/12/10 16:54:00 941] tts        485  get audio|use local  
[2017/12/10 16:54:00 941] tts        498  local audiolen:  512  ,ced:  60  
[2017/12/10 16:54:00 941] tts        527  0  udata(cc029db8) 1  
[2017/12/10 16:54:00 942] tts        657  TTS_MSG_GETAUDIO  0  
[2017/12/10 16:54:00 942] tts        485  get audio|use local  
[2017/12/10 16:54:00 942] tts        498  local audiolen:  512  ,ced:  60  
[2017/12/10 16:54:00 942] tts        527  0  udata(cc029e08) 1  
[2017/12/10 16:54:00 942] tts        657  TTS_MSG_GETAUDIO  0  
[2017/12/10 16:54:00 942] tts        485  get audio|use local  
[2017/12/10 16:54:00 942] tts        498  local audiolen:  512  ,ced:  60  
[2017/12/10 16:54:00 942] tts        527  0  udata(cc029e58) 1  
[2017/12/10 16:54:00 942] tts        657  TTS_MSG_GETAUDIO  0  
[2017/12/10 16:54:00 942] tts        485  get audio|use local  
[2017/12/10 16:54:00 942] tts        498  local audiolen:  512  ,ced:  60  
[2017/12/10 16:54:00 942] tts        527  0  udata(cc029ea8) 1  
[2017/12/10 16:54:00 942] tts        657  TTS_MSG_GETAUDIO  0  
[2017/12/10 16:54:00 943] tts        485  get audio|use local  
[2017/12/10 16:54:00 943] tts        498  local audiolen:  512  ,ced:  60  
[2017/12/10 16:54:00 943] tts        527  0  udata(cc029ef8) 1  
[2017/12/10 16:54:00 943] tts        657  TTS_MSG_GETAUDIO  0  
[2017/12/10 16:54:00 943] tts        485  get audio|use local  
[2017/12/10 16:54:00 943] tts        498  local audiolen:  512  ,ced:  60  
[2017/12/10 16:54:00 943] tts        527  0  udata(cc029fa8) 1  
[2017/12/10 16:54:00 943] tts        657  TTS_MSG_GETAUDIO  0  
[2017/12/10 16:54:00 943] tts        485  get audio|use local  
[2017/12/10 16:54:00 943] tts        498  local audiolen:  512  ,ced:  60  
[2017/12/10 16:54:00 943] tts        527  0  udata(cc029ff8) 1  
[2017/12/10 16:54:00 943] tts        657  TTS_MSG_GETAUDIO  0  
[2017/12/10 16:54:00 944] tts        485  get audio|use local  
[2017/12/10 16:54:00 944] tts        498  local audiolen:  512  ,ced:  60  
[2017/12/10 16:54:00 944] tts        527  0  udata(cc02a048) 1  
[2017/12/10 16:54:00 944] tts        657  TTS_MSG_GETAUDIO  0  
[2017/12/10 16:54:00 944] tts        485  get audio|use local  
[2017/12/10 16:54:00 944] tts        498  local audiolen:  512  ,ced:  60  
[2017/12/10 16:54:00 944] tts        527  0  udata(cc02a098) 1  
[2017/12/10 16:54:00 944] tts        657  TTS_MSG_GETAUDIO  0  
[2017/12/10 16:54:00 944] tts        485  get audio|use local  
[2017/12/10 16:54:00 944] tts        498  local audiolen:  512  ,ced:  60  
[2017/12/10 16:54:00 944] tts        527  0  udata(cc02a0e8) 1  
[2017/12/10 16:54:00 944] tts        657  TTS_MSG_GETAUDIO  0  
[2017/12/10 16:54:00 944] tts        485  get audio|use local  
[2017/12/10 16:54:00 945] tts        498  local audiolen:  512  ,ced:  60  
[2017/12/10 16:54:00 945] tts        527  0  udata(cc02a138) 1  
[2017/12/10 16:54:00 945] tts        657  TTS_MSG_GETAUDIO  0  
[2017/12/10 16:54:00 945] tts        485  get audio|use local  
[2017/12/10 16:54:00 945] tts        498  local audiolen:  512  ,ced:  60  
[2017/12/10 16:54:00 945] tts        527  0  udata(cc02a188) 1  
[2017/12/10 16:54:00 945] tts        657  TTS_MSG_GETAUDIO  0  
[2017/12/10 16:54:00 945] tts        485  get audio|use local  
[2017/12/10 16:54:00 945] tts        498  local audiolen:  512  ,ced:  60  
[2017/12/10 16:54:00 945] tts        527  0  udata(cc02a1d8) 1  
[2017/12/10 16:54:00 945] tts        657  TTS_MSG_GETAUDIO  0  
[2017/12/10 16:54:00 945] tts        485  get audio|use local  
[2017/12/10 16:54:00 946] tts        498  local audiolen:  512  ,ced:  60  
[2017/12/10 16:54:00 946] tts        527  0  udata(cc02a228) 1  
[2017/12/10 16:54:00 946] tts        657  TTS_MSG_GETAUDIO  0  
[2017/12/10 16:54:00 946] tts        485  get audio|use local  
[2017/12/10 16:54:00 946] tts        498  local audiolen:  512  ,ced:  60  
[2017/12/10 16:54:00 946] tts        527  0  udata(cc02a278) 1  
[2017/12/10 16:54:00 946] tts        657  TTS_MSG_GETAUDIO  0  
[2017/12/10 16:54:00 946] tts        485  get audio|use local  
[2017/12/10 16:54:00 946] tts        498  local audiolen:  160  ,ced:  60  
[2017/12/10 16:54:00 946] tts        527  0  udata(cc029bb8) 1  
[2017/12/10 16:54:00 946] tts        657  TTS_MSG_GETAUDIO  0  
[2017/12/10 16:54:00 946] tts        485  get audio|use local  
[2017/12/10 16:54:00 946] tts        498  local audiolen:  212  ,ced:  108  
[2017/12/10 16:54:00 947] tts        527  0  udata(cc029b08) 1  
[2017/12/10 16:54:00 947] tts        657  TTS_MSG_GETAUDIO  0  
[2017/12/10 16:54:00 947] tts        485  get audio|use local  
[2017/12/10 16:54:00 947] tts        498  local audiolen:  4710  ,ced:  108  
[2017/12/10 16:54:00 947] tts        527  0  udata(cc029b58) 1  
[2017/12/10 16:54:00 947] tts        657  TTS_MSG_GETAUDIO  0  
[2017/12/10 16:54:00 947] tts        485  get audio|use local  
[2017/12/10 16:54:00 947] tts        498  local audiolen:  8238  ,ced:  108  
[2017/12/10 16:54:00 947] tts        527  0  udata(cc02b5b8) 1  
[2017/12/10 16:54:00 947] tts        657  TTS_MSG_GETAUDIO  0  
[2017/12/10 16:54:00 948] tts        485  get audio|use local  
[2017/12/10 16:54:00 948] tts        498  local audiolen:  7138  ,ced:  108  
[2017/12/10 16:54:00 948] tts        527  0  udata(cc029c08) 1  
[2017/12/10 16:54:00 948] tts        657  TTS_MSG_GETAUDIO  0  
[2017/12/10 16:54:00 948] tts        485  get audio|use local  
[2017/12/10 16:54:00 948] tts        498  local audiolen:  5808  ,ced:  108  
[2017/12/10 16:54:00 948] tts        527  0  udata(cc029c58) 1  
[2017/12/10 16:54:00 948] tts        657  TTS_MSG_GETAUDIO  0  
[2017/12/10 16:54:00 948] tts        485  get audio|use local  
[2017/12/10 16:54:00 948] tts        498  local audiolen:  9790  ,ced:  108  
[2017/12/10 16:54:00 948] tts        527  0  udata(cc029ca8) 1  
[2017/12/10 16:54:00 949] tts        657  TTS_MSG_GETAUDIO  0  
[2017/12/10 16:54:00 949] tts        485  get audio|use local  
[2017/12/10 16:54:00 949] tts        498  local audiolen:  3006  ,ced:  108  
[2017/12/10 16:54:00 949] tts        527  0  udata(cc02ae98) 1  
[2017/12/10 16:54:00 949] tts        657  TTS_MSG_GETAUDIO  0  
[2017/12/10 16:54:00 949] tts        485  get audio|use local  
[2017/12/10 16:54:00 949] tts        498  local audiolen:  8496  ,ced:  108  
[2017/12/10 16:54:00 949] tts        527  0  udata(cc02aee8) 1  
[2017/12/10 16:54:00 949] tts        657  TTS_MSG_GETAUDIO  0  
[2017/12/10 16:54:00 949] tts        485  get audio|use local  
[2017/12/10 16:54:00 949] tts        498  local audiolen:  15056  ,ced:  108  
[2017/12/10 16:54:00 949] tts        527  0  udata(cc02f1b8) 1  
[2017/12/10 16:54:00 950] tts        657  TTS_MSG_GETAUDIO  0  
[2017/12/10 16:54:00 950] tts        485  get audio|use local  
[2017/12/10 16:54:00 950] tts        498  local audiolen:  2400  ,ced:  108  
[2017/12/10 16:54:00 950] tts        527  0  udata(cc02f208) 1  
[2017/12/10 16:54:00 950] tts        657  TTS_MSG_GETAUDIO  0  
[2017/12/10 16:54:00 950] tts        485  get audio|use local  
[2017/12/10 16:54:00 950] tts        498  local audiolen:  7132  ,ced:  108  
[2017/12/10 16:54:00 950] tts        527  0  udata(cc02f258) 1  
[2017/12/10 16:54:00 950] tts        657  TTS_MSG_GETAUDIO  0  
[2017/12/10 16:54:00 950] tts        485  get audio|use local  
[2017/12/10 16:54:00 950] tts        498  local audiolen:  8636  ,ced:  108  
[2017/12/10 16:54:00 950] tts        527  0  udata(cc02af38) 1  
[2017/12/10 16:54:00 951] tts        657  TTS_MSG_GETAUDIO  0  
[2017/12/10 16:54:00 951] tts        485  get audio|use local  
[2017/12/10 16:54:00 951] tts        498  local audiolen:  5946  ,ced:  108  
[2017/12/10 16:54:00 951] tts        527  0  udata(cc02af88) 1  
[2017/12/10 16:54:00 951] tts        657  TTS_MSG_GETAUDIO  0  
[2017/12/10 16:54:00 951] tts        485  get audio|use local  
[2017/12/10 16:54:00 951] tts        498  local audiolen:  2820  ,ced:  108  
[2017/12/10 16:54:00 951] tts        527  0  udata(cc02ade8) 1  
[2017/12/10 16:54:00 951] tts        657  TTS_MSG_GETAUDIO  0  
[2017/12/10 16:54:00 951] tts        485  get audio|use local  
[2017/12/10 16:54:00 951] tts        498  local audiolen:  7432  ,ced:  108  
[2017/12/10 16:54:00 951] tts        527  0  udata(cc02ae38) 1  
[2017/12/10 16:54:00 952] tts        657  TTS_MSG_GETAUDIO  0  
[2017/12/10 16:54:00 952] tts        485  get audio|use local  
[2017/12/10 16:54:00 952] tts        498  local audiolen:  7460  ,ced:  108  
[2017/12/10 16:54:00 952] tts        527  0  udata(cc02afd8) 1  
[2017/12/10 16:54:00 952] tts        657  TTS_MSG_GETAUDIO  0  
[2017/12/10 16:54:00 952] tts        485  get audio|use local  
[2017/12/10 16:54:00 952] tts        498  local audiolen:  9508  ,ced:  108  
[2017/12/10 16:54:00 952] tts        527  0  udata(cc02b028) 1  
[2017/12/10 16:54:00 952] tts        657  TTS_MSG_GETAUDIO  0  
[2017/12/10 16:54:00 952] tts        485  get audio|use local  
[2017/12/10 16:54:00 952] tts        498  local audiolen:  512  ,ced:  108  
[2017/12/10 16:54:00 952] tts        527  0  udata(cc02b2e8) 1  
[2017/12/10 16:54:00 953] tts        657  TTS_MSG_GETAUDIO  0  
[2017/12/10 16:54:00 953] tts        485  get audio|use local  
[2017/12/10 16:54:00 953] tts        498  local audiolen:  512  ,ced:  108  
[2017/12/10 16:54:00 953] tts        527  0  udata(cc02b338) 1  
[2017/12/10 16:54:00 953] tts        657  TTS_MSG_GETAUDIO  0  
[2017/12/10 16:54:00 953] tts        485  get audio|use local  
[2017/12/10 16:54:00 953] tts        498  local audiolen:  512  ,ced:  108  
[2017/12/10 16:54:00 953] tts        527  0  udata(cc02b388) 1  
[2017/12/10 16:54:00 953] tts        657  TTS_MSG_GETAUDIO  0  
[2017/12/10 16:54:00 953] tts        485  get audio|use local  
[2017/12/10 16:54:00 953] tts        498  local audiolen:  512  ,ced:  108  
[2017/12/10 16:54:00 953] tts        527  0  udata(cc02b3d8) 1  
[2017/12/10 16:54:00 954] tts        657  TTS_MSG_GETAUDIO  0  
[2017/12/10 16:54:00 954] tts        485  get audio|use local  
[2017/12/10 16:54:00 954] tts        498  local audiolen:  512  ,ced:  108  
[2017/12/10 16:54:00 954] tts        527  0  udata(cc02b428) 1  
[2017/12/10 16:54:00 954] tts        657  TTS_MSG_GETAUDIO  0  
[2017/12/10 16:54:00 954] tts        485  get audio|use local  
[2017/12/10 16:54:00 954] tts        498  local audiolen:  512  ,ced:  108  
[2017/12/10 16:54:00 954] tts        527  0  udata(cc02a2c8) 1  
[2017/12/10 16:54:00 954] tts        657  TTS_MSG_GETAUDIO  0  
[2017/12/10 16:54:00 954] tts        485  get audio|use local  
[2017/12/10 16:54:00 954] tts        498  local audiolen:  512  ,ced:  108  
[2017/12/10 16:54:00 954] tts        527  0  udata(cc02a318) 1  
[2017/12/10 16:54:00 955] tts        657  TTS_MSG_GETAUDIO  0  
[2017/12/10 16:54:00 955] tts        485  get audio|use local  
[2017/12/10 16:54:00 955] tts        498  local audiolen:  512  ,ced:  108  
[2017/12/10 16:54:00 955] tts        527  0  udata(cc02a368) 1  
[2017/12/10 16:54:00 955] tts        657  TTS_MSG_GETAUDIO  0  
[2017/12/10 16:54:00 955] tts        485  get audio|use local  
[2017/12/10 16:54:00 955] tts        498  local audiolen:  512  ,ced:  108  
[2017/12/10 16:54:00 955] tts        527  0  udata(cc02a3b8) 1  
[2017/12/10 16:54:00 955] tts        657  TTS_MSG_GETAUDIO  0  
[2017/12/10 16:54:00 955] tts        485  get audio|use local  
[2017/12/10 16:54:00 955] tts        498  local audiolen:  512  ,ced:  108  
[2017/12/10 16:54:00 955] tts        527  0  udata(cc02a408) 1  
[2017/12/10 16:54:00 956] tts        657  TTS_MSG_GETAUDIO  0  
[2017/12/10 16:54:00 956] tts        485  get audio|use local  
[2017/12/10 16:54:00 956] tts        498  local audiolen:  512  ,ced:  108  
[2017/12/10 16:54:00 956] tts        527  0  udata(cc02a458) 1  
[2017/12/10 16:54:00 956] tts        657  TTS_MSG_GETAUDIO  0  
[2017/12/10 16:54:00 956] tts        485  get audio|use local  
[2017/12/10 16:54:00 956] tts        498  local audiolen:  512  ,ced:  108  
[2017/12/10 16:54:00 956] tts        527  0  udata(cc02a4a8) 1  
[2017/12/10 16:54:00 956] tts        657  TTS_MSG_GETAUDIO  0  
[2017/12/10 16:54:00 956] tts        485  get audio|use local  
[2017/12/10 16:54:00 956] tts        498  local audiolen:  512  ,ced:  108  
[2017/12/10 16:54:00 956] tts        527  0  udata(cc02a4f8) 1  
[2017/12/10 16:54:00 957] tts        657  TTS_MSG_GETAUDIO  0  
[2017/12/10 16:54:00 957] tts        485  get audio|use local  
[2017/12/10 16:54:00 957] tts        498  local audiolen:  512  ,ced:  108  
[2017/12/10 16:54:00 957] tts        527  0  udata(cc02a548) 1  
[2017/12/10 16:54:00 957] tts        657  TTS_MSG_GETAUDIO  0  
[2017/12/10 16:54:00 957] tts        485  get audio|use local  
[2017/12/10 16:54:00 957] tts        498  local audiolen:  512  ,ced:  108  
[2017/12/10 16:54:00 957] tts        527  0  udata(cc02a598) 1  
[2017/12/10 16:54:00 957] tts        657  TTS_MSG_GETAUDIO  0  
[2017/12/10 16:54:00 957] tts        485  get audio|use local  
[2017/12/10 16:54:00 957] tts        498  local audiolen:  512  ,ced:  108  
[2017/12/10 16:54:00 957] tts        527  0  udata(cc02a5e8) 1  
[2017/12/10 16:54:00 958] tts        657  TTS_MSG_GETAUDIO  0  
[2017/12/10 16:54:00 958] tts        485  get audio|use local  
[2017/12/10 16:54:00 958] tts        498  local audiolen:  512  ,ced:  108  
[2017/12/10 16:54:00 958] tts        527  0  udata(cc02a638) 1  
[2017/12/10 16:54:00 958] tts        657  TTS_MSG_GETAUDIO  0  
[2017/12/10 16:54:00 958] tts        485  get audio|use local  
[2017/12/10 16:54:00 958] tts        498  local audiolen:  512  ,ced:  108  
[2017/12/10 16:54:00 958] tts        527  0  udata(cc02a688) 1  
[2017/12/10 16:54:00 958] tts        657  TTS_MSG_GETAUDIO  0  
[2017/12/10 16:54:00 958] tts        485  get audio|use local  
[2017/12/10 16:54:00 958] tts        498  local audiolen:  512  ,ced:  108  
[2017/12/10 16:54:00 958] tts        527  0  udata(cc02a6d8) 1  
[2017/12/10 16:54:00 959] tts        657  TTS_MSG_GETAUDIO  0  
[2017/12/10 16:54:00 959] tts        485  get audio|use local  
[2017/12/10 16:54:00 959] tts        498  local audiolen:  512  ,ced:  108  
[2017/12/10 16:54:00 959] tts        527  0  udata(cc02a728) 1  
[2017/12/10 16:54:00 959] tts        657  TTS_MSG_GETAUDIO  0  
[2017/12/10 16:54:00 959] tts        485  get audio|use local  
[2017/12/10 16:54:00 959] tts        498  local audiolen:  512  ,ced:  108  
[2017/12/10 16:54:00 959] tts        527  0  udata(cc02a778) 1  
[2017/12/10 16:54:00 959] tts        657  TTS_MSG_GETAUDIO  0  
[2017/12/10 16:54:00 959] tts        485  get audio|use local  
[2017/12/10 16:54:00 959] tts        498  local audiolen:  512  ,ced:  108  
[2017/12/10 16:54:00 959] tts        527  0  udata(cc02a7c8) 1  
[2017/12/10 16:54:00 960] tts        657  TTS_MSG_GETAUDIO  0  
[2017/12/10 16:54:00 960] tts        485  get audio|use local  
[2017/12/10 16:54:00 960] tts        498  local audiolen:  512  ,ced:  108  
[2017/12/10 16:54:00 960] tts        527  0  udata(cc02a818) 1  
[2017/12/10 16:54:00 960] tts        657  TTS_MSG_GETAUDIO  0  
[2017/12/10 16:54:00 960] tts        485  get audio|use local  
[2017/12/10 16:54:00 960] tts        498  local audiolen:  512  ,ced:  108  
[2017/12/10 16:54:00 960] tts        527  0  udata(cc02a868) 1  
[2017/12/10 16:54:00 960] tts        657  TTS_MSG_GETAUDIO  0  
[2017/12/10 16:54:00 960] tts        485  get audio|use local  
[2017/12/10 16:54:00 960] tts        498  local audiolen:  214  ,ced:  108  
[2017/12/10 16:54:00 960] tts        527  0  udata(cc02b1c8) 1  
[2017/12/10 16:54:00 961] tts        657  TTS_MSG_GETAUDIO  0  
[2017/12/10 16:54:00 961] tts        485  get audio|use local  
[2017/12/10 16:54:00 961] tts        498  local audiolen:  212  ,ced:  165  
[2017/12/10 16:54:00 961] tts        527  0  udata(cc02b218) 1  
[2017/12/10 16:54:00 961] tts        657  TTS_MSG_GETAUDIO  0  
[2017/12/10 16:54:00 961] tts        485  get audio|use local  
[2017/12/10 16:54:00 961] tts        498  local audiolen:  6148  ,ced:  165  
[2017/12/10 16:54:00 961] tts        527  0  udata(cc02b268) 1  
[2017/12/10 16:54:00 961] tts        657  TTS_MSG_GETAUDIO  0  
[2017/12/10 16:54:00 961] tts        485  get audio|use local  
[2017/12/10 16:54:00 961] tts        498  local audiolen:  3050  ,ced:  165  
[2017/12/10 16:54:00 961] tts        527  0  udata(cc02b078) 1  
[2017/12/10 16:54:00 962] tts        657  TTS_MSG_GETAUDIO  0  
[2017/12/10 16:54:00 962] tts        485  get audio|use local  
[2017/12/10 16:54:00 962] tts        498  local audiolen:  9554  ,ced:  165  
[2017/12/10 16:54:00 962] tts        527  0  udata(cc02b0c8) 1  
[2017/12/10 16:54:00 962] tts        657  TTS_MSG_GETAUDIO  0  
[2017/12/10 16:54:00 962] tts        485  get audio|use local  
[2017/12/10 16:54:00 962] tts        498  local audiolen:  6224  ,ced:  165  
[2017/12/10 16:54:00 962] tts        527  0  udata(cc02b118) 1  
[2017/12/10 16:54:00 962] tts        657  TTS_MSG_GETAUDIO  0  
[2017/12/10 16:54:00 962] tts        485  get audio|use local  
[2017/12/10 16:54:00 962] tts        498  local audiolen:  10160  ,ced:  165  
[2017/12/10 16:54:00 962] tts        527  0  udata(cc02b168) 1  
[2017/12/10 16:54:00 963] tts        657  TTS_MSG_GETAUDIO  0  
[2017/12/10 16:54:00 963] tts        485  get audio|use local  
[2017/12/10 16:54:00 963] tts        498  local audiolen:  12256  ,ced:  165  
[2017/12/10 16:54:00 963] tts        527  0  udata(cc02a8b8) 1  
[2017/12/10 16:54:00 963] tts        657  TTS_MSG_GETAUDIO  0  
[2017/12/10 16:54:00 963] tts        485  get audio|use local  
[2017/12/10 16:54:00 963] tts        498  local audiolen:  4652  ,ced:  165  
[2017/12/10 16:54:00 963] tts        527  0  udata(cc02a908) 1  
[2017/12/10 16:54:00 963] tts        657  TTS_MSG_GETAUDIO  0  
[2017/12/10 16:54:00 963] tts        485  get audio|use local  
[2017/12/10 16:54:00 963] tts        498  local audiolen:  14794  ,ced:  165  
[2017/12/10 16:54:00 964] tts        527  0  udata(cc02f0b8) 1  
[2017/12/10 16:54:00 964] tts        657  TTS_MSG_GETAUDIO  0  
[2017/12/10 16:54:00 964] tts        485  get audio|use local  
[2017/12/10 16:54:00 964] tts        498  local audiolen:  4800  ,ced:  165  
[2017/12/10 16:54:00 964] tts        527  0  udata(cc02f108) 1  
[2017/12/10 16:54:00 964] tts        657  TTS_MSG_GETAUDIO  0  
[2017/12/10 16:54:00 964] tts        485  get audio|use local  
[2017/12/10 16:54:00 964] tts        498  local audiolen:  3560  ,ced:  165  
[2017/12/10 16:54:00 964] tts        527  0  udata(cc02f158) 1  
[2017/12/10 16:54:00 964] tts        657  TTS_MSG_GETAUDIO  0  
[2017/12/10 16:54:00 964] tts        485  get audio|use local  
[2017/12/10 16:54:00 964] tts        498  local audiolen:  4358  ,ced:  165  
[2017/12/10 16:54:00 965] tts        527  0  udata(cc02a958) 1  
[2017/12/10 16:54:00 965] tts        657  TTS_MSG_GETAUDIO  0  
[2017/12/10 16:54:00 965] tts        485  get audio|use local  
[2017/12/10 16:54:00 965] tts        498  local audiolen:  5368  ,ced:  165  
[2017/12/10 16:54:00 965] tts        527  0  udata(cc02a9a8) 1  
[2017/12/10 16:54:00 965] tts        657  TTS_MSG_GETAUDIO  0  
[2017/12/10 16:54:00 965] tts        485  get audio|use local  
[2017/12/10 16:54:00 965] tts        498  local audiolen:  7182  ,ced:  165  
[2017/12/10 16:54:00 965] tts        527  0  udata(cc02a9f8) 1  
[2017/12/10 16:54:00 965] tts        657  TTS_MSG_GETAUDIO  0  
[2017/12/10 16:54:00 965] tts        485  get audio|use local  
[2017/12/10 16:54:00 966] tts        498  local audiolen:  11598  ,ced:  165  
[2017/12/10 16:54:00 966] tts        527  0  udata(cc02aa48) 1  
[2017/12/10 16:54:00 966] tts        657  TTS_MSG_GETAUDIO  0  
[2017/12/10 16:54:00 966] tts        485  get audio|use local  
[2017/12/10 16:54:00 966] tts        498  local audiolen:  7678  ,ced:  165  
[2017/12/10 16:54:00 966] tts        527  0  udata(cc02aa98) 1  
[2017/12/10 16:54:00 966] tts        657  TTS_MSG_GETAUDIO  0  
[2017/12/10 16:54:00 966] tts        485  get audio|use local  
[2017/12/10 16:54:00 966] tts        498  local audiolen:  3764  ,ced:  165  
[2017/12/10 16:54:00 966] tts        527  0  udata(cc02aae8) 1  
[2017/12/10 16:54:00 966] tts        657  TTS_MSG_GETAUDIO  0  
[2017/12/10 16:54:00 967] tts        485  get audio|use local  
[2017/12/10 16:54:00 967] tts        498  local audiolen:  9134  ,ced:  165  
[2017/12/10 16:54:00 967] tts        527  0  udata(cc02ab38) 1  
[2017/12/10 16:54:00 967] tts        657  TTS_MSG_GETAUDIO  0  
[2017/12/10 16:54:00 967] tts        485  get audio|use local  
[2017/12/10 16:54:00 967] tts        498  local audiolen:  8162  ,ced:  165  
[2017/12/10 16:54:00 967] tts        527  0  udata(cc02ab88) 1  
[2017/12/10 16:54:00 967] tts        657  TTS_MSG_GETAUDIO  0  
[2017/12/10 16:54:00 967] tts        485  get audio|use local  
[2017/12/10 16:54:00 967] tts        498  local audiolen:  512  ,ced:  165  
[2017/12/10 16:54:00 967] tts        527  0  udata(cc02b8e8) 1  
[2017/12/10 16:54:00 968] tts        657  TTS_MSG_GETAUDIO  0  
[2017/12/10 16:54:00 968] tts        485  get audio|use local  
[2017/12/10 16:54:00 968] tts        498  local audiolen:  512  ,ced:  165  
[2017/12/10 16:54:00 968] tts        527  0  udata(cc02ac38) 1  
[2017/12/10 16:54:00 968] tts        657  TTS_MSG_GETAUDIO  0  
[2017/12/10 16:54:00 968] tts        485  get audio|use local  
[2017/12/10 16:54:00 968] tts        498  local audiolen:  512  ,ced:  165  
[2017/12/10 16:54:00 968] tts        527  0  udata(cc02ac88) 1  
[2017/12/10 16:54:00 968] tts        657  TTS_MSG_GETAUDIO  0  
[2017/12/10 16:54:00 968] tts        485  get audio|use local  
[2017/12/10 16:54:00 968] tts        498  local audiolen:  512  ,ced:  165  
[2017/12/10 16:54:00 968] tts        527  0  udata(cc02acd8) 1  
[2017/12/10 16:54:00 968] tts        657  TTS_MSG_GETAUDIO  0  
[2017/12/10 16:54:00 969] tts        485  get audio|use local  
[2017/12/10 16:54:00 969] tts        498  local audiolen:  512  ,ced:  165  
[2017/12/10 16:54:00 969] tts        527  0  udata(cc02ad28) 1  
[2017/12/10 16:54:00 969] tts        657  TTS_MSG_GETAUDIO  0  
[2017/12/10 16:54:00 969] tts        485  get audio|use local  
[2017/12/10 16:54:00 969] tts        498  local audiolen:  512  ,ced:  165  
[2017/12/10 16:54:00 969] tts        527  0  udata(cc02ad78) 1  
[2017/12/10 16:54:00 969] tts        657  TTS_MSG_GETAUDIO  0  
[2017/12/10 16:54:00 969] tts        485  get audio|use local  
[2017/12/10 16:54:00 969] tts        498  local audiolen:  512  ,ced:  165  
[2017/12/10 16:54:00 969] tts        527  0  udata(cc02b938) 1  
[2017/12/10 16:54:00 969] tts        657  TTS_MSG_GETAUDIO  0  
[2017/12/10 16:54:00 970] tts        485  get audio|use local  
[2017/12/10 16:54:00 970] tts        498  local audiolen:  512  ,ced:  165  
[2017/12/10 16:54:00 970] tts        527  0  udata(cc02b988) 1  
[2017/12/10 16:54:00 970] tts        657  TTS_MSG_GETAUDIO  0  
[2017/12/10 16:54:00 970] tts        485  get audio|use local  
[2017/12/10 16:54:00 970] tts        498  local audiolen:  512  ,ced:  165  
[2017/12/10 16:54:00 970] tts        527  0  udata(cc02b9d8) 1  
[2017/12/10 16:54:00 970] tts        657  TTS_MSG_GETAUDIO  0  
[2017/12/10 16:54:00 970] tts        485  get audio|use local  
[2017/12/10 16:54:00 970] tts        498  local audiolen:  512  ,ced:  165  
[2017/12/10 16:54:00 970] tts        527  0  udata(cc02ba28) 1  
[2017/12/10 16:54:00 970] tts        657  TTS_MSG_GETAUDIO  0  
[2017/12/10 16:54:00 970] tts        485  get audio|use local  
[2017/12/10 16:54:00 971] tts        498  local audiolen:  512  ,ced:  165  
[2017/12/10 16:54:00 971] tts        527  0  udata(cc02ba78) 1  
[2017/12/10 16:54:00 971] tts        657  TTS_MSG_GETAUDIO  0  
[2017/12/10 16:54:00 971] tts        485  get audio|use local  
[2017/12/10 16:54:00 971] tts        498  local audiolen:  512  ,ced:  165  
[2017/12/10 16:54:00 971] tts        527  0  udata(cc02bac8) 1  
[2017/12/10 16:54:00 971] tts        657  TTS_MSG_GETAUDIO  0  
[2017/12/10 16:54:00 971] tts        485  get audio|use local  
[2017/12/10 16:54:00 971] tts        498  local audiolen:  512  ,ced:  165  
[2017/12/10 16:54:00 971] tts        527  0  udata(cc02bb18) 1  
[2017/12/10 16:54:00 971] tts        657  TTS_MSG_GETAUDIO  0  
[2017/12/10 16:54:00 971] tts        485  get audio|use local  
[2017/12/10 16:54:00 971] tts        498  local audiolen:  512  ,ced:  165  
[2017/12/10 16:54:00 972] tts        527  0  udata(cc02bb68) 1  
[2017/12/10 16:54:00 972] tts        657  TTS_MSG_GETAUDIO  0  
[2017/12/10 16:54:00 972] tts        485  get audio|use local  
[2017/12/10 16:54:00 972] tts        498  local audiolen:  512  ,ced:  165  
[2017/12/10 16:54:00 972] tts        527  0  udata(cc02bbb8) 1  
[2017/12/10 16:54:00 972] tts        657  TTS_MSG_GETAUDIO  0  
[2017/12/10 16:54:00 972] tts        485  get audio|use local  
[2017/12/10 16:54:00 972] tts        498  local audiolen:  512  ,ced:  165  
[2017/12/10 16:54:00 972] tts        527  0  udata(cc02bc08) 1  
[2017/12/10 16:54:00 972] tts        657  TTS_MSG_GETAUDIO  0  
[2017/12/10 16:54:00 972] tts        485  get audio|use local  
[2017/12/10 16:54:00 972] tts        498  local audiolen:  512  ,ced:  165  
[2017/12/10 16:54:00 972] tts        527  0  udata(cc02bc58) 1  
[2017/12/10 16:54:00 973] tts        657  TTS_MSG_GETAUDIO  0  
[2017/12/10 16:54:00 973] tts        485  get audio|use local  
[2017/12/10 16:54:00 973] tts        498  local audiolen:  512  ,ced:  165  
[2017/12/10 16:54:00 973] tts        527  0  udata(cc02bca8) 1  
[2017/12/10 16:54:00 973] tts        657  TTS_MSG_GETAUDIO  0  
[2017/12/10 16:54:00 973] tts        485  get audio|use local  
[2017/12/10 16:54:00 973] tts        498  local audiolen:  160  ,ced:  165  
[2017/12/10 16:54:00 973] tts        527  0  udata(cc02b788) 1  
[2017/12/10 16:54:00 973] tts        657  TTS_MSG_GETAUDIO  0  
[2017/12/10 16:54:00 973] tts        485  get audio|use local  
[2017/12/10 16:54:00 973] tts        498  local audiolen:  212  ,ced:  186  
[2017/12/10 16:54:00 973] tts        527  0  udata(cc02b6d8) 1  
[2017/12/10 16:54:00 974] tts        657  TTS_MSG_GETAUDIO  0  
[2017/12/10 16:54:00 974] tts        485  get audio|use local  
[2017/12/10 16:54:00 974] tts        498  local audiolen:  4134  ,ced:  186  
[2017/12/10 16:54:00 974] tts        527  0  udata(cc02b728) 1  
[2017/12/10 16:54:00 974] tts        657  TTS_MSG_GETAUDIO  0  
[2017/12/10 16:54:00 974] tts        485  get audio|use local  
[2017/12/10 16:54:00 974] tts        498  local audiolen:  8222  ,ced:  186  
[2017/12/10 16:54:00 974] tts        527  0  udata(cc02abd8) 1  
[2017/12/10 16:54:00 974] tts        657  TTS_MSG_GETAUDIO  0  
[2017/12/10 16:54:00 974] tts        485  get audio|use local  
[2017/12/10 16:54:00 974] tts        498  local audiolen:  6866  ,ced:  186  
[2017/12/10 16:54:00 974] tts        527  0  udata(cc02b7d8) 1  
[2017/12/10 16:54:00 975] tts        657  TTS_MSG_GETAUDIO  0  
[2017/12/10 16:54:00 975] tts        485  get audio|use local  
[2017/12/10 16:54:00 975] tts        498  local audiolen:  4476  ,ced:  186  
[2017/12/10 16:54:00 975] tts        527  0  udata(cc02b828) 1  
[2017/12/10 16:54:00 975] tts        657  TTS_MSG_GETAUDIO  0  
[2017/12/10 16:54:00 975] tts        485  get audio|use local  
[2017/12/10 16:54:00 975] tts        498  local audiolen:  4456  ,ced:  186  
[2017/12/10 16:54:00 975] tts        527  0  udata(cc02b878) 1  
[2017/12/10 16:54:00 975] tts        657  TTS_MSG_GETAUDIO  0  
[2017/12/10 16:54:00 975] tts        485  get audio|use local  
[2017/12/10 16:54:00 975] tts        498  local audiolen:  12856  ,ced:  186  
[2017/12/10 16:54:00 975] tts        527  0  udata(cc02ef48) 1  
[2017/12/10 16:54:00 976] tts        657  TTS_MSG_GETAUDIO  0  
[2017/12/10 16:54:00 976] tts        485  get audio|use local  
[2017/12/10 16:54:00 976] tts        498  local audiolen:  3896  ,ced:  186  
[2017/12/10 16:54:00 976] tts        527  0  udata(cc02ef98) 1  
[2017/12/10 16:54:00 976] tts        657  TTS_MSG_GETAUDIO  0  
[2017/12/10 16:54:00 976] tts        485  get audio|use local  
[2017/12/10 16:54:00 976] tts        498  local audiolen:  11896  ,ced:  186  
[2017/12/10 16:54:00 976] tts        527  0  udata(cc02efe8) 1  
[2017/12/10 16:54:00 976] tts        657  TTS_MSG_GETAUDIO  0  
[2017/12/10 16:54:00 976] tts        485  get audio|use local  
[2017/12/10 16:54:00 976] tts        498  local audiolen:  4848  ,ced:  186  
[2017/12/10 16:54:00 976] tts        527  0  udata(cc02f038) 1  
[2017/12/10 16:54:00 977] tts        657  TTS_MSG_GETAUDIO  0  
[2017/12/10 16:54:00 977] tts        485  get audio|use local  
[2017/12/10 16:54:00 977] tts        498  local audiolen:  12430  ,ced:  186  
[2017/12/10 16:54:00 977] tts        527  0  udata(cc02ed98) 2  
[2017/12/10 16:54:00 977] tts        660  TTS_MSG_SSE  
[2017/12/10 16:54:00 978] tts        585  sse|use local  
[2017/12/10 16:54:00 978] tts        603  tts exit  
