============================================================
Time  2017/12/11 10:00:10 515 
============================================================
[2017/12/11 10:00:10 515] tts        676  SYS_MSG_REGCB param0 =  msp_status_cb  param1 =  func(38013220) 
[2017/12/11 10:00:10 516] config     42   use general cloud  
[2017/12/11 10:00:10 519] tts_cloud  1414 SYS_MSG_REGCB_CLOUD param0 =   msp_status_cb  param1 =  func(38013220) 
[2017/12/11 10:00:10 519] tts        647  TTS_MSG_SSB  
[2017/12/11 10:00:10 519] tts        375  params =  engine_type = local,voice_name=xiaoyan, text_encoding = UTF8, tts_res_path = fo|res/tts/xiaoyan.jet;fo|res/tts/common.jet, sample_rate = 16000, speed = 50, volume = 50, pitch = 50, rdn = 2  
[2017/12/11 10:00:10 520] tts        412  ssb|use local  
[2017/12/11 10:00:10 520] tts        349  local_session_begin  
[2017/12/11 10:00:10 521] tts        654  TTS_MSG_SYN  0  
[2017/12/11 10:00:10 521] tts        451  synth|use local  
[2017/12/11 10:00:10 524] tts        657  TTS_MSG_GETAUDIO  0  
[2017/12/11 10:00:10 524] tts        485  get audio|use local  
[2017/12/11 10:00:10 524] tts        527  0  nil  1  
[2017/12/11 10:00:10 524] tts        657  TTS_MSG_GETAUDIO  0  
[2017/12/11 10:00:10 524] tts        485  get audio|use local  
[2017/12/11 10:00:10 524] tts        527  0  nil  1  
[2017/12/11 10:00:10 525] tts        657  TTS_MSG_GETAUDIO  0  
[2017/12/11 10:00:10 525] tts        485  get audio|use local  
[2017/12/11 10:00:10 525] tts        527  0  nil  1  
[2017/12/11 10:00:10 525] tts        657  TTS_MSG_GETAUDIO  0  
[2017/12/11 10:00:10 525] tts        485  get audio|use local  
[2017/12/11 10:00:10 525] tts        527  0  nil  1  
[2017/12/11 10:00:10 525] tts        657  TTS_MSG_GETAUDIO  0  
[2017/12/11 10:00:10 525] tts        485  get audio|use local  
[2017/12/11 10:00:10 525] tts        527  0  nil  1  
[2017/12/11 10:00:10 526] tts        657  TTS_MSG_GETAUDIO  0  
[2017/12/11 10:00:10 526] tts        485  get audio|use local  
[2017/12/11 10:00:10 526] tts        527  0  nil  1  
[2017/12/11 10:00:10 526] tts        657  TTS_MSG_GETAUDIO  0  
[2017/12/11 10:00:10 526] tts        485  get audio|use local  
[2017/12/11 10:00:10 526] tts        527  0  nil  1  
[2017/12/11 10:00:10 526] tts        657  TTS_MSG_GETAUDIO  0  
[2017/12/11 10:00:10 527] tts        485  get audio|use local  
[2017/12/11 10:00:10 527] tts        527  0  nil  1  
[2017/12/11 10:00:10 527] tts        657  TTS_MSG_GETAUDIO  0  
[2017/12/11 10:00:10 527] tts        485  get audio|use local  
[2017/12/11 10:00:10 527] tts        527  0  nil  1  
[2017/12/11 10:00:10 528] tts        657  TTS_MSG_GETAUDIO  0  
[2017/12/11 10:00:10 528] tts        485  get audio|use local  
[2017/12/11 10:00:10 528] tts        527  0  nil  1  
[2017/12/11 10:00:10 529] tts        657  TTS_MSG_GETAUDIO  0  
[2017/12/11 10:00:10 529] tts        485  get audio|use local  
[2017/12/11 10:00:10 529] tts        527  0  nil  1  
[2017/12/11 10:00:10 529] tts        657  TTS_MSG_GETAUDIO  0  
[2017/12/11 10:00:10 529] tts        485  get audio|use local  
[2017/12/11 10:00:10 529] tts        527  0  nil  1  
[2017/12/11 10:00:10 529] tts        657  TTS_MSG_GETAUDIO  0  
[2017/12/11 10:00:10 529] tts        485  get audio|use local  
[2017/12/11 10:00:10 529] tts        527  0  nil  1  
[2017/12/11 10:00:10 530] tts        657  TTS_MSG_GETAUDIO  0  
[2017/12/11 10:00:10 530] tts        485  get audio|use local  
[2017/12/11 10:00:10 530] tts        527  0  nil  1  
[2017/12/11 10:00:10 530] tts        657  TTS_MSG_GETAUDIO  0  
[2017/12/11 10:00:10 531] tts        485  get audio|use local  
[2017/12/11 10:00:10 531] tts        527  0  nil  1  
[2017/12/11 10:00:10 531] tts        657  TTS_MSG_GETAUDIO  0  
[2017/12/11 10:00:10 531] tts        485  get audio|use local  
[2017/12/11 10:00:10 531] tts        527  0  nil  1  
[2017/12/11 10:00:10 531] tts        657  TTS_MSG_GETAUDIO  0  
[2017/12/11 10:00:10 531] tts        485  get audio|use local  
[2017/12/11 10:00:10 531] tts        527  0  nil  1  
[2017/12/11 10:00:10 531] tts        657  TTS_MSG_GETAUDIO  0  
[2017/12/11 10:00:10 531] tts        485  get audio|use local  
[2017/12/11 10:00:10 532] tts        527  0  nil  1  
[2017/12/11 10:00:10 532] tts        657  TTS_MSG_GETAUDIO  0  
[2017/12/11 10:00:10 532] tts        485  get audio|use local  
[2017/12/11 10:00:10 532] tts        527  0  nil  1  
[2017/12/11 10:00:10 532] tts        657  TTS_MSG_GETAUDIO  0  
[2017/12/11 10:00:10 532] tts        485  get audio|use local  
[2017/12/11 10:00:10 532] tts        527  0  nil  1  
[2017/12/11 10:00:10 532] tts        657  TTS_MSG_GETAUDIO  0  
[2017/12/11 10:00:10 532] tts        485  get audio|use local  
[2017/12/11 10:00:10 532] tts        527  0  nil  1  
[2017/12/11 10:00:10 533] tts        657  TTS_MSG_GETAUDIO  0  
[2017/12/11 10:00:10 533] tts        485  get audio|use local  
[2017/12/11 10:00:10 533] tts        527  0  nil  1  
[2017/12/11 10:00:10 533] tts        657  TTS_MSG_GETAUDIO  0  
[2017/12/11 10:00:10 533] tts        485  get audio|use local  
[2017/12/11 10:00:10 533] tts        527  0  nil  1  
[2017/12/11 10:00:10 533] tts        657  TTS_MSG_GETAUDIO  0  
[2017/12/11 10:00:10 533] tts        485  get audio|use local  
[2017/12/11 10:00:10 533] tts        527  0  nil  1  
[2017/12/11 10:00:10 534] tts        657  TTS_MSG_GETAUDIO  0  
[2017/12/11 10:00:10 534] tts        485  get audio|use local  
[2017/12/11 10:00:10 534] tts        527  0  nil  1  
[2017/12/11 10:00:10 534] tts        657  TTS_MSG_GETAUDIO  0  
[2017/12/11 10:00:10 534] tts        485  get audio|use local  
[2017/12/11 10:00:10 534] tts        527  0  nil  1  
[2017/12/11 10:00:10 535] tts        657  TTS_MSG_GETAUDIO  0  
[2017/12/11 10:00:10 535] tts        485  get audio|use local  
[2017/12/11 10:00:10 535] tts        527  0  nil  1  
[2017/12/11 10:00:10 535] tts        657  TTS_MSG_GETAUDIO  0  
[2017/12/11 10:00:10 535] tts        485  get audio|use local  
[2017/12/11 10:00:10 535] tts        527  0  nil  1  
[2017/12/11 10:00:10 535] tts        657  TTS_MSG_GETAUDIO  0  
[2017/12/11 10:00:10 536] tts        485  get audio|use local  
[2017/12/11 10:00:10 536] tts        527  0  nil  1  
[2017/12/11 10:00:10 536] tts        657  TTS_MSG_GETAUDIO  0  
[2017/12/11 10:00:10 536] tts        485  get audio|use local  
[2017/12/11 10:00:10 536] tts        527  0  nil  1  
[2017/12/11 10:00:10 536] tts        299  TTS_LOCAL_CB_BEGIN  
[2017/12/11 10:00:10 536] tts        657  TTS_MSG_GETAUDIO  0  
[2017/12/11 10:00:10 536] tts        485  get audio|use local  
[2017/12/11 10:00:10 536] tts        527  0  nil  1  
[2017/12/11 10:00:10 537] tts        657  TTS_MSG_GETAUDIO  0  
[2017/12/11 10:00:10 537] tts        485  get audio|use local  
[2017/12/11 10:00:10 537] tts        527  0  nil  1  
[2017/12/11 10:00:10 537] tts        657  TTS_MSG_GETAUDIO  0  
[2017/12/11 10:00:10 537] tts        485  get audio|use local  
[2017/12/11 10:00:10 537] tts        527  0  nil  1  
[2017/12/11 10:00:10 537] tts        657  TTS_MSG_GETAUDIO  0  
[2017/12/11 10:00:10 537] tts        485  get audio|use local  
[2017/12/11 10:00:10 537] tts        527  0  nil  1  
[2017/12/11 10:00:10 538] tts        657  TTS_MSG_GETAUDIO  0  
[2017/12/11 10:00:10 538] tts        485  get audio|use local  
[2017/12/11 10:00:10 538] tts        527  0  nil  1  
[2017/12/11 10:00:10 538] tts        657  TTS_MSG_GETAUDIO  0  
[2017/12/11 10:00:10 538] tts        485  get audio|use local  
[2017/12/11 10:00:10 538] tts        527  0  nil  1  
[2017/12/11 10:00:10 539] tts        657  TTS_MSG_GETAUDIO  0  
[2017/12/11 10:00:10 539] tts        485  get audio|use local  
[2017/12/11 10:00:10 539] tts        527  0  nil  1  
[2017/12/11 10:00:10 539] tts        657  TTS_MSG_GETAUDIO  0  
[2017/12/11 10:00:10 539] tts        485  get audio|use local  
[2017/12/11 10:00:10 539] tts        527  0  nil  1  
[2017/12/11 10:00:10 539] tts        657  TTS_MSG_GETAUDIO  0  
[2017/12/11 10:00:10 539] tts        485  get audio|use local  
[2017/12/11 10:00:10 539] tts        527  0  nil  1  
[2017/12/11 10:00:10 540] tts        657  TTS_MSG_GETAUDIO  0  
[2017/12/11 10:00:10 540] tts        485  get audio|use local  
[2017/12/11 10:00:10 540] tts        527  0  nil  1  
[2017/12/11 10:00:10 540] tts        657  TTS_MSG_GETAUDIO  0  
[2017/12/11 10:00:10 540] tts        485  get audio|use local  
[2017/12/11 10:00:10 540] tts        498  local audiolen:  212  ,ced:  33  
[2017/12/11 10:00:10 540] tts        527  0  udata(3806dc78) 1  
[2017/12/11 10:00:10 541] tts        657  TTS_MSG_GETAUDIO  0  
[2017/12/11 10:00:10 541] tts        485  get audio|use local  
[2017/12/11 10:00:10 541] tts        498  local audiolen:  3270  ,ced:  33  
[2017/12/11 10:00:10 541] tts        527  0  udata(3806dcd8) 1  
[2017/12/11 10:00:10 541] tts        657  TTS_MSG_GETAUDIO  0  
[2017/12/11 10:00:10 541] tts        485  get audio|use local  
[2017/12/11 10:00:10 541] tts        527  0  nil  1  
[2017/12/11 10:00:10 541] tts        657  TTS_MSG_GETAUDIO  0  
[2017/12/11 10:00:10 541] tts        485  get audio|use local  
[2017/12/11 10:00:10 541] tts        527  0  nil  1  
[2017/12/11 10:00:10 542] tts        657  TTS_MSG_GETAUDIO  0  
[2017/12/11 10:00:10 542] tts        485  get audio|use local  
[2017/12/11 10:00:10 542] tts        498  local audiolen:  5902  ,ced:  33  
[2017/12/11 10:00:10 542] tts        527  0  udata(3806da18) 1  
[2017/12/11 10:00:10 543] tts        657  TTS_MSG_GETAUDIO  0  
[2017/12/11 10:00:10 543] tts        485  get audio|use local  
[2017/12/11 10:00:10 544] tts        498  local audiolen:  7238  ,ced:  33  
[2017/12/11 10:00:10 544] tts        527  0  udata(3806ce48) 1  
[2017/12/11 10:00:10 545] tts        657  TTS_MSG_GETAUDIO  0  
[2017/12/11 10:00:10 545] tts        485  get audio|use local  
[2017/12/11 10:00:10 545] tts        498  local audiolen:  5438  ,ced:  33  
[2017/12/11 10:00:10 545] tts        527  0  udata(3806de38) 1  
[2017/12/11 10:00:10 545] tts        657  TTS_MSG_GETAUDIO  0  
[2017/12/11 10:00:10 545] tts        485  get audio|use local  
[2017/12/11 10:00:10 545] tts        498  local audiolen:  7546  ,ced:  33  
[2017/12/11 10:00:10 545] tts        527  0  udata(3806ef58) 1  
[2017/12/11 10:00:10 546] tts        657  TTS_MSG_GETAUDIO  0  
[2017/12/11 10:00:10 546] tts        485  get audio|use local  
[2017/12/11 10:00:10 546] tts        498  local audiolen:  8038  ,ced:  33  
[2017/12/11 10:00:10 546] tts        527  0  udata(3806f0a8) 1  
[2017/12/11 10:00:10 547] tts        657  TTS_MSG_GETAUDIO  0  
[2017/12/11 10:00:10 547] tts        485  get audio|use local  
[2017/12/11 10:00:10 547] tts        498  local audiolen:  7166  ,ced:  33  
[2017/12/11 10:00:10 547] tts        527  0  udata(3806f1f8) 1  
[2017/12/11 10:00:10 547] tts        657  TTS_MSG_GETAUDIO  0  
[2017/12/11 10:00:10 547] tts        485  get audio|use local  
[2017/12/11 10:00:10 547] tts        498  local audiolen:  4198  ,ced:  33  
[2017/12/11 10:00:10 547] tts        527  0  udata(3806f348) 1  
[2017/12/11 10:00:10 549] tts        657  TTS_MSG_GETAUDIO  0  
[2017/12/11 10:00:10 549] tts        485  get audio|use local  
[2017/12/11 10:00:10 549] tts        527  0  nil  1  
[2017/12/11 10:00:10 551] tts        657  TTS_MSG_GETAUDIO  0  
[2017/12/11 10:00:10 551] tts        485  get audio|use local  
[2017/12/11 10:00:10 551] tts        498  local audiolen:  6590  ,ced:  33  
[2017/12/11 10:00:10 551] tts        527  0  udata(3806f858) 1  
[2017/12/11 10:00:10 552] tts        657  TTS_MSG_GETAUDIO  0  
[2017/12/11 10:00:10 552] tts        485  get audio|use local  
[2017/12/11 10:00:10 552] tts        498  local audiolen:  4482  ,ced:  33  
[2017/12/11 10:00:10 552] tts        527  0  udata(3806f8a8) 1  
[2017/12/11 10:00:10 554] tts        657  TTS_MSG_GETAUDIO  0  
[2017/12/11 10:00:10 554] tts        485  get audio|use local  
[2017/12/11 10:00:10 554] tts        498  local audiolen:  9880  ,ced:  33  
[2017/12/11 10:00:10 554] tts        527  0  udata(3806f498) 1  
[2017/12/11 10:00:10 556] tts        657  TTS_MSG_GETAUDIO  0  
[2017/12/11 10:00:10 556] tts        485  get audio|use local  
[2017/12/11 10:00:10 556] tts        498  local audiolen:  512  ,ced:  33  
[2017/12/11 10:00:10 556] tts        527  0  udata(38083818) 1  
[2017/12/11 10:00:10 557] tts        657  TTS_MSG_GETAUDIO  0  
[2017/12/11 10:00:10 557] tts        485  get audio|use local  
[2017/12/11 10:00:10 557] tts        498  local audiolen:  512  ,ced:  33  
[2017/12/11 10:00:10 557] tts        527  0  udata(380862e8) 1  
[2017/12/11 10:00:10 557] tts        657  TTS_MSG_GETAUDIO  0  
[2017/12/11 10:00:10 558] tts        485  get audio|use local  
[2017/12/11 10:00:10 558] tts        498  local audiolen:  512  ,ced:  33  
[2017/12/11 10:00:10 558] tts        527  0  udata(38083708) 1  
[2017/12/11 10:00:10 558] tts        657  TTS_MSG_GETAUDIO  0  
[2017/12/11 10:00:10 558] tts        485  get audio|use local  
[2017/12/11 10:00:10 558] tts        498  local audiolen:  512  ,ced:  33  
[2017/12/11 10:00:10 558] tts        527  0  udata(38083968) 1  
[2017/12/11 10:00:10 559] tts        657  TTS_MSG_GETAUDIO  0  
[2017/12/11 10:00:10 559] tts        485  get audio|use local  
[2017/12/11 10:00:10 559] tts        498  local audiolen:  512  ,ced:  33  
[2017/12/11 10:00:10 559] tts        527  0  udata(38083a18) 1  
[2017/12/11 10:00:10 561] tts        657  TTS_MSG_GETAUDIO  0  
[2017/12/11 10:00:10 561] tts        485  get audio|use local  
[2017/12/11 10:00:10 561] tts        498  local audiolen:  512  ,ced:  33  
[2017/12/11 10:00:10 561] tts        527  0  udata(38084918) 1  
[2017/12/11 10:00:10 561] tts        657  TTS_MSG_GETAUDIO  0  
[2017/12/11 10:00:10 561] tts        485  get audio|use local  
[2017/12/11 10:00:10 561] tts        498  local audiolen:  512  ,ced:  33  
[2017/12/11 10:00:10 561] tts        527  0  udata(38083f98) 1  
[2017/12/11 10:00:10 562] tts        657  TTS_MSG_GETAUDIO  0  
[2017/12/11 10:00:10 562] tts        485  get audio|use local  
[2017/12/11 10:00:10 562] tts        498  local audiolen:  512  ,ced:  33  
[2017/12/11 10:00:10 562] tts        527  0  udata(38083fe8) 1  
[2017/12/11 10:00:10 563] tts        657  TTS_MSG_GETAUDIO  0  
[2017/12/11 10:00:10 563] tts        485  get audio|use local  
[2017/12/11 10:00:10 563] tts        498  local audiolen:  512  ,ced:  33  
[2017/12/11 10:00:10 563] tts        527  0  udata(380840d8) 1  
[2017/12/11 10:00:10 563] tts        657  TTS_MSG_GETAUDIO  0  
[2017/12/11 10:00:10 563] tts        485  get audio|use local  
[2017/12/11 10:00:10 563] tts        498  local audiolen:  512  ,ced:  33  
[2017/12/11 10:00:10 563] tts        527  0  udata(38084cd8) 1  
[2017/12/11 10:00:10 563] tts        657  TTS_MSG_GETAUDIO  0  
[2017/12/11 10:00:10 563] tts        485  get audio|use local  
[2017/12/11 10:00:10 564] tts        498  local audiolen:  512  ,ced:  33  
[2017/12/11 10:00:10 564] tts        527  0  udata(38084d28) 1  
[2017/12/11 10:00:10 564] tts        657  TTS_MSG_GETAUDIO  0  
[2017/12/11 10:00:10 564] tts        485  get audio|use local  
[2017/12/11 10:00:10 564] tts        498  local audiolen:  512  ,ced:  33  
[2017/12/11 10:00:10 564] tts        527  0  udata(38084d78) 1  
[2017/12/11 10:00:10 564] tts        657  TTS_MSG_GETAUDIO  0  
[2017/12/11 10:00:10 564] tts        485  get audio|use local  
[2017/12/11 10:00:10 565] tts        498  local audiolen:  512  ,ced:  33  
[2017/12/11 10:00:10 565] tts        527  0  udata(38084e68) 1  
[2017/12/11 10:00:10 565] tts        657  TTS_MSG_GETAUDIO  0  
[2017/12/11 10:00:10 565] tts        485  get audio|use local  
[2017/12/11 10:00:10 565] tts        498  local audiolen:  512  ,ced:  33  
[2017/12/11 10:00:10 565] tts        527  0  udata(38084a28) 1  
[2017/12/11 10:00:10 565] tts        657  TTS_MSG_GETAUDIO  0  
[2017/12/11 10:00:10 565] tts        485  get audio|use local  
[2017/12/11 10:00:10 565] tts        498  local audiolen:  512  ,ced:  33  
[2017/12/11 10:00:10 565] tts        527  0  udata(38084a78) 1  
[2017/12/11 10:00:10 566] tts        657  TTS_MSG_GETAUDIO  0  
[2017/12/11 10:00:10 566] tts        485  get audio|use local  
[2017/12/11 10:00:10 566] tts        498  local audiolen:  512  ,ced:  33  
[2017/12/11 10:00:10 566] tts        527  0  udata(380852f8) 1  
[2017/12/11 10:00:10 566] tts        657  TTS_MSG_GETAUDIO  0  
[2017/12/11 10:00:10 566] tts        485  get audio|use local  
[2017/12/11 10:00:10 566] tts        498  local audiolen:  512  ,ced:  33  
[2017/12/11 10:00:10 566] tts        527  0  udata(38085348) 1  
[2017/12/11 10:00:10 567] tts        657  TTS_MSG_GETAUDIO  0  
[2017/12/11 10:00:10 567] tts        485  get audio|use local  
[2017/12/11 10:00:10 567] tts        498  local audiolen:  512  ,ced:  33  
[2017/12/11 10:00:10 567] tts        527  0  udata(38085398) 1  
[2017/12/11 10:00:10 567] tts        657  TTS_MSG_GETAUDIO  0  
[2017/12/11 10:00:10 567] tts        485  get audio|use local  
[2017/12/11 10:00:10 567] tts        498  local audiolen:  160  ,ced:  33  
[2017/12/11 10:00:10 567] tts        527  0  udata(38085498) 1  
[2017/12/11 10:00:10 567] tts        657  TTS_MSG_GETAUDIO  0  
[2017/12/11 10:00:10 567] tts        485  get audio|use local  
[2017/12/11 10:00:10 567] tts        498  local audiolen:  212  ,ced:  78  
[2017/12/11 10:00:10 567] tts        527  0  udata(380850d8) 1  
[2017/12/11 10:00:10 568] tts        657  TTS_MSG_GETAUDIO  0  
[2017/12/11 10:00:10 568] tts        485  get audio|use local  
[2017/12/11 10:00:10 568] tts        498  local audiolen:  5092  ,ced:  78  
[2017/12/11 10:00:10 568] tts        527  0  udata(380849c8) 1  
[2017/12/11 10:00:10 569] tts        657  TTS_MSG_GETAUDIO  0  
[2017/12/11 10:00:10 569] tts        485  get audio|use local  
[2017/12/11 10:00:10 569] tts        498  local audiolen:  4978  ,ced:  78  
[2017/12/11 10:00:10 569] tts        527  0  udata(38085178) 1  
[2017/12/11 10:00:10 570] tts        657  TTS_MSG_GETAUDIO  0  
[2017/12/11 10:00:10 570] tts        485  get audio|use local  
[2017/12/11 10:00:10 570] tts        498  local audiolen:  6844  ,ced:  78  
[2017/12/11 10:00:10 570] tts        527  0  udata(38085758) 1  
[2017/12/11 10:00:10 571] tts        657  TTS_MSG_GETAUDIO  0  
[2017/12/11 10:00:10 571] tts        485  get audio|use local  
[2017/12/11 10:00:10 571] tts        498  local audiolen:  14708  ,ced:  78  
[2017/12/11 10:00:10 571] tts        527  0  udata(380857a8) 1  
[2017/12/11 10:00:10 572] tts        657  TTS_MSG_GETAUDIO  0  
[2017/12/11 10:00:10 572] tts        485  get audio|use local  
[2017/12/11 10:00:10 573] tts        498  local audiolen:  4606  ,ced:  78  
[2017/12/11 10:00:10 573] tts        527  0  udata(380264d8) 1  
[2017/12/11 10:00:10 573] tts        657  TTS_MSG_GETAUDIO  0  
[2017/12/11 10:00:10 573] tts        485  get audio|use local  
[2017/12/11 10:00:10 573] tts        498  local audiolen:  6044  ,ced:  78  
[2017/12/11 10:00:10 574] tts        527  0  udata(38026628) 1  
[2017/12/11 10:00:10 574] tts        657  TTS_MSG_GETAUDIO  0  
[2017/12/11 10:00:10 574] tts        485  get audio|use local  
[2017/12/11 10:00:10 574] tts        498  local audiolen:  7822  ,ced:  78  
[2017/12/11 10:00:10 574] tts        527  0  udata(38024938) 1  
[2017/12/11 10:00:10 575] tts        657  TTS_MSG_GETAUDIO  0  
[2017/12/11 10:00:10 575] tts        485  get audio|use local  
[2017/12/11 10:00:10 575] tts        498  local audiolen:  7130  ,ced:  78  
[2017/12/11 10:00:10 575] tts        527  0  udata(38024c88) 1  
[2017/12/11 10:00:10 576] tts        657  TTS_MSG_GETAUDIO  0  
[2017/12/11 10:00:10 576] tts        485  get audio|use local  
[2017/12/11 10:00:10 576] tts        498  local audiolen:  6696  ,ced:  78  
[2017/12/11 10:00:10 576] tts        527  0  udata(38024ed8) 1  
[2017/12/11 10:00:10 577] tts        657  TTS_MSG_GETAUDIO  0  
[2017/12/11 10:00:10 577] tts        485  get audio|use local  
[2017/12/11 10:00:10 577] tts        498  local audiolen:  8828  ,ced:  78  
[2017/12/11 10:00:10 577] tts        527  0  udata(38025128) 1  
[2017/12/11 10:00:10 579] tts        657  TTS_MSG_GETAUDIO  0  
[2017/12/11 10:00:10 579] tts        485  get audio|use local  
[2017/12/11 10:00:10 579] tts        498  local audiolen:  5306  ,ced:  78  
[2017/12/11 10:00:10 579] tts        527  0  udata(38084658) 1  
[2017/12/11 10:00:10 580] tts        657  TTS_MSG_GETAUDIO  0  
[2017/12/11 10:00:10 580] tts        485  get audio|use local  
[2017/12/11 10:00:10 580] tts        498  local audiolen:  4052  ,ced:  78  
[2017/12/11 10:00:10 580] tts        527  0  udata(38084808) 1  
[2017/12/11 10:00:10 581] tts        657  TTS_MSG_GETAUDIO  0  
[2017/12/11 10:00:10 581] tts        485  get audio|use local  
[2017/12/11 10:00:10 581] tts        498  local audiolen:  5512  ,ced:  78  
[2017/12/11 10:00:10 581] tts        527  0  udata(380263b8) 1  
[2017/12/11 10:00:10 582] tts        657  TTS_MSG_GETAUDIO  0  
[2017/12/11 10:00:10 582] tts        485  get audio|use local  
[2017/12/11 10:00:10 582] tts        498  local audiolen:  5298  ,ced:  78  
[2017/12/11 10:00:10 582] tts        527  0  udata(38026408) 1  
[2017/12/11 10:00:10 583] tts        657  TTS_MSG_GETAUDIO  0  
[2017/12/11 10:00:10 583] tts        485  get audio|use local  
[2017/12/11 10:00:10 583] tts        498  local audiolen:  10286  ,ced:  78  
[2017/12/11 10:00:10 583] tts        527  0  udata(38022f38) 1  
[2017/12/11 10:00:10 583] tts        657  TTS_MSG_GETAUDIO  0  
[2017/12/11 10:00:10 583] tts        485  get audio|use local  
[2017/12/11 10:00:10 584] tts        498  local audiolen:  512  ,ced:  78  
[2017/12/11 10:00:10 584] tts        527  0  udata(380232f8) 1  
[2017/12/11 10:00:10 584] tts        657  TTS_MSG_GETAUDIO  0  
[2017/12/11 10:00:10 584] tts        485  get audio|use local  
[2017/12/11 10:00:10 584] tts        498  local audiolen:  512  ,ced:  78  
[2017/12/11 10:00:10 584] tts        527  0  udata(38023348) 1  
[2017/12/11 10:00:10 584] tts        657  TTS_MSG_GETAUDIO  0  
[2017/12/11 10:00:10 584] tts        485  get audio|use local  
[2017/12/11 10:00:10 585] tts        498  local audiolen:  512  ,ced:  78  
[2017/12/11 10:00:10 585] tts        527  0  udata(380230e8) 1  
[2017/12/11 10:00:10 585] tts        657  TTS_MSG_GETAUDIO  0  
[2017/12/11 10:00:10 585] tts        485  get audio|use local  
[2017/12/11 10:00:10 585] tts        498  local audiolen:  512  ,ced:  78  
[2017/12/11 10:00:10 585] tts        527  0  udata(38023138) 1  
[2017/12/11 10:00:10 585] tts        657  TTS_MSG_GETAUDIO  0  
[2017/12/11 10:00:10 585] tts        485  get audio|use local  
[2017/12/11 10:00:10 585] tts        498  local audiolen:  512  ,ced:  78  
[2017/12/11 10:00:10 585] tts        527  0  udata(38023188) 1  
[2017/12/11 10:00:10 586] tts        657  TTS_MSG_GETAUDIO  0  
[2017/12/11 10:00:10 586] tts        485  get audio|use local  
[2017/12/11 10:00:10 586] tts        498  local audiolen:  512  ,ced:  78  
[2017/12/11 10:00:10 586] tts        527  0  udata(380231d8) 1  
[2017/12/11 10:00:10 586] tts        657  TTS_MSG_GETAUDIO  0  
[2017/12/11 10:00:10 586] tts        485  get audio|use local  
[2017/12/11 10:00:10 586] tts        498  local audiolen:  512  ,ced:  78  
[2017/12/11 10:00:10 586] tts        527  0  udata(380236a8) 1  
[2017/12/11 10:00:10 587] tts        657  TTS_MSG_GETAUDIO  0  
[2017/12/11 10:00:10 587] tts        485  get audio|use local  
[2017/12/11 10:00:10 587] tts        498  local audiolen:  512  ,ced:  78  
[2017/12/11 10:00:10 587] tts        527  0  udata(38023a68) 1  
[2017/12/11 10:00:10 587] tts        657  TTS_MSG_GETAUDIO  0  
[2017/12/11 10:00:10 587] tts        485  get audio|use local  
[2017/12/11 10:00:10 587] tts        498  local audiolen:  512  ,ced:  78  
[2017/12/11 10:00:10 587] tts        527  0  udata(38023758) 1  
[2017/12/11 10:00:10 587] tts        657  TTS_MSG_GETAUDIO  0  
[2017/12/11 10:00:10 588] tts        485  get audio|use local  
[2017/12/11 10:00:10 588] tts        498  local audiolen:  512  ,ced:  78  
[2017/12/11 10:00:10 588] tts        527  0  udata(380237a8) 1  
[2017/12/11 10:00:10 588] tts        657  TTS_MSG_GETAUDIO  0  
[2017/12/11 10:00:10 588] tts        485  get audio|use local  
[2017/12/11 10:00:10 588] tts        498  local audiolen:  512  ,ced:  78  
[2017/12/11 10:00:10 588] tts        527  0  udata(380237f8) 1  
[2017/12/11 10:00:10 588] tts        657  TTS_MSG_GETAUDIO  0  
[2017/12/11 10:00:10 588] tts        485  get audio|use local  
[2017/12/11 10:00:10 588] tts        498  local audiolen:  512  ,ced:  78  
[2017/12/11 10:00:10 588] tts        527  0  udata(38023848) 1  
[2017/12/11 10:00:10 589] tts        657  TTS_MSG_GETAUDIO  0  
[2017/12/11 10:00:10 589] tts        485  get audio|use local  
[2017/12/11 10:00:10 589] tts        498  local audiolen:  512  ,ced:  78  
[2017/12/11 10:00:10 589] tts        527  0  udata(38023898) 1  
[2017/12/11 10:00:10 589] tts        657  TTS_MSG_GETAUDIO  0  
[2017/12/11 10:00:10 589] tts        485  get audio|use local  
[2017/12/11 10:00:10 589] tts        498  local audiolen:  512  ,ced:  78  
[2017/12/11 10:00:10 589] tts        527  0  udata(380233e8) 1  
[2017/12/11 10:00:10 590] tts        657  TTS_MSG_GETAUDIO  0  
[2017/12/11 10:00:10 590] tts        485  get audio|use local  
[2017/12/11 10:00:10 590] tts        498  local audiolen:  512  ,ced:  78  
[2017/12/11 10:00:10 590] tts        527  0  udata(38023498) 1  
[2017/12/11 10:00:10 590] tts        657  TTS_MSG_GETAUDIO  0  
[2017/12/11 10:00:10 590] tts        485  get audio|use local  
[2017/12/11 10:00:10 590] tts        498  local audiolen:  512  ,ced:  78  
[2017/12/11 10:00:10 590] tts        527  0  udata(380234e8) 1  
[2017/12/11 10:00:10 591] tts        657  TTS_MSG_GETAUDIO  0  
[2017/12/11 10:00:10 591] tts        485  get audio|use local  
[2017/12/11 10:00:10 591] tts        498  local audiolen:  512  ,ced:  78  
[2017/12/11 10:00:10 591] tts        527  0  udata(38023538) 1  
[2017/12/11 10:00:10 591] tts        657  TTS_MSG_GETAUDIO  0  
[2017/12/11 10:00:10 591] tts        485  get audio|use local  
[2017/12/11 10:00:10 592] tts        498  local audiolen:  512  ,ced:  78  
[2017/12/11 10:00:10 592] tts        527  0  udata(380266d8) 1  
[2017/12/11 10:00:10 592] tts        657  TTS_MSG_GETAUDIO  0  
[2017/12/11 10:00:10 592] tts        485  get audio|use local  
[2017/12/11 10:00:10 592] tts        498  local audiolen:  160  ,ced:  78  
[2017/12/11 10:00:10 592] tts        527  0  udata(380267d8) 1  
[2017/12/11 10:00:10 595] tts        657  TTS_MSG_GETAUDIO  0  
[2017/12/11 10:00:10 595] tts        485  get audio|use local  
[2017/12/11 10:00:10 595] tts        498  local audiolen:  212  ,ced:  171  
[2017/12/11 10:00:10 595] tts        527  0  udata(38026de8) 1  
[2017/12/11 10:00:10 596] tts        657  TTS_MSG_GETAUDIO  0  
[2017/12/11 10:00:10 596] tts        485  get audio|use local  
[2017/12/11 10:00:10 596] tts        498  local audiolen:  5092  ,ced:  171  
[2017/12/11 10:00:10 596] tts        527  0  udata(38026e98) 1  
[2017/12/11 10:00:10 596] tts        657  TTS_MSG_GETAUDIO  0  
[2017/12/11 10:00:10 596] tts        485  get audio|use local  
[2017/12/11 10:00:10 596] tts        498  local audiolen:  6730  ,ced:  171  
[2017/12/11 10:00:10 596] tts        527  0  udata(38026ee8) 1  
[2017/12/11 10:00:10 597] tts        657  TTS_MSG_GETAUDIO  0  
[2017/12/11 10:00:10 597] tts        485  get audio|use local  
[2017/12/11 10:00:10 597] tts        498  local audiolen:  8298  ,ced:  171  
[2017/12/11 10:00:10 597] tts        527  0  udata(38026cf8) 1  
[2017/12/11 10:00:10 597] tts        657  TTS_MSG_GETAUDIO  0  
[2017/12/11 10:00:10 597] tts        485  get audio|use local  
[2017/12/11 10:00:10 597] tts        498  local audiolen:  7580  ,ced:  171  
[2017/12/11 10:00:10 597] tts        527  0  udata(380270e8) 1  
[2017/12/11 10:00:10 598] tts        657  TTS_MSG_GETAUDIO  0  
[2017/12/11 10:00:10 598] tts        485  get audio|use local  
[2017/12/11 10:00:10 598] tts        498  local audiolen:  4480  ,ced:  171  
[2017/12/11 10:00:10 598] tts        527  0  udata(38028a28) 1  
[2017/12/11 10:00:10 598] tts        657  TTS_MSG_GETAUDIO  0  
[2017/12/11 10:00:10 598] tts        485  get audio|use local  
[2017/12/11 10:00:10 598] tts        498  local audiolen:  10868  ,ced:  171  
[2017/12/11 10:00:10 598] tts        527  0  udata(38027138) 1  
[2017/12/11 10:00:10 599] tts        657  TTS_MSG_GETAUDIO  0  
[2017/12/11 10:00:10 599] tts        485  get audio|use local  
[2017/12/11 10:00:10 599] tts        498  local audiolen:  5298  ,ced:  171  
[2017/12/11 10:00:10 599] tts        527  0  udata(38022d08) 1  
[2017/12/11 10:00:10 599] tts        657  TTS_MSG_GETAUDIO  0  
[2017/12/11 10:00:10 599] tts        485  get audio|use local  
[2017/12/11 10:00:10 599] tts        498  local audiolen:  7164  ,ced:  171  
[2017/12/11 10:00:10 599] tts        527  0  udata(38027188) 1  
[2017/12/11 10:00:10 599] tts        657  TTS_MSG_GETAUDIO  0  
[2017/12/11 10:00:10 599] tts        485  get audio|use local  
[2017/12/11 10:00:10 599] tts        498  local audiolen:  7180  ,ced:  171  
[2017/12/11 10:00:10 599] tts        527  0  udata(380271d8) 1  
[2017/12/11 10:00:10 599] tts        657  TTS_MSG_GETAUDIO  0  
[2017/12/11 10:00:10 599] tts        485  get audio|use local  
[2017/12/11 10:00:10 600] tts        498  local audiolen:  8208  ,ced:  171  
[2017/12/11 10:00:10 600] tts        527  0  udata(38027228) 1  
[2017/12/11 10:00:10 600] tts        657  TTS_MSG_GETAUDIO  0  
[2017/12/11 10:00:10 600] tts        485  get audio|use local  
[2017/12/11 10:00:10 600] tts        498  local audiolen:  6244  ,ced:  171  
[2017/12/11 10:00:10 600] tts        527  0  udata(38027278) 1  
[2017/12/11 10:00:10 601] tts        657  TTS_MSG_GETAUDIO  0  
[2017/12/11 10:00:10 601] tts        485  get audio|use local  
[2017/12/11 10:00:10 601] tts        498  local audiolen:  6390  ,ced:  171  
[2017/12/11 10:00:10 601] tts        527  0  udata(380272c8) 1  
[2017/12/11 10:00:10 601] tts        657  TTS_MSG_GETAUDIO  0  
[2017/12/11 10:00:10 601] tts        485  get audio|use local  
[2017/12/11 10:00:10 601] tts        498  local audiolen:  13254  ,ced:  171  
[2017/12/11 10:00:10 601] tts        527  0  udata(38027428) 1  
[2017/12/11 10:00:10 602] tts        657  TTS_MSG_GETAUDIO  0  
[2017/12/11 10:00:10 602] tts        485  get audio|use local  
[2017/12/11 10:00:10 602] tts        498  local audiolen:  6238  ,ced:  171  
[2017/12/11 10:00:10 602] tts        527  0  udata(38027478) 1  
[2017/12/11 10:00:10 602] tts        657  TTS_MSG_GETAUDIO  0  
[2017/12/11 10:00:10 602] tts        485  get audio|use local  
[2017/12/11 10:00:10 602] tts        498  local audiolen:  9286  ,ced:  171  
[2017/12/11 10:00:10 604] tts        527  0  udata(380275d8) 1  
[2017/12/11 10:00:10 605] tts        657  TTS_MSG_GETAUDIO  0  
[2017/12/11 10:00:10 605] tts        485  get audio|use local  
[2017/12/11 10:00:10 605] tts        498  local audiolen:  6246  ,ced:  171  
[2017/12/11 10:00:10 605] tts        527  0  udata(38025468) 1  
[2017/12/11 10:00:10 606] tts        657  TTS_MSG_GETAUDIO  0  
[2017/12/11 10:00:10 606] tts        485  get audio|use local  
[2017/12/11 10:00:10 606] tts        498  local audiolen:  7484  ,ced:  171  
[2017/12/11 10:00:10 606] tts        527  0  udata(380256b8) 1  
[2017/12/11 10:00:10 606] tts        657  TTS_MSG_GETAUDIO  0  
[2017/12/11 10:00:10 606] tts        485  get audio|use local  
[2017/12/11 10:00:10 606] tts        498  local audiolen:  7346  ,ced:  171  
[2017/12/11 10:00:10 607] tts        527  0  udata(38025808) 1  
[2017/12/11 10:00:10 607] tts        657  TTS_MSG_GETAUDIO  0  
[2017/12/11 10:00:10 608] tts        485  get audio|use local  
[2017/12/11 10:00:10 608] tts        498  local audiolen:  8340  ,ced:  171  
[2017/12/11 10:00:10 608] tts        527  0  udata(38025958) 1  
[2017/12/11 10:00:10 610] tts        657  TTS_MSG_GETAUDIO  0  
[2017/12/11 10:00:10 610] tts        485  get audio|use local  
[2017/12/11 10:00:10 611] tts        498  local audiolen:  7164  ,ced:  171  
[2017/12/11 10:00:10 611] tts        527  0  udata(38025ba8) 1  
[2017/12/11 10:00:10 612] tts        657  TTS_MSG_GETAUDIO  0  
[2017/12/11 10:00:10 613] tts        485  get audio|use local  
[2017/12/11 10:00:10 613] tts        498  local audiolen:  10936  ,ced:  171  
[2017/12/11 10:00:10 613] tts        527  0  udata(38025ff8) 1  
[2017/12/11 10:00:10 618] tts        657  TTS_MSG_GETAUDIO  0  
[2017/12/11 10:00:10 618] tts        485  get audio|use local  
[2017/12/11 10:00:10 618] tts        498  local audiolen:  16682  ,ced:  171  
[2017/12/11 10:00:10 618] tts        527  0  udata(38028848) 1  
[2017/12/11 10:00:10 619] tts        657  TTS_MSG_GETAUDIO  0  
[2017/12/11 10:00:10 619] tts        485  get audio|use local  
[2017/12/11 10:00:10 619] tts        498  local audiolen:  2688  ,ced:  171  
[2017/12/11 10:00:10 619] tts        527  0  udata(38028898) 1  
[2017/12/11 10:00:10 619] tts        657  TTS_MSG_GETAUDIO  0  
[2017/12/11 10:00:10 619] tts        485  get audio|use local  
[2017/12/11 10:00:10 619] tts        498  local audiolen:  6910  ,ced:  171  
[2017/12/11 10:00:10 619] tts        527  0  udata(380288e8) 1  
[2017/12/11 10:00:10 620] tts        657  TTS_MSG_GETAUDIO  0  
[2017/12/11 10:00:10 620] tts        485  get audio|use local  
[2017/12/11 10:00:10 621] tts        498  local audiolen:  6308  ,ced:  171  
[2017/12/11 10:00:10 621] tts        527  0  udata(38022328) 1  
[2017/12/11 10:00:10 621] tts        657  TTS_MSG_GETAUDIO  0  
[2017/12/11 10:00:10 621] tts        485  get audio|use local  
[2017/12/11 10:00:10 621] tts        498  local audiolen:  10382  ,ced:  171  
[2017/12/11 10:00:10 621] tts        527  0  udata(38022378) 1  
[2017/12/11 10:00:10 622] tts        657  TTS_MSG_GETAUDIO  0  
[2017/12/11 10:00:10 622] tts        485  get audio|use local  
[2017/12/11 10:00:10 622] tts        498  local audiolen:  7126  ,ced:  171  
[2017/12/11 10:00:10 622] tts        527  0  udata(380224d8) 1  
[2017/12/11 10:00:10 623] tts        657  TTS_MSG_GETAUDIO  0  
[2017/12/11 10:00:10 623] tts        485  get audio|use local  
[2017/12/11 10:00:10 623] tts        498  local audiolen:  7222  ,ced:  171  
[2017/12/11 10:00:10 623] tts        527  0  udata(38022528) 1  
[2017/12/11 10:00:10 628] tts        657  TTS_MSG_GETAUDIO  0  
[2017/12/11 10:00:10 628] tts        485  get audio|use local  
[2017/12/11 10:00:10 628] tts        498  local audiolen:  7220  ,ced:  171  
[2017/12/11 10:00:10 628] tts        527  0  udata(38022688) 1  
[2017/12/11 10:00:10 630] tts        657  TTS_MSG_GETAUDIO  0  
[2017/12/11 10:00:10 630] tts        485  get audio|use local  
[2017/12/11 10:00:10 630] tts        498  local audiolen:  512  ,ced:  171  
[2017/12/11 10:00:10 630] tts        527  0  udata(38021838) 1  
[2017/12/11 10:00:10 637] tts        657  TTS_MSG_GETAUDIO  0  
[2017/12/11 10:00:10 637] tts        485  get audio|use local  
[2017/12/11 10:00:10 637] tts        498  local audiolen:  512  ,ced:  171  
[2017/12/11 10:00:10 638] tts        527  0  udata(38021d88) 1  
[2017/12/11 10:00:10 638] tts        657  TTS_MSG_GETAUDIO  0  
[2017/12/11 10:00:10 638] tts        485  get audio|use local  
[2017/12/11 10:00:10 638] tts        498  local audiolen:  512  ,ced:  171  
[2017/12/11 10:00:10 639] tts        527  0  udata(38021fd8) 1  
[2017/12/11 10:00:10 640] tts        657  TTS_MSG_GETAUDIO  0  
[2017/12/11 10:00:10 640] tts        485  get audio|use local  
[2017/12/11 10:00:10 640] tts        498  local audiolen:  512  ,ced:  171  
[2017/12/11 10:00:10 640] tts        527  0  udata(38023ed8) 1  
[2017/12/11 10:00:10 641] tts        657  TTS_MSG_GETAUDIO  0  
[2017/12/11 10:00:10 641] tts        485  get audio|use local  
[2017/12/11 10:00:10 641] tts        498  local audiolen:  512  ,ced:  171  
[2017/12/11 10:00:10 641] tts        527  0  udata(38024228) 1  
[2017/12/11 10:00:10 644] tts        657  TTS_MSG_GETAUDIO  0  
[2017/12/11 10:00:10 644] tts        485  get audio|use local  
[2017/12/11 10:00:10 644] tts        498  local audiolen:  512  ,ced:  171  
[2017/12/11 10:00:10 644] tts        527  0  udata(380242d8) 1  
[2017/12/11 10:00:10 645] tts        657  TTS_MSG_GETAUDIO  0  
[2017/12/11 10:00:10 645] tts        485  get audio|use local  
[2017/12/11 10:00:10 646] tts        498  local audiolen:  512  ,ced:  171  
[2017/12/11 10:00:10 646] tts        527  0  udata(380244c8) 1  
[2017/12/11 10:00:10 647] tts        657  TTS_MSG_GETAUDIO  0  
[2017/12/11 10:00:10 647] tts        485  get audio|use local  
[2017/12/11 10:00:10 648] tts        498  local audiolen:  512  ,ced:  171  
[2017/12/11 10:00:10 648] tts        527  0  udata(3802a478) 1  
[2017/12/11 10:00:10 648] tts        657  TTS_MSG_GETAUDIO  0  
[2017/12/11 10:00:10 648] tts        485  get audio|use local  
[2017/12/11 10:00:10 648] tts        498  local audiolen:  512  ,ced:  171  
[2017/12/11 10:00:10 648] tts        527  0  udata(3802a528) 1  
[2017/12/11 10:00:10 650] tts        657  TTS_MSG_GETAUDIO  0  
[2017/12/11 10:00:10 650] tts        485  get audio|use local  
[2017/12/11 10:00:10 651] tts        498  local audiolen:  512  ,ced:  171  
[2017/12/11 10:00:10 651] tts        527  0  udata(3806e2c8) 1  
[2017/12/11 10:00:10 651] tts        657  TTS_MSG_GETAUDIO  0  
[2017/12/11 10:00:10 651] tts        485  get audio|use local  
[2017/12/11 10:00:10 651] tts        498  local audiolen:  512  ,ced:  171  
[2017/12/11 10:00:10 651] tts        527  0  udata(3806e418) 1  
[2017/12/11 10:00:10 654] tts        657  TTS_MSG_GETAUDIO  0  
[2017/12/11 10:00:10 654] tts        485  get audio|use local  
[2017/12/11 10:00:10 654] tts        498  local audiolen:  512  ,ced:  171  
[2017/12/11 10:00:10 654] tts        527  0  udata(3806ec08) 1  
[2017/12/11 10:00:10 655] tts        657  TTS_MSG_GETAUDIO  0  
[2017/12/11 10:00:10 655] tts        485  get audio|use local  
[2017/12/11 10:00:10 655] tts        498  local audiolen:  512  ,ced:  171  
[2017/12/11 10:00:10 655] tts        527  0  udata(3806ed58) 1  
[2017/12/11 10:00:10 655] tts        657  TTS_MSG_GETAUDIO  0  
[2017/12/11 10:00:10 655] tts        485  get audio|use local  
[2017/12/11 10:00:10 655] tts        498  local audiolen:  512  ,ced:  171  
[2017/12/11 10:00:10 655] tts        527  0  udata(3806ee08) 1  
[2017/12/11 10:00:10 655] tts        657  TTS_MSG_GETAUDIO  0  
[2017/12/11 10:00:10 655] tts        485  get audio|use local  
[2017/12/11 10:00:10 655] tts        498  local audiolen:  512  ,ced:  171  
[2017/12/11 10:00:10 655] tts        527  0  udata(3806ee58) 1  
[2017/12/11 10:00:10 656] tts        657  TTS_MSG_GETAUDIO  0  
[2017/12/11 10:00:10 656] tts        485  get audio|use local  
[2017/12/11 10:00:10 656] tts        498  local audiolen:  512  ,ced:  171  
[2017/12/11 10:00:10 656] tts        527  0  udata(3802aa88) 1  
[2017/12/11 10:00:10 656] tts        657  TTS_MSG_GETAUDIO  0  
[2017/12/11 10:00:10 660] tts        485  get audio|use local  
[2017/12/11 10:00:10 660] tts        498  local audiolen:  512  ,ced:  171  
[2017/12/11 10:00:10 660] tts        527  0  udata(3802ab78) 1  
[2017/12/11 10:00:10 666] tts        657  TTS_MSG_GETAUDIO  0  
[2017/12/11 10:00:10 666] tts        485  get audio|use local  
[2017/12/11 10:00:10 666] tts        498  local audiolen:  512  ,ced:  171  
[2017/12/11 10:00:10 666] tts        527  0  udata(3802cc28) 1  
[2017/12/11 10:00:10 667] tts        657  TTS_MSG_GETAUDIO  0  
[2017/12/11 10:00:10 667] tts        485  get audio|use local  
[2017/12/11 10:00:10 667] tts        498  local audiolen:  160  ,ced:  171  
[2017/12/11 10:00:10 667] tts        527  0  udata(3802cd88) 1  
[2017/12/11 10:00:10 667] tts        657  TTS_MSG_GETAUDIO  0  
[2017/12/11 10:00:10 667] tts        485  get audio|use local  
[2017/12/11 10:00:10 667] tts        498  local audiolen:  212  ,ced:  204  
[2017/12/11 10:00:10 667] tts        527  0  udata(38022c78) 1  
[2017/12/11 10:00:10 668] tts        657  TTS_MSG_GETAUDIO  0  
[2017/12/11 10:00:10 668] tts        485  get audio|use local  
[2017/12/11 10:00:10 668] tts        498  local audiolen:  1542  ,ced:  204  
[2017/12/11 10:00:10 668] tts        527  0  udata(3802cdd8) 1  
[2017/12/11 10:00:10 668] tts        657  TTS_MSG_GETAUDIO  0  
[2017/12/11 10:00:10 668] tts        485  get audio|use local  
[2017/12/11 10:00:10 668] tts        498  local audiolen:  8852  ,ced:  204  
[2017/12/11 10:00:10 668] tts        527  0  udata(3802ce28) 1  
[2017/12/11 10:00:10 669] tts        657  TTS_MSG_GETAUDIO  0  
[2017/12/11 10:00:10 669] tts        485  get audio|use local  
[2017/12/11 10:00:10 669] tts        498  local audiolen:  4060  ,ced:  204  
[2017/12/11 10:00:10 669] tts        527  0  udata(3802ccc8) 1  
[2017/12/11 10:00:10 669] tts        657  TTS_MSG_GETAUDIO  0  
[2017/12/11 10:00:10 669] tts        485  get audio|use local  
[2017/12/11 10:00:10 669] tts        498  local audiolen:  10276  ,ced:  204  
[2017/12/11 10:00:10 669] tts        527  0  udata(3802cd18) 1  
[2017/12/11 10:00:10 669] tts        657  TTS_MSG_GETAUDIO  0  
[2017/12/11 10:00:10 669] tts        485  get audio|use local  
[2017/12/11 10:00:10 669] tts        498  local audiolen:  7202  ,ced:  204  
[2017/12/11 10:00:10 669] tts        527  0  udata(3802ec28) 1  
[2017/12/11 10:00:10 670] tts        657  TTS_MSG_GETAUDIO  0  
[2017/12/11 10:00:10 670] tts        485  get audio|use local  
[2017/12/11 10:00:10 670] tts        498  local audiolen:  12580  ,ced:  204  
[2017/12/11 10:00:10 670] tts        527  0  udata(3802ed78) 1  
[2017/12/11 10:00:10 671] tts        657  TTS_MSG_GETAUDIO  0  
[2017/12/11 10:00:10 671] tts        485  get audio|use local  
[2017/12/11 10:00:10 671] tts        498  local audiolen:  6238  ,ced:  204  
[2017/12/11 10:00:10 671] tts        527  0  udata(3802e858) 1  
[2017/12/11 10:00:10 671] tts        657  TTS_MSG_GETAUDIO  0  
[2017/12/11 10:00:10 671] tts        485  get audio|use local  
[2017/12/11 10:00:10 671] tts        498  local audiolen:  7486  ,ced:  204  
[2017/12/11 10:00:10 671] tts        527  0  udata(3802e8a8) 1  
[2017/12/11 10:00:10 672] tts        657  TTS_MSG_GETAUDIO  0  
[2017/12/11 10:00:10 672] tts        485  get audio|use local  
[2017/12/11 10:00:10 672] tts        498  local audiolen:  7252  ,ced:  204  
[2017/12/11 10:00:10 672] tts        527  0  udata(3802e9f8) 1  
[2017/12/11 10:00:10 673] tts        657  TTS_MSG_GETAUDIO  0  
[2017/12/11 10:00:10 673] tts        485  get audio|use local  
[2017/12/11 10:00:10 673] tts        498  local audiolen:  6560  ,ced:  204  
[2017/12/11 10:00:10 673] tts        527  0  udata(3802ea48) 1  
[2017/12/11 10:00:10 677] tts        657  TTS_MSG_GETAUDIO  0  
[2017/12/11 10:00:10 677] tts        485  get audio|use local  
[2017/12/11 10:00:10 677] tts        498  local audiolen:  512  ,ced:  204  
[2017/12/11 10:00:10 677] tts        527  0  udata(3802f178) 1  
[2017/12/11 10:00:10 678] tts        657  TTS_MSG_GETAUDIO  0  
[2017/12/11 10:00:10 678] tts        485  get audio|use local  
[2017/12/11 10:00:10 678] tts        498  local audiolen:  512  ,ced:  204  
[2017/12/11 10:00:10 678] tts        527  0  udata(3802d458) 1  
[2017/12/11 10:00:10 679] tts        657  TTS_MSG_GETAUDIO  0  
[2017/12/11 10:00:10 679] tts        485  get audio|use local  
[2017/12/11 10:00:10 679] tts        498  local audiolen:  512  ,ced:  204  
[2017/12/11 10:00:10 679] tts        527  0  udata(3802d6a8) 1  
[2017/12/11 10:00:10 681] tts        657  TTS_MSG_GETAUDIO  0  
[2017/12/11 10:00:10 681] tts        485  get audio|use local  
[2017/12/11 10:00:10 681] tts        498  local audiolen:  512  ,ced:  204  
[2017/12/11 10:00:10 681] tts        527  0  udata(3802dc18) 1  
[2017/12/11 10:00:10 681] tts        657  TTS_MSG_GETAUDIO  0  
[2017/12/11 10:00:10 682] tts        485  get audio|use local  
[2017/12/11 10:00:10 682] tts        498  local audiolen:  512  ,ced:  204  
[2017/12/11 10:00:10 682] tts        527  0  udata(3802de68) 1  
[2017/12/11 10:00:10 683] tts        657  TTS_MSG_GETAUDIO  0  
[2017/12/11 10:00:10 683] tts        485  get audio|use local  
[2017/12/11 10:00:10 683] tts        498  local audiolen:  512  ,ced:  204  
[2017/12/11 10:00:10 683] tts        527  0  udata(3802e3b8) 1  
[2017/12/11 10:00:10 683] tts        657  TTS_MSG_GETAUDIO  0  
[2017/12/11 10:00:10 683] tts        485  get audio|use local  
[2017/12/11 10:00:10 684] tts        498  local audiolen:  512  ,ced:  204  
[2017/12/11 10:00:10 684] tts        527  0  udata(3802e508) 1  
[2017/12/11 10:00:10 684] tts        657  TTS_MSG_GETAUDIO  0  
[2017/12/11 10:00:10 684] tts        485  get audio|use local  
[2017/12/11 10:00:10 684] tts        498  local audiolen:  512  ,ced:  204  
[2017/12/11 10:00:10 684] tts        527  0  udata(3802e758) 1  
[2017/12/11 10:00:10 685] tts        657  TTS_MSG_GETAUDIO  0  
[2017/12/11 10:00:10 685] tts        485  get audio|use local  
[2017/12/11 10:00:10 685] tts        498  local audiolen:  512  ,ced:  204  
[2017/12/11 10:00:10 685] tts        527  0  udata(38047fb8) 1  
[2017/12/11 10:00:10 686] tts        657  TTS_MSG_GETAUDIO  0  
[2017/12/11 10:00:10 686] tts        485  get audio|use local  
[2017/12/11 10:00:10 686] tts        498  local audiolen:  512  ,ced:  204  
[2017/12/11 10:00:10 686] tts        527  0  udata(38048408) 1  
[2017/12/11 10:00:10 686] tts        657  TTS_MSG_GETAUDIO  0  
[2017/12/11 10:00:10 686] tts        485  get audio|use local  
[2017/12/11 10:00:10 687] tts        498  local audiolen:  512  ,ced:  204  
[2017/12/11 10:00:10 687] tts        527  0  udata(38048558) 1  
[2017/12/11 10:00:10 688] tts        657  TTS_MSG_GETAUDIO  0  
[2017/12/11 10:00:10 688] tts        485  get audio|use local  
[2017/12/11 10:00:10 688] tts        498  local audiolen:  512  ,ced:  204  
[2017/12/11 10:00:10 688] tts        527  0  udata(380487a8) 1  
[2017/12/11 10:00:10 689] tts        657  TTS_MSG_GETAUDIO  0  
[2017/12/11 10:00:10 689] tts        485  get audio|use local  
[2017/12/11 10:00:10 689] tts        498  local audiolen:  512  ,ced:  204  
[2017/12/11 10:00:10 689] tts        527  0  udata(3802ef68) 1  
[2017/12/11 10:00:10 690] tts        657  TTS_MSG_GETAUDIO  0  
[2017/12/11 10:00:10 690] tts        485  get audio|use local  
[2017/12/11 10:00:10 690] tts        498  local audiolen:  512  ,ced:  204  
[2017/12/11 10:00:10 690] tts        527  0  udata(38048d88) 1  
[2017/12/11 10:00:10 692] tts        657  TTS_MSG_GETAUDIO  0  
[2017/12/11 10:00:10 692] tts        485  get audio|use local  
[2017/12/11 10:00:10 692] tts        498  local audiolen:  512  ,ced:  204  
[2017/12/11 10:00:10 692] tts        527  0  udata(380493e8) 1  
[2017/12/11 10:00:10 698] tts        657  TTS_MSG_GETAUDIO  0  
[2017/12/11 10:00:10 698] tts        485  get audio|use local  
[2017/12/11 10:00:10 699] tts        498  local audiolen:  512  ,ced:  204  
[2017/12/11 10:00:10 699] tts        527  0  udata(38049e38) 1  
[2017/12/11 10:00:10 699] tts        657  TTS_MSG_GETAUDIO  0  
[2017/12/11 10:00:10 699] tts        485  get audio|use local  
[2017/12/11 10:00:10 699] tts        498  local audiolen:  512  ,ced:  204  
[2017/12/11 10:00:10 699] tts        527  0  udata(38049f88) 1  
[2017/12/11 10:00:10 699] tts        657  TTS_MSG_GETAUDIO  0  
[2017/12/11 10:00:10 699] tts        485  get audio|use local  
[2017/12/11 10:00:10 699] tts        498  local audiolen:  512  ,ced:  204  
[2017/12/11 10:00:10 700] tts        527  0  udata(3804a038) 1  
[2017/12/11 10:00:10 700] tts        657  TTS_MSG_GETAUDIO  0  
[2017/12/11 10:00:10 700] tts        485  get audio|use local  
[2017/12/11 10:00:10 700] tts        498  local audiolen:  160  ,ced:  204  
[2017/12/11 10:00:10 700] tts        527  0  udata(38048a28) 1  
[2017/12/11 10:00:10 701] tts        657  TTS_MSG_GETAUDIO  0  
[2017/12/11 10:00:10 701] tts        485  get audio|use local  
[2017/12/11 10:00:10 701] tts        498  local audiolen:  212  ,ced:  255  
[2017/12/11 10:00:10 701] tts        527  0  udata(3804a218) 1  
[2017/12/11 10:00:10 703] tts        657  TTS_MSG_GETAUDIO  0  
[2017/12/11 10:00:10 703] tts        485  get audio|use local  
[2017/12/11 10:00:10 703] tts        498  local audiolen:  6052  ,ced:  255  
[2017/12/11 10:00:10 703] tts        527  0  udata(3804a128) 1  
[2017/12/11 10:00:10 704] tts        657  TTS_MSG_GETAUDIO  0  
[2017/12/11 10:00:10 705] tts        485  get audio|use local  
[2017/12/11 10:00:10 705] tts        498  local audiolen:  7526  ,ced:  255  
[2017/12/11 10:00:10 705] tts        527  0  udata(3804a178) 1  
[2017/12/11 10:00:10 706] tts        657  TTS_MSG_GETAUDIO  0  
[2017/12/11 10:00:10 706] tts        485  get audio|use local  
[2017/12/11 10:00:10 706] tts        498  local audiolen:  4842  ,ced:  255  
[2017/12/11 10:00:10 706] tts        527  0  udata(38029168) 1  
[2017/12/11 10:00:10 707] tts        657  TTS_MSG_GETAUDIO  0  
[2017/12/11 10:00:10 707] tts        485  get audio|use local  
[2017/12/11 10:00:10 707] tts        498  local audiolen:  14652  ,ced:  255  
[2017/12/11 10:00:10 707] tts        527  0  udata(380291b8) 1  
[2017/12/11 10:00:10 707] tts        657  TTS_MSG_GETAUDIO  0  
[2017/12/11 10:00:10 707] tts        485  get audio|use local  
[2017/12/11 10:00:10 707] tts        498  local audiolen:  2880  ,ced:  255  
[2017/12/11 10:00:10 707] tts        527  0  udata(38029d58) 1  
[2017/12/11 10:00:10 708] tts        657  TTS_MSG_GETAUDIO  0  
[2017/12/11 10:00:10 708] tts        485  get audio|use local  
[2017/12/11 10:00:10 708] tts        498  local audiolen:  7204  ,ced:  255  
[2017/12/11 10:00:10 708] tts        527  0  udata(38029208) 1  
[2017/12/11 10:00:10 708] tts        657  TTS_MSG_GETAUDIO  0  
[2017/12/11 10:00:10 708] tts        485  get audio|use local  
[2017/12/11 10:00:10 709] tts        498  local audiolen:  14834  ,ced:  255  
[2017/12/11 10:00:10 709] tts        527  0  udata(38029258) 1  
[2017/12/11 10:00:10 709] tts        657  TTS_MSG_GETAUDIO  0  
[2017/12/11 10:00:10 709] tts        485  get audio|use local  
[2017/12/11 10:00:10 709] tts        498  local audiolen:  3070  ,ced:  255  
[2017/12/11 10:00:10 709] tts        527  0  udata(380292a8) 1  
[2017/12/11 10:00:10 710] tts        657  TTS_MSG_GETAUDIO  0  
[2017/12/11 10:00:10 710] tts        485  get audio|use local  
[2017/12/11 10:00:10 710] tts        498  local audiolen:  6280  ,ced:  255  
[2017/12/11 10:00:10 710] tts        527  0  udata(38029408) 1  
[2017/12/11 10:00:10 711] tts        657  TTS_MSG_GETAUDIO  0  
[2017/12/11 10:00:10 711] tts        485  get audio|use local  
[2017/12/11 10:00:10 711] tts        498  local audiolen:  8024  ,ced:  255  
[2017/12/11 10:00:10 711] tts        527  0  udata(38029458) 1  
[2017/12/11 10:00:10 711] tts        657  TTS_MSG_GETAUDIO  0  
[2017/12/11 10:00:10 711] tts        485  get audio|use local  
[2017/12/11 10:00:10 711] tts        498  local audiolen:  8984  ,ced:  255  
[2017/12/11 10:00:10 711] tts        527  0  udata(380295b8) 1  
[2017/12/11 10:00:10 711] tts        657  TTS_MSG_GETAUDIO  0  
[2017/12/11 10:00:10 711] tts        485  get audio|use local  
[2017/12/11 10:00:10 711] tts        498  local audiolen:  5192  ,ced:  255  
[2017/12/11 10:00:10 711] tts        527  0  udata(38029608) 1  
[2017/12/11 10:00:10 712] tts        657  TTS_MSG_GETAUDIO  0  
[2017/12/11 10:00:10 712] tts        485  get audio|use local  
[2017/12/11 10:00:10 712] tts        498  local audiolen:  4646  ,ced:  255  
[2017/12/11 10:00:10 712] tts        527  0  udata(38029658) 1  
[2017/12/11 10:00:10 713] tts        657  TTS_MSG_GETAUDIO  0  
[2017/12/11 10:00:10 713] tts        485  get audio|use local  
[2017/12/11 10:00:10 713] tts        498  local audiolen:  7110  ,ced:  255  
[2017/12/11 10:00:10 713] tts        527  0  udata(380296a8) 1  
[2017/12/11 10:00:10 713] tts        657  TTS_MSG_GETAUDIO  0  
[2017/12/11 10:00:10 713] tts        485  get audio|use local  
[2017/12/11 10:00:10 713] tts        498  local audiolen:  9156  ,ced:  255  
[2017/12/11 10:00:10 713] tts        527  0  udata(38029808) 1  
[2017/12/11 10:00:10 714] tts        657  TTS_MSG_GETAUDIO  0  
[2017/12/11 10:00:10 714] tts        485  get audio|use local  
[2017/12/11 10:00:10 714] tts        498  local audiolen:  512  ,ced:  255  
[2017/12/11 10:00:10 714] tts        527  0  udata(38029bc8) 1  
[2017/12/11 10:00:10 714] tts        657  TTS_MSG_GETAUDIO  0  
[2017/12/11 10:00:10 714] tts        485  get audio|use local  
[2017/12/11 10:00:10 714] tts        498  local audiolen:  512  ,ced:  255  
[2017/12/11 10:00:10 714] tts        527  0  udata(38029c18) 1  
[2017/12/11 10:00:10 715] tts        657  TTS_MSG_GETAUDIO  0  
[2017/12/11 10:00:10 715] tts        485  get audio|use local  
[2017/12/11 10:00:10 715] tts        498  local audiolen:  512  ,ced:  255  
[2017/12/11 10:00:10 715] tts        527  0  udata(38029c68) 1  
[2017/12/11 10:00:10 715] tts        657  TTS_MSG_GETAUDIO  0  
[2017/12/11 10:00:10 715] tts        485  get audio|use local  
[2017/12/11 10:00:10 715] tts        498  local audiolen:  512  ,ced:  255  
[2017/12/11 10:00:10 715] tts        527  0  udata(38029cb8) 1  
[2017/12/11 10:00:10 715] tts        657  TTS_MSG_GETAUDIO  0  
[2017/12/11 10:00:10 715] tts        485  get audio|use local  
[2017/12/11 10:00:10 716] tts        498  local audiolen:  512  ,ced:  255  
[2017/12/11 10:00:10 716] tts        527  0  udata(38029d08) 1  
[2017/12/11 10:00:10 716] tts        657  TTS_MSG_GETAUDIO  0  
[2017/12/11 10:00:10 716] tts        485  get audio|use local  
[2017/12/11 10:00:10 716] tts        498  local audiolen:  512  ,ced:  255  
[2017/12/11 10:00:10 716] tts        527  0  udata(3804c2d8) 1  
[2017/12/11 10:00:10 717] tts        657  TTS_MSG_GETAUDIO  0  
[2017/12/11 10:00:10 717] tts        485  get audio|use local  
[2017/12/11 10:00:10 717] tts        498  local audiolen:  512  ,ced:  255  
[2017/12/11 10:00:10 717] tts        527  0  udata(3804c328) 1  
[2017/12/11 10:00:10 717] tts        657  TTS_MSG_GETAUDIO  0  
[2017/12/11 10:00:10 717] tts        485  get audio|use local  
[2017/12/11 10:00:10 717] tts        498  local audiolen:  512  ,ced:  255  
[2017/12/11 10:00:10 717] tts        527  0  udata(3804c418) 1  
[2017/12/11 10:00:10 717] tts        657  TTS_MSG_GETAUDIO  0  
[2017/12/11 10:00:10 717] tts        485  get audio|use local  
[2017/12/11 10:00:10 718] tts        498  local audiolen:  512  ,ced:  255  
[2017/12/11 10:00:10 718] tts        527  0  udata(3804c6e8) 1  
[2017/12/11 10:00:10 718] tts        657  TTS_MSG_GETAUDIO  0  
[2017/12/11 10:00:10 718] tts        485  get audio|use local  
[2017/12/11 10:00:10 718] tts        498  local audiolen:  512  ,ced:  255  
[2017/12/11 10:00:10 718] tts        527  0  udata(380299b8) 1  
[2017/12/11 10:00:10 718] tts        657  TTS_MSG_GETAUDIO  0  
[2017/12/11 10:00:10 718] tts        485  get audio|use local  
[2017/12/11 10:00:10 719] tts        498  local audiolen:  512  ,ced:  255  
[2017/12/11 10:00:10 719] tts        527  0  udata(38029a08) 1  
[2017/12/11 10:00:10 719] tts        657  TTS_MSG_GETAUDIO  0  
[2017/12/11 10:00:10 719] tts        485  get audio|use local  
[2017/12/11 10:00:10 719] tts        498  local audiolen:  512  ,ced:  255  
[2017/12/11 10:00:10 719] tts        527  0  udata(3804cd58) 1  
[2017/12/11 10:00:10 719] tts        657  TTS_MSG_GETAUDIO  0  
[2017/12/11 10:00:10 719] tts        485  get audio|use local  
[2017/12/11 10:00:10 719] tts        498  local audiolen:  512  ,ced:  255  
[2017/12/11 10:00:10 719] tts        527  0  udata(3804cda8) 1  
[2017/12/11 10:00:10 720] tts        657  TTS_MSG_GETAUDIO  0  
[2017/12/11 10:00:10 720] tts        485  get audio|use local  
[2017/12/11 10:00:10 720] tts        498  local audiolen:  512  ,ced:  255  
[2017/12/11 10:00:10 720] tts        527  0  udata(3804cdf8) 1  
[2017/12/11 10:00:10 720] tts        657  TTS_MSG_GETAUDIO  0  
[2017/12/11 10:00:10 720] tts        485  get audio|use local  
[2017/12/11 10:00:10 720] tts        498  local audiolen:  512  ,ced:  255  
[2017/12/11 10:00:10 721] tts        527  0  udata(38029a58) 1  
[2017/12/11 10:00:10 721] tts        657  TTS_MSG_GETAUDIO  0  
[2017/12/11 10:00:10 721] tts        485  get audio|use local  
[2017/12/11 10:00:10 721] tts        498  local audiolen:  512  ,ced:  255  
[2017/12/11 10:00:10 721] tts        527  0  udata(3804c738) 1  
[2017/12/11 10:00:10 721] tts        657  TTS_MSG_GETAUDIO  0  
[2017/12/11 10:00:10 722] tts        485  get audio|use local  
[2017/12/11 10:00:10 722] tts        498  local audiolen:  512  ,ced:  255  
[2017/12/11 10:00:10 722] tts        527  0  udata(3804c828) 1  
[2017/12/11 10:00:10 722] tts        657  TTS_MSG_GETAUDIO  0  
[2017/12/11 10:00:10 722] tts        485  get audio|use local  
[2017/12/11 10:00:10 722] tts        498  local audiolen:  512  ,ced:  255  
[2017/12/11 10:00:10 722] tts        527  0  udata(3804c8d8) 1  
[2017/12/11 10:00:10 722] tts        657  TTS_MSG_GETAUDIO  0  
[2017/12/11 10:00:10 722] tts        485  get audio|use local  
[2017/12/11 10:00:10 723] tts        498  local audiolen:  160  ,ced:  255  
[2017/12/11 10:00:10 723] tts        527  0  udata(3804d038) 1  
[2017/12/11 10:00:10 723] tts        657  TTS_MSG_GETAUDIO  0  
[2017/12/11 10:00:10 723] tts        485  get audio|use local  
[2017/12/11 10:00:10 723] tts        498  local audiolen:  212  ,ced:  321  
[2017/12/11 10:00:10 723] tts        527  0  udata(3804cf88) 1  
[2017/12/11 10:00:10 723] tts        657  TTS_MSG_GETAUDIO  0  
[2017/12/11 10:00:10 723] tts        485  get audio|use local  
[2017/12/11 10:00:10 723] tts        498  local audiolen:  1542  ,ced:  321  
[2017/12/11 10:00:10 723] tts        527  0  udata(3804cfd8) 1  
[2017/12/11 10:00:10 724] tts        657  TTS_MSG_GETAUDIO  0  
[2017/12/11 10:00:10 724] tts        485  get audio|use local  
[2017/12/11 10:00:10 724] tts        498  local audiolen:  6900  ,ced:  321  
[2017/12/11 10:00:10 724] tts        527  0  udata(3804c878) 1  
[2017/12/11 10:00:10 724] tts        657  TTS_MSG_GETAUDIO  0  
[2017/12/11 10:00:10 724] tts        485  get audio|use local  
[2017/12/11 10:00:10 724] tts        498  local audiolen:  8672  ,ced:  321  
[2017/12/11 10:00:10 724] tts        527  0  udata(3804d088) 1  
[2017/12/11 10:00:10 727] tts        657  TTS_MSG_GETAUDIO  0  
[2017/12/11 10:00:10 727] tts        485  get audio|use local  
[2017/12/11 10:00:10 727] tts        498  local audiolen:  8634  ,ced:  321  
[2017/12/11 10:00:10 727] tts        527  0  udata(3804caa8) 1  
[2017/12/11 10:00:10 728] tts        657  TTS_MSG_GETAUDIO  0  
[2017/12/11 10:00:10 728] tts        485  get audio|use local  
[2017/12/11 10:00:10 728] tts        498  local audiolen:  6296  ,ced:  321  
[2017/12/11 10:00:10 728] tts        527  0  udata(3804cbf8) 1  
[2017/12/11 10:00:10 728] tts        657  TTS_MSG_GETAUDIO  0  
[2017/12/11 10:00:10 728] tts        485  get audio|use local  
[2017/12/11 10:00:10 728] tts        498  local audiolen:  13116  ,ced:  321  
[2017/12/11 10:00:10 728] tts        527  0  udata(380505e8) 1  
[2017/12/11 10:00:10 729] tts        657  TTS_MSG_GETAUDIO  0  
[2017/12/11 10:00:10 729] tts        485  get audio|use local  
[2017/12/11 10:00:10 729] tts        498  local audiolen:  7822  ,ced:  321  
[2017/12/11 10:00:10 729] tts        527  0  udata(3804f138) 1  
[2017/12/11 10:00:10 729] tts        657  TTS_MSG_GETAUDIO  0  
[2017/12/11 10:00:10 729] tts        485  get audio|use local  
[2017/12/11 10:00:10 729] tts        498  local audiolen:  7278  ,ced:  321  
[2017/12/11 10:00:10 729] tts        527  0  udata(3804ef18) 1  
[2017/12/11 10:00:10 729] tts        657  TTS_MSG_GETAUDIO  0  
[2017/12/11 10:00:10 729] tts        485  get audio|use local  
[2017/12/11 10:00:10 729] tts        498  local audiolen:  10996  ,ced:  321  
[2017/12/11 10:00:10 729] tts        527  0  udata(3804ef68) 1  
[2017/12/11 10:00:10 729] tts        657  TTS_MSG_GETAUDIO  0  
[2017/12/11 10:00:10 729] tts        485  get audio|use local  
[2017/12/11 10:00:10 729] tts        498  local audiolen:  5662  ,ced:  321  
[2017/12/11 10:00:10 730] tts        527  0  udata(3804efb8) 1  
[2017/12/11 10:00:10 730] tts        657  TTS_MSG_GETAUDIO  0  
[2017/12/11 10:00:10 730] tts        485  get audio|use local  
[2017/12/11 10:00:10 730] tts        498  local audiolen:  4844  ,ced:  321  
[2017/12/11 10:00:10 730] tts        527  0  udata(3804f008) 1  
[2017/12/11 10:00:10 730] tts        657  TTS_MSG_GETAUDIO  0  
[2017/12/11 10:00:10 730] tts        485  get audio|use local  
[2017/12/11 10:00:10 730] tts        498  local audiolen:  4988  ,ced:  321  
[2017/12/11 10:00:10 730] tts        527  0  udata(38050518) 1  
[2017/12/11 10:00:10 730] tts        657  TTS_MSG_GETAUDIO  0  
[2017/12/11 10:00:10 730] tts        485  get audio|use local  
[2017/12/11 10:00:10 730] tts        498  local audiolen:  7156  ,ced:  321  
[2017/12/11 10:00:10 730] tts        527  0  udata(3804eea8) 1  
[2017/12/11 10:00:10 730] tts        657  TTS_MSG_GETAUDIO  0  
[2017/12/11 10:00:10 730] tts        485  get audio|use local  
[2017/12/11 10:00:10 730] tts        498  local audiolen:  7860  ,ced:  321  
[2017/12/11 10:00:10 730] tts        527  0  udata(38050568) 1  
[2017/12/11 10:00:10 731] tts        657  TTS_MSG_GETAUDIO  0  
[2017/12/11 10:00:10 731] tts        485  get audio|use local  
[2017/12/11 10:00:10 731] tts        498  local audiolen:  6746  ,ced:  321  
[2017/12/11 10:00:10 731] tts        527  0  udata(3804f058) 1  
[2017/12/11 10:00:10 738] tts        657  TTS_MSG_GETAUDIO  0  
[2017/12/11 10:00:10 738] tts        485  get audio|use local  
[2017/12/11 10:00:10 738] tts        498  local audiolen:  2406  ,ced:  321  
[2017/12/11 10:00:10 738] tts        527  0  udata(38050188) 1  
[2017/12/11 10:00:10 739] tts        657  TTS_MSG_GETAUDIO  0  
[2017/12/11 10:00:10 739] tts        485  get audio|use local  
[2017/12/11 10:00:10 739] tts        498  local audiolen:  3882  ,ced:  321  
[2017/12/11 10:00:10 739] tts        527  0  udata(380503d8) 1  
[2017/12/11 10:00:10 740] tts        657  TTS_MSG_GETAUDIO  0  
[2017/12/11 10:00:10 740] tts        485  get audio|use local  
[2017/12/11 10:00:10 740] tts        498  local audiolen:  10444  ,ced:  321  
[2017/12/11 10:00:10 740] tts        527  0  udata(3804e328) 1  
[2017/12/11 10:00:10 741] tts        657  TTS_MSG_GETAUDIO  0  
[2017/12/11 10:00:10 741] tts        485  get audio|use local  
[2017/12/11 10:00:10 741] tts        498  local audiolen:  3944  ,ced:  321  
[2017/12/11 10:00:10 741] tts        527  0  udata(3804e578) 1  
[2017/12/11 10:00:10 741] tts        657  TTS_MSG_GETAUDIO  0  
[2017/12/11 10:00:10 741] tts        485  get audio|use local  
[2017/12/11 10:00:10 742] tts        498  local audiolen:  7792  ,ced:  321  
[2017/12/11 10:00:10 742] tts        527  0  udata(3804e7c8) 1  
[2017/12/11 10:00:10 742] tts        301  0  0  
[2017/12/11 10:00:10 742] tts        312  TTS_LOCAL_CB_END,  2  
[2017/12/11 10:00:10 742] tts        657  TTS_MSG_GETAUDIO  0  
[2017/12/11 10:00:10 742] tts        485  get audio|use local  
[2017/12/11 10:00:10 742] tts        498  local audiolen:  9890  ,ced:  321  
[2017/12/11 10:00:10 742] tts        527  0  udata(3804e818) 1  
[2017/12/11 10:00:10 742] tts        657  TTS_MSG_GETAUDIO  0  
[2017/12/11 10:00:10 742] tts        485  get audio|use local  
[2017/12/11 10:00:10 742] tts        498  local audiolen:  512  ,ced:  321  
[2017/12/11 10:00:10 742] tts        527  0  udata(3804ec88) 1  
[2017/12/11 10:00:10 742] tts        657  TTS_MSG_GETAUDIO  0  
[2017/12/11 10:00:10 742] tts        485  get audio|use local  
[2017/12/11 10:00:10 743] tts        498  local audiolen:  512  ,ced:  321  
[2017/12/11 10:00:10 743] tts        527  0  udata(3804d298) 1  
[2017/12/11 10:00:10 743] tts        657  TTS_MSG_GETAUDIO  0  
[2017/12/11 10:00:10 743] tts        485  get audio|use local  
[2017/12/11 10:00:10 743] tts        498  local audiolen:  512  ,ced:  321  
[2017/12/11 10:00:10 743] tts        527  0  udata(3804d2e8) 1  
[2017/12/11 10:00:10 743] tts        657  TTS_MSG_GETAUDIO  0  
[2017/12/11 10:00:10 743] tts        485  get audio|use local  
[2017/12/11 10:00:10 743] tts        498  local audiolen:  512  ,ced:  321  
[2017/12/11 10:00:10 743] tts        527  0  udata(3804d338) 1  
[2017/12/11 10:00:10 743] tts        657  TTS_MSG_GETAUDIO  0  
[2017/12/11 10:00:10 743] tts        485  get audio|use local  
[2017/12/11 10:00:10 743] tts        498  local audiolen:  512  ,ced:  321  
[2017/12/11 10:00:10 743] tts        527  0  udata(3804d388) 1  
[2017/12/11 10:00:10 743] tts        657  TTS_MSG_GETAUDIO  0  
[2017/12/11 10:00:10 743] tts        485  get audio|use local  
[2017/12/11 10:00:10 743] tts        498  local audiolen:  512  ,ced:  321  
[2017/12/11 10:00:10 743] tts        527  0  udata(3804d3d8) 1  
[2017/12/11 10:00:10 744] tts        657  TTS_MSG_GETAUDIO  0  
[2017/12/11 10:00:10 744] tts        485  get audio|use local  
[2017/12/11 10:00:10 744] tts        498  local audiolen:  512  ,ced:  321  
[2017/12/11 10:00:10 744] tts        527  0  udata(3804d428) 1  
[2017/12/11 10:00:10 744] tts        657  TTS_MSG_GETAUDIO  0  
[2017/12/11 10:00:10 744] tts        485  get audio|use local  
[2017/12/11 10:00:10 744] tts        498  local audiolen:  512  ,ced:  321  
[2017/12/11 10:00:10 744] tts        527  0  udata(3804d478) 1  
[2017/12/11 10:00:10 744] tts        657  TTS_MSG_GETAUDIO  0  
[2017/12/11 10:00:10 744] tts        485  get audio|use local  
[2017/12/11 10:00:10 744] tts        498  local audiolen:  512  ,ced:  321  
[2017/12/11 10:00:10 744] tts        527  0  udata(3804d4c8) 1  
[2017/12/11 10:00:10 744] tts        657  TTS_MSG_GETAUDIO  0  
[2017/12/11 10:00:10 744] tts        485  get audio|use local  
[2017/12/11 10:00:10 744] tts        498  local audiolen:  512  ,ced:  321  
[2017/12/11 10:00:10 744] tts        527  0  udata(3804d518) 1  
[2017/12/11 10:00:10 744] tts        657  TTS_MSG_GETAUDIO  0  
[2017/12/11 10:00:10 745] tts        485  get audio|use local  
[2017/12/11 10:00:10 745] tts        498  local audiolen:  512  ,ced:  321  
[2017/12/11 10:00:10 745] tts        527  0  udata(3804d568) 1  
[2017/12/11 10:00:10 745] tts        657  TTS_MSG_GETAUDIO  0  
[2017/12/11 10:00:10 745] tts        485  get audio|use local  
[2017/12/11 10:00:10 745] tts        498  local audiolen:  512  ,ced:  321  
[2017/12/11 10:00:10 745] tts        527  0  udata(3804d5b8) 1  
[2017/12/11 10:00:10 745] tts        657  TTS_MSG_GETAUDIO  0  
[2017/12/11 10:00:10 745] tts        485  get audio|use local  
[2017/12/11 10:00:10 745] tts        498  local audiolen:  512  ,ced:  321  
[2017/12/11 10:00:10 745] tts        527  0  udata(3804d608) 1  
[2017/12/11 10:00:10 745] tts        657  TTS_MSG_GETAUDIO  0  
[2017/12/11 10:00:10 745] tts        485  get audio|use local  
[2017/12/11 10:00:10 745] tts        498  local audiolen:  512  ,ced:  321  
[2017/12/11 10:00:10 745] tts        527  0  udata(3804d658) 1  
[2017/12/11 10:00:10 745] tts        657  TTS_MSG_GETAUDIO  0  
[2017/12/11 10:00:10 745] tts        485  get audio|use local  
[2017/12/11 10:00:10 745] tts        498  local audiolen:  512  ,ced:  321  
[2017/12/11 10:00:10 745] tts        527  0  udata(3804d6a8) 1  
[2017/12/11 10:00:10 746] tts        657  TTS_MSG_GETAUDIO  0  
[2017/12/11 10:00:10 746] tts        485  get audio|use local  
[2017/12/11 10:00:10 746] tts        498  local audiolen:  512  ,ced:  321  
[2017/12/11 10:00:10 746] tts        527  0  udata(3804d6f8) 1  
[2017/12/11 10:00:10 746] tts        657  TTS_MSG_GETAUDIO  0  
[2017/12/11 10:00:10 746] tts        485  get audio|use local  
[2017/12/11 10:00:10 746] tts        498  local audiolen:  512  ,ced:  321  
[2017/12/11 10:00:10 746] tts        527  0  udata(3804d748) 1  
[2017/12/11 10:00:10 746] tts        657  TTS_MSG_GETAUDIO  0  
[2017/12/11 10:00:10 746] tts        485  get audio|use local  
[2017/12/11 10:00:10 746] tts        498  local audiolen:  512  ,ced:  321  
[2017/12/11 10:00:10 746] tts        527  0  udata(3804d798) 1  
[2017/12/11 10:00:10 746] tts        657  TTS_MSG_GETAUDIO  0  
[2017/12/11 10:00:10 746] tts        485  get audio|use local  
[2017/12/11 10:00:10 746] tts        498  local audiolen:  160  ,ced:  321  
[2017/12/11 10:00:10 746] tts        527  0  udata(3804eb28) 1  
[2017/12/11 10:00:10 747] tts        657  TTS_MSG_GETAUDIO  0  
[2017/12/11 10:00:10 747] tts        485  get audio|use local  
[2017/12/11 10:00:10 747] tts        498  local audiolen:  212  ,ced:  354  
[2017/12/11 10:00:10 747] tts        527  0  udata(3804ea78) 1  
[2017/12/11 10:00:10 747] tts        657  TTS_MSG_GETAUDIO  0  
[2017/12/11 10:00:10 747] tts        485  get audio|use local  
[2017/12/11 10:00:10 747] tts        498  local audiolen:  5572  ,ced:  354  
[2017/12/11 10:00:10 747] tts        527  0  udata(3804eac8) 1  
[2017/12/11 10:00:10 747] tts        657  TTS_MSG_GETAUDIO  0  
[2017/12/11 10:00:10 747] tts        485  get audio|use local  
[2017/12/11 10:00:10 747] tts        498  local audiolen:  3082  ,ced:  354  
[2017/12/11 10:00:10 747] tts        527  0  udata(3804ea18) 1  
[2017/12/11 10:00:10 748] tts        657  TTS_MSG_GETAUDIO  0  
[2017/12/11 10:00:10 748] tts        485  get audio|use local  
[2017/12/11 10:00:10 748] tts        498  local audiolen:  9850  ,ced:  354  
[2017/12/11 10:00:10 748] tts        527  0  udata(3804eb78) 1  
[2017/12/11 10:00:10 748] tts        657  TTS_MSG_GETAUDIO  0  
[2017/12/11 10:00:10 748] tts        485  get audio|use local  
[2017/12/11 10:00:10 748] tts        498  local audiolen:  2620  ,ced:  354  
[2017/12/11 10:00:10 748] tts        527  0  udata(3804ebc8) 1  
[2017/12/11 10:00:10 749] tts        657  TTS_MSG_GETAUDIO  0  
[2017/12/11 10:00:10 749] tts        485  get audio|use local  
[2017/12/11 10:00:10 749] tts        498  local audiolen:  9378  ,ced:  354  
[2017/12/11 10:00:10 749] tts        527  0  udata(3804ec18) 1  
[2017/12/11 10:00:10 749] tts        657  TTS_MSG_GETAUDIO  0  
[2017/12/11 10:00:10 749] tts        485  get audio|use local  
[2017/12/11 10:00:10 749] tts        498  local audiolen:  6968  ,ced:  354  
[2017/12/11 10:00:10 749] tts        527  0  udata(3804d7e8) 1  
[2017/12/11 10:00:10 749] tts        657  TTS_MSG_GETAUDIO  0  
[2017/12/11 10:00:10 749] tts        485  get audio|use local  
[2017/12/11 10:00:10 749] tts        498  local audiolen:  7218  ,ced:  354  
[2017/12/11 10:00:10 749] tts        527  0  udata(3804d838) 1  
[2017/12/11 10:00:10 750] tts        657  TTS_MSG_GETAUDIO  0  
[2017/12/11 10:00:10 750] tts        485  get audio|use local  
[2017/12/11 10:00:10 750] tts        498  local audiolen:  7212  ,ced:  354  
[2017/12/11 10:00:10 750] tts        527  0  udata(3804d888) 1  
[2017/12/11 10:00:10 750] tts        657  TTS_MSG_GETAUDIO  0  
[2017/12/11 10:00:10 750] tts        485  get audio|use local  
[2017/12/11 10:00:10 750] tts        498  local audiolen:  13614  ,ced:  354  
[2017/12/11 10:00:10 750] tts        527  0  udata(3804d8d8) 1  
[2017/12/11 10:00:10 750] tts        657  TTS_MSG_GETAUDIO  0  
[2017/12/11 10:00:10 750] tts        485  get audio|use local  
[2017/12/11 10:00:10 750] tts        498  local audiolen:  10230  ,ced:  354  
[2017/12/11 10:00:10 750] tts        527  0  udata(3804d928) 1  
[2017/12/11 10:00:10 750] tts        657  TTS_MSG_GETAUDIO  0  
[2017/12/11 10:00:10 750] tts        485  get audio|use local  
[2017/12/11 10:00:10 750] tts        498  local audiolen:  512  ,ced:  354  
[2017/12/11 10:00:10 750] tts        527  0  udata(3804dbe8) 1  
[2017/12/11 10:00:10 751] tts        657  TTS_MSG_GETAUDIO  0  
[2017/12/11 10:00:10 751] tts        485  get audio|use local  
[2017/12/11 10:00:10 751] tts        498  local audiolen:  512  ,ced:  354  
[2017/12/11 10:00:10 751] tts        527  0  udata(3804dc38) 1  
[2017/12/11 10:00:10 751] tts        657  TTS_MSG_GETAUDIO  0  
[2017/12/11 10:00:10 751] tts        485  get audio|use local  
[2017/12/11 10:00:10 751] tts        498  local audiolen:  512  ,ced:  354  
[2017/12/11 10:00:10 751] tts        527  0  udata(3804dc88) 1  
[2017/12/11 10:00:10 751] tts        657  TTS_MSG_GETAUDIO  0  
[2017/12/11 10:00:10 751] tts        485  get audio|use local  
[2017/12/11 10:00:10 751] tts        498  local audiolen:  512  ,ced:  354  
[2017/12/11 10:00:10 751] tts        527  0  udata(3804dcd8) 1  
[2017/12/11 10:00:10 751] tts        657  TTS_MSG_GETAUDIO  0  
[2017/12/11 10:00:10 751] tts        485  get audio|use local  
[2017/12/11 10:00:10 751] tts        498  local audiolen:  512  ,ced:  354  
[2017/12/11 10:00:10 751] tts        527  0  udata(3804dd28) 1  
[2017/12/11 10:00:10 751] tts        657  TTS_MSG_GETAUDIO  0  
[2017/12/11 10:00:10 751] tts        485  get audio|use local  
[2017/12/11 10:00:10 752] tts        498  local audiolen:  512  ,ced:  354  
[2017/12/11 10:00:10 752] tts        527  0  udata(3804dd78) 1  
[2017/12/11 10:00:10 752] tts        657  TTS_MSG_GETAUDIO  0  
[2017/12/11 10:00:10 752] tts        485  get audio|use local  
[2017/12/11 10:00:10 752] tts        498  local audiolen:  512  ,ced:  354  
[2017/12/11 10:00:10 752] tts        527  0  udata(3804ddc8) 1  
[2017/12/11 10:00:10 752] tts        657  TTS_MSG_GETAUDIO  0  
[2017/12/11 10:00:10 752] tts        485  get audio|use local  
[2017/12/11 10:00:10 752] tts        498  local audiolen:  512  ,ced:  354  
[2017/12/11 10:00:10 752] tts        527  0  udata(3804de18) 1  
[2017/12/11 10:00:10 752] tts        657  TTS_MSG_GETAUDIO  0  
[2017/12/11 10:00:10 752] tts        485  get audio|use local  
[2017/12/11 10:00:10 752] tts        498  local audiolen:  512  ,ced:  354  
[2017/12/11 10:00:10 752] tts        527  0  udata(3804de68) 1  
[2017/12/11 10:00:10 752] tts        657  TTS_MSG_GETAUDIO  0  
[2017/12/11 10:00:10 752] tts        485  get audio|use local  
[2017/12/11 10:00:10 752] tts        498  local audiolen:  512  ,ced:  354  
[2017/12/11 10:00:10 752] tts        527  0  udata(3804deb8) 1  
[2017/12/11 10:00:10 753] tts        657  TTS_MSG_GETAUDIO  0  
[2017/12/11 10:00:10 753] tts        485  get audio|use local  
[2017/12/11 10:00:10 753] tts        498  local audiolen:  512  ,ced:  354  
[2017/12/11 10:00:10 753] tts        527  0  udata(3804df08) 1  
[2017/12/11 10:00:10 753] tts        657  TTS_MSG_GETAUDIO  0  
[2017/12/11 10:00:10 753] tts        485  get audio|use local  
[2017/12/11 10:00:10 753] tts        498  local audiolen:  512  ,ced:  354  
[2017/12/11 10:00:10 753] tts        527  0  udata(3804df58) 1  
[2017/12/11 10:00:10 753] tts        657  TTS_MSG_GETAUDIO  0  
[2017/12/11 10:00:10 753] tts        485  get audio|use local  
[2017/12/11 10:00:10 753] tts        498  local audiolen:  512  ,ced:  354  
[2017/12/11 10:00:10 753] tts        527  0  udata(3804dfa8) 1  
[2017/12/11 10:00:10 753] tts        657  TTS_MSG_GETAUDIO  0  
[2017/12/11 10:00:10 753] tts        485  get audio|use local  
[2017/12/11 10:00:10 753] tts        498  local audiolen:  512  ,ced:  354  
[2017/12/11 10:00:10 753] tts        527  0  udata(3804dff8) 1  
[2017/12/11 10:00:10 753] tts        657  TTS_MSG_GETAUDIO  0  
[2017/12/11 10:00:10 754] tts        485  get audio|use local  
[2017/12/11 10:00:10 754] tts        498  local audiolen:  512  ,ced:  354  
[2017/12/11 10:00:10 754] tts        527  0  udata(3804e048) 1  
[2017/12/11 10:00:10 754] tts        657  TTS_MSG_GETAUDIO  0  
[2017/12/11 10:00:10 754] tts        485  get audio|use local  
[2017/12/11 10:00:10 754] tts        498  local audiolen:  512  ,ced:  354  
[2017/12/11 10:00:10 754] tts        527  0  udata(3804e098) 1  
[2017/12/11 10:00:10 754] tts        657  TTS_MSG_GETAUDIO  0  
[2017/12/11 10:00:10 754] tts        485  get audio|use local  
[2017/12/11 10:00:10 754] tts        498  local audiolen:  512  ,ced:  354  
[2017/12/11 10:00:10 754] tts        527  0  udata(3804e0e8) 1  
[2017/12/11 10:00:10 754] tts        657  TTS_MSG_GETAUDIO  0  
[2017/12/11 10:00:10 754] tts        485  get audio|use local  
[2017/12/11 10:00:10 754] tts        498  local audiolen:  512  ,ced:  354  
[2017/12/11 10:00:10 754] tts        527  0  udata(3804e138) 1  
[2017/12/11 10:00:10 754] tts        657  TTS_MSG_GETAUDIO  0  
[2017/12/11 10:00:10 754] tts        485  get audio|use local  
[2017/12/11 10:00:10 754] tts        498  local audiolen:  160  ,ced:  354  
[2017/12/11 10:00:10 754] tts        527  0  udata(3804e188) 1  
[2017/12/11 10:00:10 755] tts        657  TTS_MSG_GETAUDIO  0  
[2017/12/11 10:00:10 755] tts        485  get audio|use local  
[2017/12/11 10:00:10 755] tts        498  local audiolen:  212  ,ced:  432  
[2017/12/11 10:00:10 755] tts        527  0  udata(3804dac8) 1  
[2017/12/11 10:00:10 755] tts        657  TTS_MSG_GETAUDIO  0  
[2017/12/11 10:00:10 755] tts        485  get audio|use local  
[2017/12/11 10:00:10 755] tts        498  local audiolen:  5092  ,ced:  432  
[2017/12/11 10:00:10 755] tts        527  0  udata(3804db18) 1  
[2017/12/11 10:00:10 755] tts        657  TTS_MSG_GETAUDIO  0  
[2017/12/11 10:00:10 755] tts        485  get audio|use local  
[2017/12/11 10:00:10 755] tts        498  local audiolen:  6414  ,ced:  432  
[2017/12/11 10:00:10 755] tts        527  0  udata(3804db68) 1  
[2017/12/11 10:00:10 755] tts        657  TTS_MSG_GETAUDIO  0  
[2017/12/11 10:00:10 755] tts        485  get audio|use local  
[2017/12/11 10:00:10 755] tts        498  local audiolen:  8138  ,ced:  432  
[2017/12/11 10:00:10 755] tts        527  0  udata(3804d978) 1  
[2017/12/11 10:00:10 756] tts        657  TTS_MSG_GETAUDIO  0  
[2017/12/11 10:00:10 756] tts        485  get audio|use local  
[2017/12/11 10:00:10 756] tts        498  local audiolen:  8586  ,ced:  432  
[2017/12/11 10:00:10 756] tts        527  0  udata(3804d9c8) 1  
[2017/12/11 10:00:10 756] tts        657  TTS_MSG_GETAUDIO  0  
[2017/12/11 10:00:10 756] tts        485  get audio|use local  
[2017/12/11 10:00:10 756] tts        498  local audiolen:  5968  ,ced:  432  
[2017/12/11 10:00:10 756] tts        527  0  udata(3804da18) 1  
[2017/12/11 10:00:10 756] tts        657  TTS_MSG_GETAUDIO  0  
[2017/12/11 10:00:10 756] tts        485  get audio|use local  
[2017/12/11 10:00:10 756] tts        498  local audiolen:  2992  ,ced:  432  
[2017/12/11 10:00:10 756] tts        527  0  udata(3804da68) 1  
[2017/12/11 10:00:10 756] tts        657  TTS_MSG_GETAUDIO  0  
[2017/12/11 10:00:10 756] tts        485  get audio|use local  
[2017/12/11 10:00:10 756] tts        498  local audiolen:  15262  ,ced:  432  
[2017/12/11 10:00:10 756] tts        527  0  udata(380541e8) 1  
[2017/12/11 10:00:10 757] tts        657  TTS_MSG_GETAUDIO  0  
[2017/12/11 10:00:10 757] tts        485  get audio|use local  
[2017/12/11 10:00:10 757] tts        498  local audiolen:  4798  ,ced:  432  
[2017/12/11 10:00:10 757] tts        527  0  udata(38055508) 1  
[2017/12/11 10:00:10 757] tts        657  TTS_MSG_GETAUDIO  0  
[2017/12/11 10:00:10 757] tts        485  get audio|use local  
[2017/12/11 10:00:10 757] tts        498  local audiolen:  7394  ,ced:  432  
[2017/12/11 10:00:10 757] tts        527  0  udata(38057258) 1  
[2017/12/11 10:00:10 757] tts        657  TTS_MSG_GETAUDIO  0  
[2017/12/11 10:00:10 757] tts        485  get audio|use local  
[2017/12/11 10:00:10 757] tts        498  local audiolen:  4792  ,ced:  432  
[2017/12/11 10:00:10 757] tts        527  0  udata(380572a8) 1  
[2017/12/11 10:00:10 757] tts        657  TTS_MSG_GETAUDIO  0  
[2017/12/11 10:00:10 757] tts        485  get audio|use local  
[2017/12/11 10:00:10 757] tts        498  local audiolen:  10748  ,ced:  432  
[2017/12/11 10:00:10 758] tts        527  0  udata(380572f8) 1  
[2017/12/11 10:00:10 758] tts        657  TTS_MSG_GETAUDIO  0  
[2017/12/11 10:00:10 758] tts        485  get audio|use local  
[2017/12/11 10:00:10 758] tts        498  local audiolen:  6968  ,ced:  432  
[2017/12/11 10:00:10 758] tts        527  0  udata(38057348) 1  
[2017/12/11 10:00:10 758] tts        657  TTS_MSG_GETAUDIO  0  
[2017/12/11 10:00:10 758] tts        485  get audio|use local  
[2017/12/11 10:00:10 758] tts        498  local audiolen:  6374  ,ced:  432  
[2017/12/11 10:00:10 758] tts        527  0  udata(38057398) 1  
[2017/12/11 10:00:10 758] tts        657  TTS_MSG_GETAUDIO  0  
[2017/12/11 10:00:10 758] tts        485  get audio|use local  
[2017/12/11 10:00:10 758] tts        498  local audiolen:  14612  ,ced:  432  
[2017/12/11 10:00:10 758] tts        527  0  udata(380573e8) 1  
[2017/12/11 10:00:10 758] tts        657  TTS_MSG_GETAUDIO  0  
[2017/12/11 10:00:10 758] tts        485  get audio|use local  
[2017/12/11 10:00:10 758] tts        498  local audiolen:  5278  ,ced:  432  
[2017/12/11 10:00:10 758] tts        527  0  udata(38056a08) 1  
[2017/12/11 10:00:10 759] tts        657  TTS_MSG_GETAUDIO  0  
[2017/12/11 10:00:10 759] tts        485  get audio|use local  
[2017/12/11 10:00:10 759] tts        498  local audiolen:  5854  ,ced:  432  
[2017/12/11 10:00:10 759] tts        527  0  udata(38056a58) 1  
[2017/12/11 10:00:10 759] tts        657  TTS_MSG_GETAUDIO  0  
[2017/12/11 10:00:10 759] tts        485  get audio|use local  
[2017/12/11 10:00:10 759] tts        498  local audiolen:  6592  ,ced:  432  
[2017/12/11 10:00:10 759] tts        527  0  udata(38056aa8) 1  
[2017/12/11 10:00:10 759] tts        657  TTS_MSG_GETAUDIO  0  
[2017/12/11 10:00:10 759] tts        485  get audio|use local  
[2017/12/11 10:00:10 759] tts        498  local audiolen:  7354  ,ced:  432  
[2017/12/11 10:00:10 759] tts        527  0  udata(38056af8) 1  
[2017/12/11 10:00:10 759] tts        657  TTS_MSG_GETAUDIO  0  
[2017/12/11 10:00:10 759] tts        485  get audio|use local  
[2017/12/11 10:00:10 759] tts        498  local audiolen:  6274  ,ced:  432  
[2017/12/11 10:00:10 759] tts        527  0  udata(38056b48) 1  
[2017/12/11 10:00:10 760] tts        657  TTS_MSG_GETAUDIO  0  
[2017/12/11 10:00:10 760] tts        485  get audio|use local  
[2017/12/11 10:00:10 760] tts        498  local audiolen:  6204  ,ced:  432  
[2017/12/11 10:00:10 760] tts        527  0  udata(38056b98) 1  
[2017/12/11 10:00:10 760] tts        657  TTS_MSG_GETAUDIO  0  
[2017/12/11 10:00:10 760] tts        485  get audio|use local  
[2017/12/11 10:00:10 760] tts        498  local audiolen:  11030  ,ced:  432  
[2017/12/11 10:00:10 760] tts        527  0  udata(38056be8) 1  
[2017/12/11 10:00:10 760] tts        657  TTS_MSG_GETAUDIO  0  
[2017/12/11 10:00:10 760] tts        485  get audio|use local  
[2017/12/11 10:00:10 760] tts        498  local audiolen:  3994  ,ced:  432  
[2017/12/11 10:00:10 760] tts        527  0  udata(380551e8) 1  
[2017/12/11 10:00:10 760] tts        657  TTS_MSG_GETAUDIO  0  
[2017/12/11 10:00:10 760] tts        485  get audio|use local  
[2017/12/11 10:00:10 760] tts        498  local audiolen:  4350  ,ced:  432  
[2017/12/11 10:00:10 760] tts        527  0  udata(38055238) 1  
[2017/12/11 10:00:10 761] tts        657  TTS_MSG_GETAUDIO  0  
[2017/12/11 10:00:10 761] tts        485  get audio|use local  
[2017/12/11 10:00:10 761] tts        498  local audiolen:  8316  ,ced:  432  
[2017/12/11 10:00:10 761] tts        527  0  udata(38055288) 1  
[2017/12/11 10:00:10 761] tts        657  TTS_MSG_GETAUDIO  0  
[2017/12/11 10:00:10 761] tts        485  get audio|use local  
[2017/12/11 10:00:10 761] tts        498  local audiolen:  5818  ,ced:  432  
[2017/12/11 10:00:10 761] tts        527  0  udata(380552d8) 1  
[2017/12/11 10:00:10 761] tts        657  TTS_MSG_GETAUDIO  0  
[2017/12/11 10:00:10 761] tts        485  get audio|use local  
[2017/12/11 10:00:10 761] tts        498  local audiolen:  9706  ,ced:  432  
[2017/12/11 10:00:10 761] tts        527  0  udata(38055328) 1  
[2017/12/11 10:00:10 761] tts        657  TTS_MSG_GETAUDIO  0  
[2017/12/11 10:00:10 761] tts        485  get audio|use local  
[2017/12/11 10:00:10 761] tts        498  local audiolen:  512  ,ced:  432  
[2017/12/11 10:00:10 761] tts        527  0  udata(38056e48) 1  
[2017/12/11 10:00:10 762] tts        657  TTS_MSG_GETAUDIO  0  
[2017/12/11 10:00:10 762] tts        485  get audio|use local  
[2017/12/11 10:00:10 762] tts        498  local audiolen:  512  ,ced:  432  
[2017/12/11 10:00:10 762] tts        527  0  udata(380553d8) 1  
[2017/12/11 10:00:10 762] tts        657  TTS_MSG_GETAUDIO  0  
[2017/12/11 10:00:10 762] tts        485  get audio|use local  
[2017/12/11 10:00:10 762] tts        498  local audiolen:  512  ,ced:  432  
[2017/12/11 10:00:10 762] tts        527  0  udata(38055428) 1  
[2017/12/11 10:00:10 762] tts        657  TTS_MSG_GETAUDIO  0  
[2017/12/11 10:00:10 762] tts        485  get audio|use local  
[2017/12/11 10:00:10 762] tts        498  local audiolen:  512  ,ced:  432  
[2017/12/11 10:00:10 762] tts        527  0  udata(38055478) 1  
[2017/12/11 10:00:10 762] tts        657  TTS_MSG_GETAUDIO  0  
[2017/12/11 10:00:10 762] tts        485  get audio|use local  
[2017/12/11 10:00:10 762] tts        498  local audiolen:  512  ,ced:  432  
[2017/12/11 10:00:10 762] tts        527  0  udata(38056e98) 1  
[2017/12/11 10:00:10 762] tts        657  TTS_MSG_GETAUDIO  0  
[2017/12/11 10:00:10 762] tts        485  get audio|use local  
[2017/12/11 10:00:10 762] tts        498  local audiolen:  512  ,ced:  432  
[2017/12/11 10:00:10 762] tts        527  0  udata(38056ee8) 1  
[2017/12/11 10:00:10 763] tts        657  TTS_MSG_GETAUDIO  0  
[2017/12/11 10:00:10 763] tts        485  get audio|use local  
[2017/12/11 10:00:10 763] tts        498  local audiolen:  512  ,ced:  432  
[2017/12/11 10:00:10 763] tts        527  0  udata(38056f38) 1  
[2017/12/11 10:00:10 763] tts        657  TTS_MSG_GETAUDIO  0  
[2017/12/11 10:00:10 763] tts        485  get audio|use local  
[2017/12/11 10:00:10 763] tts        498  local audiolen:  512  ,ced:  432  
[2017/12/11 10:00:10 763] tts        527  0  udata(38056f88) 1  
[2017/12/11 10:00:10 763] tts        657  TTS_MSG_GETAUDIO  0  
[2017/12/11 10:00:10 763] tts        485  get audio|use local  
[2017/12/11 10:00:10 763] tts        498  local audiolen:  512  ,ced:  432  
[2017/12/11 10:00:10 763] tts        527  0  udata(38056fd8) 1  
[2017/12/11 10:00:10 763] tts        657  TTS_MSG_GETAUDIO  0  
[2017/12/11 10:00:10 763] tts        485  get audio|use local  
[2017/12/11 10:00:10 763] tts        498  local audiolen:  512  ,ced:  432  
[2017/12/11 10:00:10 763] tts        527  0  udata(38057028) 1  
[2017/12/11 10:00:10 763] tts        657  TTS_MSG_GETAUDIO  0  
[2017/12/11 10:00:10 764] tts        485  get audio|use local  
[2017/12/11 10:00:10 764] tts        498  local audiolen:  512  ,ced:  432  
[2017/12/11 10:00:10 764] tts        527  0  udata(38057078) 1  
[2017/12/11 10:00:10 764] tts        657  TTS_MSG_GETAUDIO  0  
[2017/12/11 10:00:10 764] tts        485  get audio|use local  
[2017/12/11 10:00:10 764] tts        498  local audiolen:  512  ,ced:  432  
[2017/12/11 10:00:10 764] tts        527  0  udata(380570c8) 1  
[2017/12/11 10:00:10 764] tts        657  TTS_MSG_GETAUDIO  0  
[2017/12/11 10:00:10 764] tts        485  get audio|use local  
[2017/12/11 10:00:10 764] tts        498  local audiolen:  512  ,ced:  432  
[2017/12/11 10:00:10 764] tts        527  0  udata(38057118) 1  
[2017/12/11 10:00:10 764] tts        657  TTS_MSG_GETAUDIO  0  
[2017/12/11 10:00:10 764] tts        485  get audio|use local  
[2017/12/11 10:00:10 764] tts        498  local audiolen:  512  ,ced:  432  
[2017/12/11 10:00:10 764] tts        527  0  udata(38057168) 1  
[2017/12/11 10:00:10 764] tts        657  TTS_MSG_GETAUDIO  0  
[2017/12/11 10:00:10 764] tts        485  get audio|use local  
[2017/12/11 10:00:10 764] tts        498  local audiolen:  512  ,ced:  432  
[2017/12/11 10:00:10 765] tts        527  0  udata(380571b8) 1  
[2017/12/11 10:00:10 765] tts        657  TTS_MSG_GETAUDIO  0  
[2017/12/11 10:00:10 765] tts        485  get audio|use local  
[2017/12/11 10:00:10 765] tts        498  local audiolen:  512  ,ced:  432  
[2017/12/11 10:00:10 765] tts        527  0  udata(38057208) 1  
[2017/12/11 10:00:10 765] tts        657  TTS_MSG_GETAUDIO  0  
[2017/12/11 10:00:10 765] tts        485  get audio|use local  
[2017/12/11 10:00:10 765] tts        498  local audiolen:  512  ,ced:  432  
[2017/12/11 10:00:10 765] tts        527  0  udata(38054238) 1  
[2017/12/11 10:00:10 765] tts        657  TTS_MSG_GETAUDIO  0  
[2017/12/11 10:00:10 765] tts        485  get audio|use local  
[2017/12/11 10:00:10 765] tts        498  local audiolen:  512  ,ced:  432  
[2017/12/11 10:00:10 765] tts        527  0  udata(38054288) 1  
[2017/12/11 10:00:10 765] tts        657  TTS_MSG_GETAUDIO  0  
[2017/12/11 10:00:10 766] tts        485  get audio|use local  
[2017/12/11 10:00:10 766] tts        498  local audiolen:  512  ,ced:  432  
[2017/12/11 10:00:10 766] tts        527  0  udata(380542d8) 1  
[2017/12/11 10:00:10 766] tts        657  TTS_MSG_GETAUDIO  0  
[2017/12/11 10:00:10 766] tts        485  get audio|use local  
[2017/12/11 10:00:10 766] tts        498  local audiolen:  512  ,ced:  432  
[2017/12/11 10:00:10 766] tts        527  0  udata(38054328) 1  
[2017/12/11 10:00:10 766] tts        657  TTS_MSG_GETAUDIO  0  
[2017/12/11 10:00:10 766] tts        485  get audio|use local  
[2017/12/11 10:00:10 766] tts        498  local audiolen:  512  ,ced:  432  
[2017/12/11 10:00:10 766] tts        527  0  udata(38054378) 1  
[2017/12/11 10:00:10 766] tts        657  TTS_MSG_GETAUDIO  0  
[2017/12/11 10:00:10 766] tts        485  get audio|use local  
[2017/12/11 10:00:10 766] tts        498  local audiolen:  512  ,ced:  432  
[2017/12/11 10:00:10 766] tts        527  0  udata(380543c8) 1  
[2017/12/11 10:00:10 766] tts        657  TTS_MSG_GETAUDIO  0  
[2017/12/11 10:00:10 766] tts        485  get audio|use local  
[2017/12/11 10:00:10 766] tts        498  local audiolen:  512  ,ced:  432  
[2017/12/11 10:00:10 766] tts        527  0  udata(38054418) 1  
[2017/12/11 10:00:10 767] tts        657  TTS_MSG_GETAUDIO  0  
[2017/12/11 10:00:10 767] tts        485  get audio|use local  
[2017/12/11 10:00:10 767] tts        498  local audiolen:  512  ,ced:  432  
[2017/12/11 10:00:10 767] tts        527  0  udata(38054468) 1  
[2017/12/11 10:00:10 767] tts        657  TTS_MSG_GETAUDIO  0  
[2017/12/11 10:00:10 767] tts        485  get audio|use local  
[2017/12/11 10:00:10 767] tts        498  local audiolen:  214  ,ced:  432  
[2017/12/11 10:00:10 767] tts        527  0  udata(38056d28) 2  
[2017/12/11 10:00:10 767] tts        660  TTS_MSG_SSE  
[2017/12/11 10:00:10 768] tts        585  sse|use local  
[2017/12/11 10:00:10 768] tts        603  tts exit  
