============================================================
Time  2017/12/10 16:45:44 494 
============================================================
[2017/12/10 16:45:44 494] lgi        641  SYS_MSG_LOAD  
[2017/12/10 16:45:44 495] lgi        663  SYS_MSG_REGCB  msp_status_cb  func(64013510) 
[2017/12/10 16:45:44 495] lgi        292  LGI_MSG_INIT  
[2017/12/10 16:45:44 495] lgi        299  lgi  lgi_  268436457  1504340430  
[2017/12/10 16:45:44 495] lgi        332  lgi params:  appid = 59e9f43a, work_dir = .  
[2017/12/10 16:45:44 495] lgi        346  auth_time_str=  2017/12/10 16:45:44  
[2017/12/10 16:45:44 495] lgi        352  auth_appid=  59e9f43a  
[2017/12/10 16:45:44 495] lgi        363  token:  nil  
[2017/12/10 16:45:44 495] lgi        433  msc cver : 5.0.34.1166  
[2017/12/10 16:45:44 496] lgi        476  ns_enable=  1  
[2017/12/10 16:45:44 496] lgi        488  prot_ver=1  
[2017/12/10 16:45:44 496] lgi        499  prot_type=tcp  
[2017/12/10 16:45:44 496] lgi        650  SYS_MSG_UNLOAD  go bg!  
============================================================
Time  2017/12/10 16:54:00 799 
============================================================
[2017/12/10 16:54:00 799] lgi        641  SYS_MSG_LOAD  
[2017/12/10 16:54:00 799] lgi        663  SYS_MSG_REGCB  msp_status_cb  func(c0013510) 
[2017/12/10 16:54:00 799] lgi        292  LGI_MSG_INIT  
[2017/12/10 16:54:00 800] lgi        299  lgi  lgi_  268436457  1504340430  
[2017/12/10 16:54:00 800] lgi        332  lgi params:  appid = 59e9f43a, work_dir = .  
[2017/12/10 16:54:00 800] lgi        346  auth_time_str=  2017/12/10 16:54:00  
[2017/12/10 16:54:00 800] lgi        352  auth_appid=  59e9f43a  
[2017/12/10 16:54:00 800] lgi        363  token:  nil  
[2017/12/10 16:54:00 800] lgi        433  msc cver : 5.0.34.1166  
[2017/12/10 16:54:00 800] lgi        476  ns_enable=  1  
[2017/12/10 16:54:00 800] lgi        488  prot_ver=1  
[2017/12/10 16:54:00 800] lgi        499  prot_type=tcp  
[2017/12/10 16:54:00 800] lgi        650  SYS_MSG_UNLOAD  go bg!  
============================================================
Time  2017/12/10 16:54:49 002 
============================================================
[2017/12/10 16:54:49 002] lgi        641  SYS_MSG_LOAD  
[2017/12/10 16:54:49 003] lgi        663  SYS_MSG_REGCB  msp_status_cb  func(84015f00) 
[2017/12/10 16:54:49 003] lgi        292  LGI_MSG_INIT  
[2017/12/10 16:54:49 003] lgi        299  lgi  lgi_  268436457  1504340430  
[2017/12/10 16:54:49 003] lgi        332  lgi params:  appid = 59e9f43a, work_dir = .  
[2017/12/10 16:54:49 003] lgi        346  auth_time_str=  2017/12/10 16:54:49  
[2017/12/10 16:54:49 003] lgi        352  auth_appid=  59e9f43a  
[2017/12/10 16:54:49 003] lgi        363  token:  nil  
[2017/12/10 16:54:49 003] lgi        433  msc cver : 5.0.34.1166  
[2017/12/10 16:54:49 004] lgi        476  ns_enable=  1  
[2017/12/10 16:54:49 004] lgi        488  prot_ver=1  
[2017/12/10 16:54:49 004] lgi        499  prot_type=tcp  
[2017/12/10 16:54:49 004] lgi        650  SYS_MSG_UNLOAD  go bg!  
============================================================
Time  2017/12/10 16:55:34 361 
============================================================
[2017/12/10 16:55:34 361] lgi        641  SYS_MSG_LOAD  
[2017/12/10 16:55:34 362] lgi        663  SYS_MSG_REGCB  msp_status_cb  func(6c015f00) 
[2017/12/10 16:55:34 362] lgi        292  LGI_MSG_INIT  
[2017/12/10 16:55:34 363] lgi        299  lgi  lgi_  268436457  1504340430  
[2017/12/10 16:55:34 363] lgi        332  lgi params:  appid = 59e9f43a, work_dir = .  
[2017/12/10 16:55:34 363] lgi        346  auth_time_str=  2017/12/10 16:55:34  
[2017/12/10 16:55:34 363] lgi        352  auth_appid=  59e9f43a  
[2017/12/10 16:55:34 363] lgi        363  token:  nil  
[2017/12/10 16:55:34 363] lgi        433  msc cver : 5.0.34.1166  
[2017/12/10 16:55:34 363] lgi        476  ns_enable=  1  
[2017/12/10 16:55:34 363] lgi        488  prot_ver=1  
[2017/12/10 16:55:34 363] lgi        499  prot_type=tcp  
[2017/12/10 16:55:34 363] lgi        650  SYS_MSG_UNLOAD  go bg!  
============================================================
Time  2017/12/11 09:25:56 870 
============================================================
[2017/12/11 09:25:56 870] lgi        641  SYS_MSG_LOAD  
[2017/12/11 09:25:56 871] lgi        663  SYS_MSG_REGCB  msp_status_cb  func(b4013510) 
[2017/12/11 09:25:56 872] lgi        292  LGI_MSG_INIT  
[2017/12/11 09:25:56 872] lgi        299  lgi  lgi_  268436457  1504340430  
[2017/12/11 09:25:56 872] lgi        332  lgi params:  appid = 59e9f43a, work_dir = .  
[2017/12/11 09:25:56 872] lgi        346  auth_time_str=  2017/12/11 09:25:56  
[2017/12/11 09:25:56 872] lgi        352  auth_appid=  59e9f43a  
[2017/12/11 09:25:56 872] lgi        363  token:  nil  
[2017/12/11 09:25:56 872] lgi        433  msc cver : 5.0.34.1166  
[2017/12/11 09:25:56 872] lgi        476  ns_enable=  1  
[2017/12/11 09:25:56 872] lgi        488  prot_ver=1  
[2017/12/11 09:25:56 872] lgi        499  prot_type=tcp  
[2017/12/11 09:25:56 872] lgi        650  SYS_MSG_UNLOAD  go bg!  
[2017/12/11 09:26:02 994] lgi        654  SYS_MSG_SHUTDOWN  
============================================================
Time  2017/12/11 09:34:03 113 
============================================================
[2017/12/11 09:34:03 113] lgi        641  SYS_MSG_LOAD  
[2017/12/11 09:34:03 114] lgi        663  SYS_MSG_REGCB  msp_status_cb  func(84015f00) 
[2017/12/11 09:34:03 115] lgi        292  LGI_MSG_INIT  
[2017/12/11 09:34:03 115] lgi        299  lgi  lgi_  268436457  1504340430  
[2017/12/11 09:34:03 115] lgi        332  lgi params:  appid = 59e9f43a, work_dir = .  
[2017/12/11 09:34:03 115] lgi        346  auth_time_str=  2017/12/11 09:34:03  
[2017/12/11 09:34:03 115] lgi        352  auth_appid=  59e9f43a  
[2017/12/11 09:34:03 115] lgi        363  token:  nil  
[2017/12/11 09:34:03 115] lgi        433  msc cver : 5.0.34.1166  
[2017/12/11 09:34:03 115] lgi        476  ns_enable=  1  
[2017/12/11 09:34:03 115] lgi        488  prot_ver=1  
[2017/12/11 09:34:03 115] lgi        499  prot_type=tcp  
[2017/12/11 09:34:03 116] lgi        650  SYS_MSG_UNLOAD  go bg!  
============================================================
Time  2017/12/11 10:00:10 511 
============================================================
[2017/12/11 10:00:10 511] lgi        641  SYS_MSG_LOAD  
[2017/12/11 10:00:10 512] lgi        663  SYS_MSG_REGCB  msp_status_cb  func(2c015f00) 
[2017/12/11 10:00:10 512] lgi        292  LGI_MSG_INIT  
[2017/12/11 10:00:10 512] lgi        299  lgi  lgi_  268436457  1504340430  
[2017/12/11 10:00:10 513] lgi        332  lgi params:  appid = 59e9f43a, work_dir = .  
[2017/12/11 10:00:10 513] lgi        346  auth_time_str=  2017/12/11 10:00:10  
[2017/12/11 10:00:10 513] lgi        352  auth_appid=  59e9f43a  
[2017/12/11 10:00:10 513] lgi        363  token:  nil  
[2017/12/11 10:00:10 513] lgi        433  msc cver : 5.0.34.1166  
[2017/12/11 10:00:10 513] lgi        476  ns_enable=  1  
[2017/12/11 10:00:10 513] lgi        488  prot_ver=1  
[2017/12/11 10:00:10 513] lgi        499  prot_type=tcp  
[2017/12/11 10:00:10 513] lgi        650  SYS_MSG_UNLOAD  go bg!  
============================================================
Time  2017/12/11 10:16:05 641 
============================================================
[2017/12/11 10:16:05 641] lgi        641  SYS_MSG_LOAD  
[2017/12/11 10:16:05 642] lgi        663  SYS_MSG_REGCB  msp_status_cb  func(b0013510) 
[2017/12/11 10:16:05 642] lgi        292  LGI_MSG_INIT  
[2017/12/11 10:16:05 642] lgi        299  lgi  lgi_  268436457  1504340430  
[2017/12/11 10:16:05 642] lgi        332  lgi params:  appid = 59e9f43a, work_dir = .  
[2017/12/11 10:16:05 643] lgi        346  auth_time_str=  2017/12/11 10:16:05  
[2017/12/11 10:16:05 643] lgi        352  auth_appid=  59e9f43a  
[2017/12/11 10:16:05 643] lgi        363  token:  nil  
[2017/12/11 10:16:05 643] lgi        433  msc cver : 5.0.34.1166  
[2017/12/11 10:16:05 643] lgi        476  ns_enable=  1  
[2017/12/11 10:16:05 643] lgi        488  prot_ver=1  
[2017/12/11 10:16:05 643] lgi        499  prot_type=tcp  
[2017/12/11 10:16:05 643] lgi        650  SYS_MSG_UNLOAD  go bg!  
